==2583== Memcheck, a memory error detector
==2583== Copyright (C) 2002-2017, and GNU GPL'd, by Julian Seward et al.
==2583== Using Valgrind-3.16.1-36d6727e1d-20200622X and LibVEX; rerun with -h for copyright info
==2583== Command: ./fastF filter -R ../data/test_R1.fastq.gz -r ../data/test_R2.fastq.gz -o ../data/test -w ../data/temp.txt
==2583== Parent PID: 27750
==2583== 
--2583-- 
--2583-- Valgrind options:
--2583--    --trace-children=yes
--2583--    --show-leak-kinds=all
--2583--    --leak-check=full
--2583--    -v
--2583--    --track-origins=yes
--2583--    --dsymutil=yes
--2583--    --log-file=vg_logfile_%p.out
--2583-- Contents of /proc/version:
--2583--   Linux version 3.10.0-1127.el7.x86_64 (mockbuild@kbuilder.bsys.centos.org) (gcc version 4.8.5 20150623 (Red Hat 4.8.5-39) (GCC) ) #1 SMP Tue Mar 31 23:36:51 UTC 2020
--2583-- 
--2583-- Arch and hwcaps: AMD64, LittleEndian, amd64-cx16-lzcnt-rdtscp-sse3-ssse3-avx-avx2-bmi-f16c-rdrand
--2583-- Page sizes: currently 4096, max supported 4096
--2583-- Valgrind library directory: /hpc/apps/valgrind/3.16.1/lib/valgrind
--2583-- Reading syms from /scratch/u/yu89975/fastF/build/fastF
--2583-- Reading syms from /usr/lib64/ld-2.17.so
--2583-- Reading syms from /hpc/apps/valgrind/3.16.1/lib/valgrind/memcheck-amd64-linux
--2583--    object doesn't have a dynamic symbol table
--2583-- Scheduler: using generic scheduler lock implementation.
--2583-- Reading suppressions file: /hpc/apps/valgrind/3.16.1/lib/valgrind/default.supp
==2583== embedded gdbserver: reading from /tmp/vgdb-pipe-from-vgdb-to-2583-by-yu89975-on-ln01
==2583== embedded gdbserver: writing to   /tmp/vgdb-pipe-to-vgdb-from-2583-by-yu89975-on-ln01
==2583== embedded gdbserver: shared mem   /tmp/vgdb-pipe-shared-mem-vgdb-2583-by-yu89975-on-ln01
==2583== 
==2583== TO CONTROL THIS PROCESS USING vgdb (which you probably
==2583== don't want to do, unless you know exactly what you're doing,
==2583== or are doing some strange experiment):
==2583==   /hpc/apps/valgrind/3.16.1/lib/valgrind/../../bin/vgdb --pid=2583 ...command...
==2583== 
==2583== TO DEBUG THIS PROCESS USING GDB: start GDB like this
==2583==   /path/to/gdb ./fastF
==2583== and then give GDB the following command
==2583==   target remote | /hpc/apps/valgrind/3.16.1/lib/valgrind/../../bin/vgdb --pid=2583
==2583== --pid is optional if only one valgrind process is running
==2583== 
--2583-- REDIR: 0x4019e30 (ld-linux-x86-64.so.2:strlen) redirected to 0x580cb245 (vgPlain_amd64_linux_REDIR_FOR_strlen)
--2583-- REDIR: 0x4019c00 (ld-linux-x86-64.so.2:index) redirected to 0x580cb25f (vgPlain_amd64_linux_REDIR_FOR_index)
--2583-- Reading syms from /hpc/apps/valgrind/3.16.1/lib/valgrind/vgpreload_core-amd64-linux.so
--2583-- Reading syms from /hpc/apps/valgrind/3.16.1/lib/valgrind/vgpreload_memcheck-amd64-linux.so
==2583== WARNING: new redirection conflicts with existing -- ignoring it
--2583--     old: 0x04019e30 (strlen              ) R-> (0000.0) 0x580cb245 vgPlain_amd64_linux_REDIR_FOR_strlen
--2583--     new: 0x04019e30 (strlen              ) R-> (2007.0) 0x04c2d1b0 strlen
--2583-- REDIR: 0x4019db0 (ld-linux-x86-64.so.2:strcmp) redirected to 0x4c2e300 (strcmp)
--2583-- REDIR: 0x401aa70 (ld-linux-x86-64.so.2:mempcpy) redirected to 0x4c31f90 (mempcpy)
--2583-- Reading syms from /usr/lib64/libz.so.1.2.7
--2583--    object doesn't have a symbol table
--2583-- Reading syms from /usr/lib64/libpthread-2.17.so
--2583-- Reading syms from /usr/lib64/libc-2.17.so
--2583-- REDIR: 0x52f9130 (libc.so.6:strcasecmp) redirected to 0x4a247a0 (_vgnU_ifunc_wrapper)
--2583-- REDIR: 0x52f5eb0 (libc.so.6:strnlen) redirected to 0x4a247a0 (_vgnU_ifunc_wrapper)
--2583-- REDIR: 0x52fb400 (libc.so.6:strncasecmp) redirected to 0x4a247a0 (_vgnU_ifunc_wrapper)
--2583-- REDIR: 0x52f8910 (libc.so.6:memset) redirected to 0x4a247a0 (_vgnU_ifunc_wrapper)
--2583-- REDIR: 0x52f88c0 (libc.so.6:memcpy@GLIBC_2.2.5) redirected to 0x4a247a0 (_vgnU_ifunc_wrapper)
--2583-- REDIR: 0x52f5d80 (libc.so.6:strlen) redirected to 0x4a247a0 (_vgnU_ifunc_wrapper)
--2583-- REDIR: 0x52f4330 (libc.so.6:strcmp) redirected to 0x4a247a0 (_vgnU_ifunc_wrapper)
--2583-- REDIR: 0x52fdad0 (libc.so.6:memcpy@@GLIBC_2.14) redirected to 0x4a247a0 (_vgnU_ifunc_wrapper)
--2583-- REDIR: 0x52f8a70 (libc.so.6:mempcpy) redirected to 0x4a247a0 (_vgnU_ifunc_wrapper)
--2583-- REDIR: 0x52f57c0 (libc.so.6:strcpy) redirected to 0x4a247a0 (_vgnU_ifunc_wrapper)
--2583-- REDIR: 0x52f4070 (libc.so.6:strcat) redirected to 0x4a247a0 (_vgnU_ifunc_wrapper)
--2583-- REDIR: 0x52f5dd0 (libc.so.6:__GI_strlen) redirected to 0x4c2d110 (__GI_strlen)
--2583-- REDIR: 0x52f78a0 (libc.so.6:__GI_strrchr) redirected to 0x4c2cb70 (__GI_strrchr)
--2583-- REDIR: 0x52f8970 (libc.so.6:__GI_memset) redirected to 0x4c30ee0 (memset)
--2583-- REDIR: 0x53c2fe0 (libc.so.6:__memmove_ssse3_back) redirected to 0x4c2e460 (memcpy@GLIBC_2.2.5)
--2583-- REDIR: 0x53a7d90 (libc.so.6:__strcmp_sse42) redirected to 0x4c2e2b0 (__strcmp_sse42)
--2583-- REDIR: 0x52ff3c0 (libc.so.6:strchrnul) redirected to 0x4c31ab0 (strchrnul)
--2583-- REDIR: 0x52f8ae0 (libc.so.6:__GI_mempcpy) redirected to 0x4c31cc0 (__GI_mempcpy)
--2583-- REDIR: 0x52eead0 (libc.so.6:free) redirected to 0x4c2afe6 (free)
--2583-- REDIR: 0x52ee6b0 (libc.so.6:malloc) redirected to 0x4c29eec (malloc)
--2583-- REDIR: 0x53d8680 (libc.so.6:__strlen_sse2_pminub) redirected to 0x4c2d0f0 (strlen)
--2583-- REDIR: 0x53036e0 (libc.so.6:__strcpy_sse2_unaligned) redirected to 0x4c2d1d0 (strcpy)
--2583-- REDIR: 0x530e920 (libc.so.6:__GI_strstr) redirected to 0x4c32220 (__strstr_sse2)
--2583-- REDIR: 0x52f7fa0 (libc.so.6:memchr) redirected to 0x4c2e3a0 (memchr)
--2583-- REDIR: 0x52fdb40 (libc.so.6:__GI_memcpy) redirected to 0x4c2efb0 (__GI_memcpy)
--2583-- REDIR: 0x53bda40 (libc.so.6:__memcpy_ssse3_back) redirected to 0x4c2e7b0 (memcpy@@GLIBC_2.14)
--2583-- REDIR: 0x52f7820 (libc.so.6:strncpy) redirected to 0x4a247a0 (_vgnU_ifunc_wrapper)
--2583-- REDIR: 0x5303d10 (libc.so.6:__strncpy_sse2_unaligned) redirected to 0x4c2d780 (__strncpy_sse2_unaligned)
==2583== Conditional jump or move depends on uninitialised value(s)
==2583==    at 0x4E3B54C: deflate (in /usr/lib64/libz.so.1.2.7)
==2583==    by 0x4E44DE5: ??? (in /usr/lib64/libz.so.1.2.7)
==2583==    by 0x4E455F1: gzclose_w (in /usr/lib64/libz.so.1.2.7)
==2583==    by 0x401F06: cmd_filter (main.c:224)
==2583==    by 0x4020B1: main (main.c:265)
==2583==  Uninitialised value was created by a heap allocation
==2583==    at 0x4C29F73: malloc (vg_replace_malloc.c:307)
==2583==    by 0x4E43A09: ??? (in /usr/lib64/libz.so.1.2.7)
==2583==    by 0x401CCA: cmd_filter (main.c:171)
==2583==    by 0x4020B1: main (main.c:265)
==2583== 
==2583== 
==2583== HEAP SUMMARY:
==2583==     in use at exit: 0 bytes in 0 blocks
==2583==   total heap usage: 22,547 allocs, 22,547 frees, 16,231,014 bytes allocated
==2583== 
==2583== All heap blocks were freed -- no leaks are possible
==2583== 
==2583== ERROR SUMMARY: 4 errors from 1 contexts (suppressed: 0 from 0)
==2583== 
==2583== 4 errors in context 1 of 1:
==2583== Conditional jump or move depends on uninitialised value(s)
==2583==    at 0x4E3B54C: deflate (in /usr/lib64/libz.so.1.2.7)
==2583==    by 0x4E44DE5: ??? (in /usr/lib64/libz.so.1.2.7)
==2583==    by 0x4E455F1: gzclose_w (in /usr/lib64/libz.so.1.2.7)
==2583==    by 0x401F06: cmd_filter (main.c:224)
==2583==    by 0x4020B1: main (main.c:265)
==2583==  Uninitialised value was created by a heap allocation
==2583==    at 0x4C29F73: malloc (vg_replace_malloc.c:307)
==2583==    by 0x4E43A09: ??? (in /usr/lib64/libz.so.1.2.7)
==2583==    by 0x401CCA: cmd_filter (main.c:171)
==2583==    by 0x4020B1: main (main.c:265)
==2583== 
==2583== ERROR SUMMARY: 4 errors from 1 contexts (suppressed: 0 from 0)
