==31381== Memcheck, a memory error detector
==31381== Copyright (C) 2002-2017, and GNU GPL'd, by Julian Seward et al.
==31381== Using Valgrind-3.16.1-36d6727e1d-20200622X and LibVEX; rerun with -h for copyright info
==31381== Command: ./fastF whitelist -R ../data/test_R1.fastq.gz -o .
==31381== Parent PID: 26251
==31381== 
--31381-- 
--31381-- Valgrind options:
--31381--    --trace-children=yes
--31381--    --show-leak-kinds=all
--31381--    --leak-check=full
--31381--    -v
--31381--    --track-origins=yes
--31381--    --dsymutil=yes
--31381--    --log-file=vg_logfile_%p.out
--31381-- Contents of /proc/version:
--31381--   Linux version 3.10.0-1127.el7.x86_64 (mockbuild@kbuilder.bsys.centos.org) (gcc version 4.8.5 20150623 (Red Hat 4.8.5-39) (GCC) ) #1 SMP Tue Mar 31 23:36:51 UTC 2020
--31381-- 
--31381-- Arch and hwcaps: AMD64, LittleEndian, amd64-cx16-lzcnt-rdtscp-sse3-ssse3-avx-avx2-bmi-f16c-rdrand
--31381-- Page sizes: currently 4096, max supported 4096
--31381-- Valgrind library directory: /hpc/apps/valgrind/3.16.1/lib/valgrind
--31381-- Reading syms from /scratch/u/yu89975/fastF/build/fastF
--31381-- Reading syms from /usr/lib64/ld-2.17.so
--31381-- Reading syms from /hpc/apps/valgrind/3.16.1/lib/valgrind/memcheck-amd64-linux
--31381--    object doesn't have a dynamic symbol table
--31381-- Scheduler: using generic scheduler lock implementation.
--31381-- Reading suppressions file: /hpc/apps/valgrind/3.16.1/lib/valgrind/default.supp
==31381== embedded gdbserver: reading from /tmp/vgdb-pipe-from-vgdb-to-31381-by-yu89975-on-ln02
==31381== embedded gdbserver: writing to   /tmp/vgdb-pipe-to-vgdb-from-31381-by-yu89975-on-ln02
==31381== embedded gdbserver: shared mem   /tmp/vgdb-pipe-shared-mem-vgdb-31381-by-yu89975-on-ln02
==31381== 
==31381== TO CONTROL THIS PROCESS USING vgdb (which you probably
==31381== don't want to do, unless you know exactly what you're doing,
==31381== or are doing some strange experiment):
==31381==   /hpc/apps/valgrind/3.16.1/lib/valgrind/../../bin/vgdb --pid=31381 ...command...
==31381== 
==31381== TO DEBUG THIS PROCESS USING GDB: start GDB like this
==31381==   /path/to/gdb ./fastF
==31381== and then give GDB the following command
==31381==   target remote | /hpc/apps/valgrind/3.16.1/lib/valgrind/../../bin/vgdb --pid=31381
==31381== --pid is optional if only one valgrind process is running
==31381== 
--31381-- REDIR: 0x4019e30 (ld-linux-x86-64.so.2:strlen) redirected to 0x580cb245 (vgPlain_amd64_linux_REDIR_FOR_strlen)
--31381-- REDIR: 0x4019c00 (ld-linux-x86-64.so.2:index) redirected to 0x580cb25f (vgPlain_amd64_linux_REDIR_FOR_index)
--31381-- Reading syms from /hpc/apps/valgrind/3.16.1/lib/valgrind/vgpreload_core-amd64-linux.so
--31381-- Reading syms from /hpc/apps/valgrind/3.16.1/lib/valgrind/vgpreload_memcheck-amd64-linux.so
==31381== WARNING: new redirection conflicts with existing -- ignoring it
--31381--     old: 0x04019e30 (strlen              ) R-> (0000.0) 0x580cb245 vgPlain_amd64_linux_REDIR_FOR_strlen
--31381--     new: 0x04019e30 (strlen              ) R-> (2007.0) 0x04c2d1b0 strlen
--31381-- REDIR: 0x4019db0 (ld-linux-x86-64.so.2:strcmp) redirected to 0x4c2e300 (strcmp)
--31381-- REDIR: 0x401aa70 (ld-linux-x86-64.so.2:mempcpy) redirected to 0x4c31f90 (mempcpy)
--31381-- Reading syms from /usr/lib64/libz.so.1.2.7
--31381--    object doesn't have a symbol table
--31381-- Reading syms from /usr/lib64/libpthread-2.17.so
--31381-- Reading syms from /usr/lib64/libc-2.17.so
--31381-- REDIR: 0x52f9130 (libc.so.6:strcasecmp) redirected to 0x4a247a0 (_vgnU_ifunc_wrapper)
--31381-- REDIR: 0x52f5eb0 (libc.so.6:strnlen) redirected to 0x4a247a0 (_vgnU_ifunc_wrapper)
--31381-- REDIR: 0x52fb400 (libc.so.6:strncasecmp) redirected to 0x4a247a0 (_vgnU_ifunc_wrapper)
--31381-- REDIR: 0x52f8910 (libc.so.6:memset) redirected to 0x4a247a0 (_vgnU_ifunc_wrapper)
--31381-- REDIR: 0x52f88c0 (libc.so.6:memcpy@GLIBC_2.2.5) redirected to 0x4a247a0 (_vgnU_ifunc_wrapper)
--31381-- REDIR: 0x52f5d80 (libc.so.6:strlen) redirected to 0x4a247a0 (_vgnU_ifunc_wrapper)
--31381-- REDIR: 0x52f4330 (libc.so.6:strcmp) redirected to 0x4a247a0 (_vgnU_ifunc_wrapper)
--31381-- REDIR: 0x52fdad0 (libc.so.6:memcpy@@GLIBC_2.14) redirected to 0x4a247a0 (_vgnU_ifunc_wrapper)
--31381-- REDIR: 0x52f8a70 (libc.so.6:mempcpy) redirected to 0x4a247a0 (_vgnU_ifunc_wrapper)
--31381-- REDIR: 0x52f57c0 (libc.so.6:strcpy) redirected to 0x4a247a0 (_vgnU_ifunc_wrapper)
--31381-- REDIR: 0x52f4070 (libc.so.6:strcat) redirected to 0x4a247a0 (_vgnU_ifunc_wrapper)
--31381-- REDIR: 0x52f5dd0 (libc.so.6:__GI_strlen) redirected to 0x4c2d110 (__GI_strlen)
--31381-- REDIR: 0x52f78a0 (libc.so.6:__GI_strrchr) redirected to 0x4c2cb70 (__GI_strrchr)
--31381-- REDIR: 0x52f8970 (libc.so.6:__GI_memset) redirected to 0x4c30ee0 (memset)
--31381-- REDIR: 0x53c2fe0 (libc.so.6:__memmove_ssse3_back) redirected to 0x4c2e460 (memcpy@GLIBC_2.2.5)
--31381-- REDIR: 0x53a7d90 (libc.so.6:__strcmp_sse42) redirected to 0x4c2e2b0 (__strcmp_sse42)
--31381-- REDIR: 0x52ee6b0 (libc.so.6:malloc) redirected to 0x4c29eec (malloc)
--31381-- REDIR: 0x53d8680 (libc.so.6:__strlen_sse2_pminub) redirected to 0x4c2d0f0 (strlen)
--31381-- REDIR: 0x53036e0 (libc.so.6:__strcpy_sse2_unaligned) redirected to 0x4c2d1d0 (strcpy)
--31381-- REDIR: 0x53bda40 (libc.so.6:__memcpy_ssse3_back) redirected to 0x4c2e7b0 (memcpy@@GLIBC_2.14)
--31381-- REDIR: 0x52f7fa0 (libc.so.6:memchr) redirected to 0x4c2e3a0 (memchr)
--31381-- REDIR: 0x52f7820 (libc.so.6:strncpy) redirected to 0x4a247a0 (_vgnU_ifunc_wrapper)
--31381-- REDIR: 0x5303d10 (libc.so.6:__strncpy_sse2_unaligned) redirected to 0x4c2d780 (__strncpy_sse2_unaligned)
==31381== Use of uninitialised value of size 8
==31381==    at 0x4C2D1F0: strcpy (vg_replace_strmem.c:511)
==31381==    by 0x402299: insert_tree (fastq_filter.c:80)
==31381==    by 0x4038B5: cell_counts (count.c:15)
==31381==    by 0x40159C: cmd_whitelist (main.c:57)
==31381==    by 0x401FC6: main (main.c:242)
==31381==  Uninitialised value was created by a heap allocation
==31381==    at 0x4C29F73: malloc (vg_replace_malloc.c:307)
==31381==    by 0x40227F: insert_tree (fastq_filter.c:79)
==31381==    by 0x4038B5: cell_counts (count.c:15)
==31381==    by 0x40159C: cmd_whitelist (main.c:57)
==31381==    by 0x401FC6: main (main.c:242)
==31381== 
==31381== Invalid write of size 1
==31381==    at 0x4C2D1F0: strcpy (vg_replace_strmem.c:511)
==31381==    by 0x402299: insert_tree (fastq_filter.c:80)
==31381==    by 0x4038B5: cell_counts (count.c:15)
==31381==    by 0x40159C: cmd_whitelist (main.c:57)
==31381==    by 0x401FC6: main (main.c:242)
==31381==  Address 0x0 is not stack'd, malloc'd or (recently) free'd
==31381== 
==31381== 
==31381== Process terminating with default action of signal 11 (SIGSEGV)
==31381==  Access not within mapped region at address 0x0
==31381==    at 0x4C2D1F0: strcpy (vg_replace_strmem.c:511)
==31381==    by 0x402299: insert_tree (fastq_filter.c:80)
==31381==    by 0x4038B5: cell_counts (count.c:15)
==31381==    by 0x40159C: cmd_whitelist (main.c:57)
==31381==    by 0x401FC6: main (main.c:242)
==31381==  If you believe this happened as a result of a stack
==31381==  overflow in your program's main thread (unlikely but
==31381==  possible), you can try to increase the size of the
==31381==  main thread stack using the --main-stacksize= flag.
==31381==  The main thread stack size used in this run was 8388608.
--31381-- REDIR: 0x52eead0 (libc.so.6:free) redirected to 0x4c2afe6 (free)
==31381== 
==31381== HEAP SUMMARY:
==31381==     in use at exit: 65,220 bytes in 12 blocks
==31381==   total heap usage: 12 allocs, 0 frees, 65,220 bytes allocated
==31381== 
==31381== Searching for pointers to 12 not-freed blocks
==31381== Checked 158,744 bytes
==31381== 
==31381== 24 bytes in 1 blocks are still reachable in loss record 1 of 12
==31381==    at 0x4C29F73: malloc (vg_replace_malloc.c:307)
==31381==    by 0x40201C: get_fastq (fastq_filter.c:16)
==31381==    by 0x403879: cell_counts (count.c:9)
==31381==    by 0x40159C: cmd_whitelist (main.c:57)
==31381==    by 0x401FC6: main (main.c:242)
==31381== 
==31381== 25 bytes in 1 blocks are still reachable in loss record 2 of 12
==31381==    at 0x4C29F73: malloc (vg_replace_malloc.c:307)
==31381==    by 0x4E43AF0: ??? (in /usr/lib64/libz.so.1.2.7)
==31381==    by 0x40155E: cmd_whitelist (main.c:49)
==31381==    by 0x401FC6: main (main.c:242)
==31381== 
==31381== 27 bytes in 1 blocks are still reachable in loss record 3 of 12
==31381==    at 0x4C29F73: malloc (vg_replace_malloc.c:307)
==31381==    by 0x402695: substring (fastq_filter.c:217)
==31381==    by 0x40389E: cell_counts (count.c:14)
==31381==    by 0x40159C: cmd_whitelist (main.c:57)
==31381==    by 0x401FC6: main (main.c:242)
==31381== 
==31381== 32 bytes in 1 blocks are still reachable in loss record 4 of 12
==31381==    at 0x4C29F73: malloc (vg_replace_malloc.c:307)
==31381==    by 0x40227F: insert_tree (fastq_filter.c:79)
==31381==    by 0x4038B5: cell_counts (count.c:15)
==31381==    by 0x40159C: cmd_whitelist (main.c:57)
==31381==    by 0x401FC6: main (main.c:242)
==31381== 
==31381== 128 bytes in 1 blocks are still reachable in loss record 5 of 12
==31381==    at 0x4C29F73: malloc (vg_replace_malloc.c:307)
==31381==    by 0x40202A: get_fastq (fastq_filter.c:17)
==31381==    by 0x403879: cell_counts (count.c:9)
==31381==    by 0x40159C: cmd_whitelist (main.c:57)
==31381==    by 0x401FC6: main (main.c:242)
==31381== 
==31381== 128 bytes in 1 blocks are still reachable in loss record 6 of 12
==31381==    at 0x4C29F73: malloc (vg_replace_malloc.c:307)
==31381==    by 0x40203E: get_fastq (fastq_filter.c:18)
==31381==    by 0x403879: cell_counts (count.c:9)
==31381==    by 0x40159C: cmd_whitelist (main.c:57)
==31381==    by 0x401FC6: main (main.c:242)
==31381== 
==31381== 128 bytes in 1 blocks are still reachable in loss record 7 of 12
==31381==    at 0x4C29F73: malloc (vg_replace_malloc.c:307)
==31381==    by 0x402053: get_fastq (fastq_filter.c:19)
==31381==    by 0x403879: cell_counts (count.c:9)
==31381==    by 0x40159C: cmd_whitelist (main.c:57)
==31381==    by 0x401FC6: main (main.c:242)
==31381== 
==31381== 232 bytes in 1 blocks are still reachable in loss record 8 of 12
==31381==    at 0x4C29F73: malloc (vg_replace_malloc.c:307)
==31381==    by 0x4E43A09: ??? (in /usr/lib64/libz.so.1.2.7)
==31381==    by 0x40155E: cmd_whitelist (main.c:49)
==31381==    by 0x401FC6: main (main.c:242)
==31381== 
==31381== 7,152 bytes in 1 blocks are still reachable in loss record 9 of 12
==31381==    at 0x4C29F73: malloc (vg_replace_malloc.c:307)
==31381==    by 0x4E3ECE2: inflateInit2_ (in /usr/lib64/libz.so.1.2.7)
==31381==    by 0x4E442A9: ??? (in /usr/lib64/libz.so.1.2.7)
==31381==    by 0x4E4455F: ??? (in /usr/lib64/libz.so.1.2.7)
==31381==    by 0x4E44B12: gzgets (in /usr/lib64/libz.so.1.2.7)
==31381==    by 0x40207C: get_fastq (fastq_filter.c:22)
==31381==    by 0x403879: cell_counts (count.c:9)
==31381==    by 0x40159C: cmd_whitelist (main.c:57)
==31381==    by 0x401FC6: main (main.c:242)
==31381== 
==31381== 8,192 bytes in 1 blocks are still reachable in loss record 10 of 12
==31381==    at 0x4C29F73: malloc (vg_replace_malloc.c:307)
==31381==    by 0x4E44233: ??? (in /usr/lib64/libz.so.1.2.7)
==31381==    by 0x4E4455F: ??? (in /usr/lib64/libz.so.1.2.7)
==31381==    by 0x4E44B12: gzgets (in /usr/lib64/libz.so.1.2.7)
==31381==    by 0x40207C: get_fastq (fastq_filter.c:22)
==31381==    by 0x403879: cell_counts (count.c:9)
==31381==    by 0x40159C: cmd_whitelist (main.c:57)
==31381==    by 0x401FC6: main (main.c:242)
==31381== 
==31381== 16,384 bytes in 1 blocks are still reachable in loss record 11 of 12
==31381==    at 0x4C29F73: malloc (vg_replace_malloc.c:307)
==31381==    by 0x4E44243: ??? (in /usr/lib64/libz.so.1.2.7)
==31381==    by 0x4E4455F: ??? (in /usr/lib64/libz.so.1.2.7)
==31381==    by 0x4E44B12: gzgets (in /usr/lib64/libz.so.1.2.7)
==31381==    by 0x40207C: get_fastq (fastq_filter.c:22)
==31381==    by 0x403879: cell_counts (count.c:9)
==31381==    by 0x40159C: cmd_whitelist (main.c:57)
==31381==    by 0x401FC6: main (main.c:242)
==31381== 
==31381== 32,768 bytes in 1 blocks are still reachable in loss record 12 of 12
==31381==    at 0x4C29F73: malloc (vg_replace_malloc.c:307)
==31381==    by 0x4E3EAD0: ??? (in /usr/lib64/libz.so.1.2.7)
==31381==    by 0x4E3F48F: inflate (in /usr/lib64/libz.so.1.2.7)
==31381==    by 0x4E443B9: ??? (in /usr/lib64/libz.so.1.2.7)
==31381==    by 0x4E4458D: ??? (in /usr/lib64/libz.so.1.2.7)
==31381==    by 0x4E44B12: gzgets (in /usr/lib64/libz.so.1.2.7)
==31381==    by 0x40207C: get_fastq (fastq_filter.c:22)
==31381==    by 0x403879: cell_counts (count.c:9)
==31381==    by 0x40159C: cmd_whitelist (main.c:57)
==31381==    by 0x401FC6: main (main.c:242)
==31381== 
==31381== LEAK SUMMARY:
==31381==    definitely lost: 0 bytes in 0 blocks
==31381==    indirectly lost: 0 bytes in 0 blocks
==31381==      possibly lost: 0 bytes in 0 blocks
==31381==    still reachable: 65,220 bytes in 12 blocks
==31381==         suppressed: 0 bytes in 0 blocks
==31381== 
==31381== ERROR SUMMARY: 2 errors from 2 contexts (suppressed: 0 from 0)
==31381== 
==31381== 1 errors in context 1 of 2:
==31381== Invalid write of size 1
==31381==    at 0x4C2D1F0: strcpy (vg_replace_strmem.c:511)
==31381==    by 0x402299: insert_tree (fastq_filter.c:80)
==31381==    by 0x4038B5: cell_counts (count.c:15)
==31381==    by 0x40159C: cmd_whitelist (main.c:57)
==31381==    by 0x401FC6: main (main.c:242)
==31381==  Address 0x0 is not stack'd, malloc'd or (recently) free'd
==31381== 
==31381== 
==31381== 1 errors in context 2 of 2:
==31381== Use of uninitialised value of size 8
==31381==    at 0x4C2D1F0: strcpy (vg_replace_strmem.c:511)
==31381==    by 0x402299: insert_tree (fastq_filter.c:80)
==31381==    by 0x4038B5: cell_counts (count.c:15)
==31381==    by 0x40159C: cmd_whitelist (main.c:57)
==31381==    by 0x401FC6: main (main.c:242)
==31381==  Uninitialised value was created by a heap allocation
==31381==    at 0x4C29F73: malloc (vg_replace_malloc.c:307)
==31381==    by 0x40227F: insert_tree (fastq_filter.c:79)
==31381==    by 0x4038B5: cell_counts (count.c:15)
==31381==    by 0x40159C: cmd_whitelist (main.c:57)
==31381==    by 0x401FC6: main (main.c:242)
==31381== 
==31381== ERROR SUMMARY: 2 errors from 2 contexts (suppressed: 0 from 0)
