==28079== Memcheck, a memory error detector
==28079== Copyright (C) 2002-2017, and GNU GPL'd, by Julian Seward et al.
==28079== Using Valgrind-3.16.1-36d6727e1d-20200622X and LibVEX; rerun with -h for copyright info
==28079== Command: ./fastF sample -b ../data/test.bam -c CR_CB.txt
==28079== Parent PID: 24281
==28079== 
--28079-- 
--28079-- Valgrind options:
--28079--    --trace-children=yes
--28079--    --show-leak-kinds=all
--28079--    --leak-check=full
--28079--    -v
--28079--    --track-origins=yes
--28079--    --dsymutil=yes
--28079--    --log-file=vg_logfile_%p.out
--28079-- Contents of /proc/version:
--28079--   Linux version 3.10.0-1127.el7.x86_64 (mockbuild@kbuilder.bsys.centos.org) (gcc version 4.8.5 20150623 (Red Hat 4.8.5-39) (GCC) ) #1 SMP Tue Mar 31 23:36:51 UTC 2020
--28079-- 
--28079-- Arch and hwcaps: AMD64, LittleEndian, amd64-cx16-lzcnt-rdtscp-sse3-ssse3-avx-avx2-bmi-f16c-rdrand
--28079-- Page sizes: currently 4096, max supported 4096
--28079-- Valgrind library directory: /hpc/apps/valgrind/3.16.1/lib/valgrind
--28079-- Reading syms from /scratch/u/yu89975/fastF/build/fastF
--28079-- Reading syms from /usr/lib64/ld-2.17.so
--28079-- Reading syms from /hpc/apps/valgrind/3.16.1/lib/valgrind/memcheck-amd64-linux
--28079--    object doesn't have a dynamic symbol table
--28079-- Scheduler: using generic scheduler lock implementation.
--28079-- Reading suppressions file: /hpc/apps/valgrind/3.16.1/lib/valgrind/default.supp
==28079== embedded gdbserver: reading from /tmp/vgdb-pipe-from-vgdb-to-28079-by-yu89975-on-ln01
==28079== embedded gdbserver: writing to   /tmp/vgdb-pipe-to-vgdb-from-28079-by-yu89975-on-ln01
==28079== embedded gdbserver: shared mem   /tmp/vgdb-pipe-shared-mem-vgdb-28079-by-yu89975-on-ln01
==28079== 
==28079== TO CONTROL THIS PROCESS USING vgdb (which you probably
==28079== don't want to do, unless you know exactly what you're doing,
==28079== or are doing some strange experiment):
==28079==   /hpc/apps/valgrind/3.16.1/lib/valgrind/../../bin/vgdb --pid=28079 ...command...
==28079== 
==28079== TO DEBUG THIS PROCESS USING GDB: start GDB like this
==28079==   /path/to/gdb ./fastF
==28079== and then give GDB the following command
==28079==   target remote | /hpc/apps/valgrind/3.16.1/lib/valgrind/../../bin/vgdb --pid=28079
==28079== --pid is optional if only one valgrind process is running
==28079== 
--28079-- REDIR: 0x4019e30 (ld-linux-x86-64.so.2:strlen) redirected to 0x580cb245 (vgPlain_amd64_linux_REDIR_FOR_strlen)
--28079-- REDIR: 0x4019c00 (ld-linux-x86-64.so.2:index) redirected to 0x580cb25f (vgPlain_amd64_linux_REDIR_FOR_index)
--28079-- Reading syms from /hpc/apps/valgrind/3.16.1/lib/valgrind/vgpreload_core-amd64-linux.so
--28079-- Reading syms from /hpc/apps/valgrind/3.16.1/lib/valgrind/vgpreload_memcheck-amd64-linux.so
==28079== WARNING: new redirection conflicts with existing -- ignoring it
--28079--     old: 0x04019e30 (strlen              ) R-> (0000.0) 0x580cb245 vgPlain_amd64_linux_REDIR_FOR_strlen
--28079--     new: 0x04019e30 (strlen              ) R-> (2007.0) 0x04c2d1b0 strlen
--28079-- REDIR: 0x4019db0 (ld-linux-x86-64.so.2:strcmp) redirected to 0x4c2e300 (strcmp)
--28079-- REDIR: 0x401aa70 (ld-linux-x86-64.so.2:mempcpy) redirected to 0x4c31f90 (mempcpy)
--28079-- Reading syms from /usr/lib64/libz.so.1.2.7
--28079--    object doesn't have a symbol table
--28079-- Reading syms from /usr/lib64/libpthread-2.17.so
--28079-- Reading syms from /scratch/u/yu89975/fastF/htslib/lib/libhts.so.1.17
--28079-- Reading syms from /usr/lib64/libc-2.17.so
--28079-- Reading syms from /usr/lib64/liblzma.so.5.2.2
--28079--    object doesn't have a symbol table
--28079-- Reading syms from /usr/lib64/libbz2.so.1.0.6
--28079--    object doesn't have a symbol table
--28079-- Reading syms from /usr/lib64/libm-2.17.so
--28079-- Reading syms from /usr/lib64/libcurl.so.4.3.0
--28079--    object doesn't have a symbol table
--28079-- Reading syms from /usr/lib64/libcrypto.so.1.0.2k
--28079--    object doesn't have a symbol table
--28079-- Reading syms from /usr/lib64/libidn.so.11.6.11
--28079--    object doesn't have a symbol table
--28079-- Reading syms from /usr/lib64/libssh2.so.1.0.1
--28079--    object doesn't have a symbol table
--28079-- Reading syms from /usr/lib64/libssl3.so
--28079--    object doesn't have a symbol table
--28079-- Reading syms from /usr/lib64/libsmime3.so
--28079--    object doesn't have a symbol table
--28079-- Reading syms from /usr/lib64/libnss3.so
--28079--    object doesn't have a symbol table
--28079-- Reading syms from /usr/lib64/libnssutil3.so
--28079--    object doesn't have a symbol table
--28079-- Reading syms from /usr/lib64/libplds4.so
--28079--    object doesn't have a symbol table
--28079-- Reading syms from /usr/lib64/libplc4.so
--28079--    object doesn't have a symbol table
--28079-- Reading syms from /usr/lib64/libnspr4.so
--28079--    object doesn't have a symbol table
--28079-- Reading syms from /usr/lib64/libdl-2.17.so
--28079-- Reading syms from /usr/lib64/libgssapi_krb5.so.2.2
--28079--    object doesn't have a symbol table
--28079-- Reading syms from /usr/lib64/libkrb5.so.3.3
--28079--    object doesn't have a symbol table
--28079-- Reading syms from /usr/lib64/libk5crypto.so.3.1
--28079--    object doesn't have a symbol table
--28079-- Reading syms from /usr/lib64/libcom_err.so.2.1
--28079--    object doesn't have a symbol table
--28079-- Reading syms from /usr/lib64/liblber-2.4.so.2.10.7
--28079--    object doesn't have a symbol table
--28079-- Reading syms from /usr/lib64/libldap-2.4.so.2.10.7
--28079--    object doesn't have a symbol table
--28079-- Reading syms from /usr/lib64/libssl.so.1.0.2k
--28079--    object doesn't have a symbol table
--28079-- Reading syms from /usr/lib64/librt-2.17.so
--28079-- Reading syms from /usr/lib64/libkrb5support.so.0.1
--28079--    object doesn't have a symbol table
--28079-- Reading syms from /usr/lib64/libkeyutils.so.1.5
--28079--    object doesn't have a symbol table
--28079-- Reading syms from /usr/lib64/libresolv-2.17.so
--28079-- Reading syms from /usr/lib64/libsasl2.so.3.0.0
--28079--    object doesn't have a symbol table
--28079-- Reading syms from /usr/lib64/libselinux.so.1
--28079--    object doesn't have a symbol table
--28079-- Reading syms from /usr/lib64/libcrypt-2.17.so
--28079-- Reading syms from /usr/lib64/libpcre.so.1.2.0
--28079--    object doesn't have a symbol table
--28079-- Reading syms from /usr/lib64/libfreebl3.so
--28079--    object doesn't have a symbol table
--28079-- REDIR: 0x52f9130 (libc.so.6:strcasecmp) redirected to 0x4a247a0 (_vgnU_ifunc_wrapper)
--28079-- REDIR: 0x52f5eb0 (libc.so.6:strnlen) redirected to 0x4a247a0 (_vgnU_ifunc_wrapper)
--28079-- REDIR: 0x52fb400 (libc.so.6:strncasecmp) redirected to 0x4a247a0 (_vgnU_ifunc_wrapper)
--28079-- REDIR: 0x52f8910 (libc.so.6:memset) redirected to 0x4a247a0 (_vgnU_ifunc_wrapper)
--28079-- REDIR: 0x52f88c0 (libc.so.6:memcpy@GLIBC_2.2.5) redirected to 0x4a247a0 (_vgnU_ifunc_wrapper)
--28079-- REDIR: 0x52f57c0 (libc.so.6:strcpy) redirected to 0x4a247a0 (_vgnU_ifunc_wrapper)
--28079-- REDIR: 0x52f5d80 (libc.so.6:strlen) redirected to 0x4a247a0 (_vgnU_ifunc_wrapper)
--28079-- REDIR: 0x52f4330 (libc.so.6:strcmp) redirected to 0x4a247a0 (_vgnU_ifunc_wrapper)
--28079-- REDIR: 0x52fdad0 (libc.so.6:memcpy@@GLIBC_2.14) redirected to 0x4a247a0 (_vgnU_ifunc_wrapper)
--28079-- REDIR: 0x52f8a70 (libc.so.6:mempcpy) redirected to 0x4a247a0 (_vgnU_ifunc_wrapper)
--28079-- REDIR: 0x52f7820 (libc.so.6:strncpy) redirected to 0x4a247a0 (_vgnU_ifunc_wrapper)
--28079-- REDIR: 0x52f90b0 (libc.so.6:stpncpy) redirected to 0x4a247a0 (_vgnU_ifunc_wrapper)
--28079-- REDIR: 0x52f4270 (libc.so.6:index) redirected to 0x4a247a0 (_vgnU_ifunc_wrapper)
--28079-- REDIR: 0x52f82f0 (libc.so.6:bcmp) redirected to 0x4a247a0 (_vgnU_ifunc_wrapper)
--28079-- REDIR: 0x52ff180 (libc.so.6:rawmemchr) redirected to 0x4a247a0 (_vgnU_ifunc_wrapper)
--28079-- REDIR: 0x52f4070 (libc.so.6:strcat) redirected to 0x4a247a0 (_vgnU_ifunc_wrapper)
--28079-- REDIR: 0x537e400 (libc.so.6:__memmove_chk) redirected to 0x4a247a0 (_vgnU_ifunc_wrapper)
--28079-- REDIR: 0x530eee0 (libc.so.6:strstr) redirected to 0x4a247a0 (_vgnU_ifunc_wrapper)
--28079-- REDIR: 0x52f7cd0 (libc.so.6:strspn) redirected to 0x4a247a0 (_vgnU_ifunc_wrapper)
--28079-- REDIR: 0x52f5f90 (libc.so.6:strncmp) redirected to 0x4a247a0 (_vgnU_ifunc_wrapper)
--28079-- REDIR: 0x52f7860 (libc.so.6:rindex) redirected to 0x4a247a0 (_vgnU_ifunc_wrapper)
--28079-- REDIR: 0x52f7940 (libc.so.6:strpbrk) redirected to 0x4a247a0 (_vgnU_ifunc_wrapper)
--28079-- REDIR: 0x52f5dd0 (libc.so.6:__GI_strlen) redirected to 0x4c2d110 (__GI_strlen)
--28079-- REDIR: 0x52f78a0 (libc.so.6:__GI_strrchr) redirected to 0x4c2cb70 (__GI_strrchr)
--28079-- REDIR: 0x52ee6b0 (libc.so.6:malloc) redirected to 0x4c29eec (malloc)
--28079-- REDIR: 0x52fdb40 (libc.so.6:__GI_memcpy) redirected to 0x4c2efb0 (__GI_memcpy)
--28079-- REDIR: 0x52eead0 (libc.so.6:free) redirected to 0x4c2afe6 (free)
--28079-- REDIR: 0x52f8970 (libc.so.6:__GI_memset) redirected to 0x4c30ee0 (memset)
--28079-- REDIR: 0x53c2fe0 (libc.so.6:__memmove_ssse3_back) redirected to 0x4c2e460 (memcpy@GLIBC_2.2.5)
--28079-- REDIR: 0x53a7d90 (libc.so.6:__strcmp_sse42) redirected to 0x4c2e2b0 (__strcmp_sse42)
--28079-- REDIR: 0x52ff3c0 (libc.so.6:strchrnul) redirected to 0x4c31ab0 (strchrnul)
--28079-- REDIR: 0x530e920 (libc.so.6:__GI_strstr) redirected to 0x4c32220 (__strstr_sse2)
--28079-- REDIR: 0x52f7fa0 (libc.so.6:memchr) redirected to 0x4c2e3a0 (memchr)
--28079-- REDIR: 0x5303d10 (libc.so.6:__strncpy_sse2_unaligned) redirected to 0x4c2d780 (__strncpy_sse2_unaligned)
--28079-- REDIR: 0x53a7ce0 (libc.so.6:__strchr_sse42) redirected to 0x4c2cd60 (index)
--28079-- REDIR: 0x53a9cc0 (libc.so.6:__strstr_sse42) redirected to 0x4c322b0 (__strstr_sse42)
--28079-- REDIR: 0x52ef0d0 (libc.so.6:calloc) redirected to 0x4c2bff3 (calloc)
--28079-- REDIR: 0x53bda40 (libc.so.6:__memcpy_ssse3_back) redirected to 0x4c2e7b0 (memcpy@@GLIBC_2.14)
--28079-- REDIR: 0x53d8680 (libc.so.6:__strlen_sse2_pminub) redirected to 0x4c2d0f0 (strlen)
--28079-- REDIR: 0x52eebb0 (libc.so.6:realloc) redirected to 0x4c2c1c5 (realloc)
--28079-- REDIR: 0x52f8ae0 (libc.so.6:__GI_mempcpy) redirected to 0x4c31cc0 (__GI_mempcpy)
==28079== 
==28079== HEAP SUMMARY:
==28079==     in use at exit: 0 bytes in 0 blocks
==28079==   total heap usage: 646 allocs, 646 frees, 290,040 bytes allocated
==28079== 
==28079== All heap blocks were freed -- no leaks are possible
==28079== 
==28079== ERROR SUMMARY: 0 errors from 0 contexts (suppressed: 0 from 0)
