==61519== Memcheck, a memory error detector
==61519== Copyright (C) 2002-2017, and GNU GPL'd, by Julian Seward et al.
==61519== Using Valgrind-3.15.0-608cb11914-20190413 and LibVEX; rerun with -h for copyright info
==61519== Command: ./fastF -w /home/rstudio/Frag/data/whitelist.txt -r 1.0 -i /home/rstudio/Frag/data -o /home/rstudio/Frag/data/ -a filtered
==61519== Parent PID: 63073
==61519== 
--61519-- 
--61519-- Valgrind options:
--61519--    --show-leak-kinds=all
--61519--    --leak-check=full
--61519--    -v
--61519--    --track-origins=yes
--61519--    --dsymutil=yes
--61519--    --log-file=vg_logfile.out
--61519-- Contents of /proc/version:
--61519--   Linux version 5.10.104-linuxkit (root@buildkitsandbox) (gcc (Alpine 10.2.1_pre1) 10.2.1 20201203, GNU ld (GNU Binutils) 2.35.2) #1 SMP Thu Mar 17 17:08:06 UTC 2022
--61519-- 
--61519-- Arch and hwcaps: AMD64, LittleEndian, amd64-cx16-lzcnt-sse3-ssse3-avx-avx2-bmi-f16c-rdrand
--61519-- Page sizes: currently 4096, max supported 4096
--61519-- Valgrind library directory: /usr/lib/x86_64-linux-gnu/valgrind
--61519-- Reading syms from /home/fastF/build/fastF
--61519-- Reading syms from /usr/lib/x86_64-linux-gnu/ld-2.31.so
--61519--   Considering /usr/lib/debug/.build-id/45/87364908de169dec62ffa538170118c1c3a078.debug ..
--61519--   .. build-id is valid
--61519-- Reading syms from /usr/lib/x86_64-linux-gnu/valgrind/memcheck-amd64-linux
--61519--    object doesn't have a symbol table
--61519--    object doesn't have a dynamic symbol table
--61519-- Scheduler: using generic scheduler lock implementation.
--61519-- Reading suppressions file: /usr/lib/x86_64-linux-gnu/valgrind/default.supp
==61519== embedded gdbserver: reading from /tmp/vgdb-pipe-from-vgdb-to-61519-by-???-on-e600d1e0a389
==61519== embedded gdbserver: writing to   /tmp/vgdb-pipe-to-vgdb-from-61519-by-???-on-e600d1e0a389
==61519== embedded gdbserver: shared mem   /tmp/vgdb-pipe-shared-mem-vgdb-61519-by-???-on-e600d1e0a389
==61519== 
==61519== TO CONTROL THIS PROCESS USING vgdb (which you probably
==61519== don't want to do, unless you know exactly what you're doing,
==61519== or are doing some strange experiment):
==61519==   /usr/lib/x86_64-linux-gnu/valgrind/../../bin/vgdb --pid=61519 ...command...
==61519== 
==61519== TO DEBUG THIS PROCESS USING GDB: start GDB like this
==61519==   /path/to/gdb ./fastF
==61519== and then give GDB the following command
==61519==   target remote | /usr/lib/x86_64-linux-gnu/valgrind/../../bin/vgdb --pid=61519
==61519== --pid is optional if only one valgrind process is running
==61519== 
--61519-- REDIR: 0x4022e20 (ld-linux-x86-64.so.2:strlen) redirected to 0x580c9ce2 (???)
--61519-- REDIR: 0x4022bf0 (ld-linux-x86-64.so.2:index) redirected to 0x580c9cfc (???)
--61519-- Reading syms from /usr/lib/x86_64-linux-gnu/valgrind/vgpreload_core-amd64-linux.so
--61519--    object doesn't have a symbol table
--61519-- Reading syms from /usr/lib/x86_64-linux-gnu/valgrind/vgpreload_memcheck-amd64-linux.so
--61519--    object doesn't have a symbol table
==61519== WARNING: new redirection conflicts with existing -- ignoring it
--61519--     old: 0x04022e20 (strlen              ) R-> (0000.0) 0x580c9ce2 ???
--61519--     new: 0x04022e20 (strlen              ) R-> (2007.0) 0x0483f060 strlen
--61519-- REDIR: 0x401f600 (ld-linux-x86-64.so.2:strcmp) redirected to 0x483ffd0 (strcmp)
--61519-- REDIR: 0x4023380 (ld-linux-x86-64.so.2:mempcpy) redirected to 0x4843a20 (mempcpy)
--61519-- Reading syms from /usr/lib/x86_64-linux-gnu/libz.so.1.2.11
--61519--    object doesn't have a symbol table
--61519-- Reading syms from /usr/lib/x86_64-linux-gnu/libpthread-2.31.so
--61519--   Considering /usr/lib/debug/.build-id/7b/4536f41cdaa5888408e82d0836e33dcf436466.debug ..
--61519--   .. build-id is valid
--61519-- Reading syms from /usr/lib/x86_64-linux-gnu/libc-2.31.so
--61519--   Considering /usr/lib/debug/.build-id/18/78e6b475720c7c51969e69ab2d276fae6d1dee.debug ..
--61519--   .. build-id is valid
--61519-- REDIR: 0x4934480 (libc.so.6:memmove) redirected to 0x48311d0 (_vgnU_ifunc_wrapper)
--61519-- REDIR: 0x4933780 (libc.so.6:strncpy) redirected to 0x48311d0 (_vgnU_ifunc_wrapper)
--61519-- REDIR: 0x49347b0 (libc.so.6:strcasecmp) redirected to 0x48311d0 (_vgnU_ifunc_wrapper)
--61519-- REDIR: 0x49330a0 (libc.so.6:strcat) redirected to 0x48311d0 (_vgnU_ifunc_wrapper)
--61519-- REDIR: 0x49337e0 (libc.so.6:rindex) redirected to 0x48311d0 (_vgnU_ifunc_wrapper)
--61519-- REDIR: 0x4935c50 (libc.so.6:rawmemchr) redirected to 0x48311d0 (_vgnU_ifunc_wrapper)
--61519-- REDIR: 0x4950ce0 (libc.so.6:wmemchr) redirected to 0x48311d0 (_vgnU_ifunc_wrapper)
--61519-- REDIR: 0x4950820 (libc.so.6:wcscmp) redirected to 0x48311d0 (_vgnU_ifunc_wrapper)
--61519-- REDIR: 0x49345e0 (libc.so.6:mempcpy) redirected to 0x48311d0 (_vgnU_ifunc_wrapper)
--61519-- REDIR: 0x4934410 (libc.so.6:bcmp) redirected to 0x48311d0 (_vgnU_ifunc_wrapper)
--61519-- REDIR: 0x4933710 (libc.so.6:strncmp) redirected to 0x48311d0 (_vgnU_ifunc_wrapper)
--61519-- REDIR: 0x4933150 (libc.so.6:strcmp) redirected to 0x48311d0 (_vgnU_ifunc_wrapper)
--61519-- REDIR: 0x4934540 (libc.so.6:memset) redirected to 0x48311d0 (_vgnU_ifunc_wrapper)
--61519-- REDIR: 0x49507e0 (libc.so.6:wcschr) redirected to 0x48311d0 (_vgnU_ifunc_wrapper)
--61519-- REDIR: 0x4933670 (libc.so.6:strnlen) redirected to 0x48311d0 (_vgnU_ifunc_wrapper)
--61519-- REDIR: 0x4933230 (libc.so.6:strcspn) redirected to 0x48311d0 (_vgnU_ifunc_wrapper)
--61519-- REDIR: 0x4934800 (libc.so.6:strncasecmp) redirected to 0x48311d0 (_vgnU_ifunc_wrapper)
--61519-- REDIR: 0x49331d0 (libc.so.6:strcpy) redirected to 0x48311d0 (_vgnU_ifunc_wrapper)
--61519-- REDIR: 0x4934950 (libc.so.6:memcpy@@GLIBC_2.14) redirected to 0x48311d0 (_vgnU_ifunc_wrapper)
--61519-- REDIR: 0x4951f50 (libc.so.6:wcsnlen) redirected to 0x48311d0 (_vgnU_ifunc_wrapper)
--61519-- REDIR: 0x4950860 (libc.so.6:wcscpy) redirected to 0x48311d0 (_vgnU_ifunc_wrapper)
--61519-- REDIR: 0x4933820 (libc.so.6:strpbrk) redirected to 0x48311d0 (_vgnU_ifunc_wrapper)
--61519-- REDIR: 0x4933100 (libc.so.6:index) redirected to 0x48311d0 (_vgnU_ifunc_wrapper)
--61519-- REDIR: 0x4933630 (libc.so.6:strlen) redirected to 0x48311d0 (_vgnU_ifunc_wrapper)
--61519-- REDIR: 0x493cbb0 (libc.so.6:memrchr) redirected to 0x48311d0 (_vgnU_ifunc_wrapper)
--61519-- REDIR: 0x4934850 (libc.so.6:strcasecmp_l) redirected to 0x48311d0 (_vgnU_ifunc_wrapper)
--61519-- REDIR: 0x49343d0 (libc.so.6:memchr) redirected to 0x48311d0 (_vgnU_ifunc_wrapper)
--61519-- REDIR: 0x4950930 (libc.so.6:wcslen) redirected to 0x48311d0 (_vgnU_ifunc_wrapper)
--61519-- REDIR: 0x4933ae0 (libc.so.6:strspn) redirected to 0x48311d0 (_vgnU_ifunc_wrapper)
--61519-- REDIR: 0x4934750 (libc.so.6:stpncpy) redirected to 0x48311d0 (_vgnU_ifunc_wrapper)
--61519-- REDIR: 0x49346f0 (libc.so.6:stpcpy) redirected to 0x48311d0 (_vgnU_ifunc_wrapper)
--61519-- REDIR: 0x4935c90 (libc.so.6:strchrnul) redirected to 0x48311d0 (_vgnU_ifunc_wrapper)
--61519-- REDIR: 0x49348a0 (libc.so.6:strncasecmp_l) redirected to 0x48311d0 (_vgnU_ifunc_wrapper)
--61519-- REDIR: 0x49342f0 (libc.so.6:strstr) redirected to 0x48311d0 (_vgnU_ifunc_wrapper)
--61519-- REDIR: 0x4a1c500 (libc.so.6:__strrchr_avx2) redirected to 0x483ea10 (rindex)
--61519-- REDIR: 0x4a1fb60 (libc.so.6:__memset_avx2_unaligned_erms) redirected to 0x48428e0 (memset)
--61519-- REDIR: 0x4a1c6d0 (libc.so.6:__strlen_avx2) redirected to 0x483ef40 (strlen)
--61519-- REDIR: 0x4a1f6e0 (libc.so.6:__memcpy_avx_unaligned_erms) redirected to 0x48429f0 (memmove)
--61519-- REDIR: 0x492e0e0 (libc.so.6:malloc) redirected to 0x483b780 (malloc)
--61519-- REDIR: 0x4a1c310 (libc.so.6:__strchrnul_avx2) redirected to 0x4843540 (strchrnul)
--61519-- REDIR: 0x4a1f6c0 (libc.so.6:__mempcpy_avx_unaligned_erms) redirected to 0x4843660 (mempcpy)
--61519-- REDIR: 0x492e6d0 (libc.so.6:free) redirected to 0x483c9d0 (free)
--61519-- REDIR: 0x4a18010 (libc.so.6:__strncmp_avx2) redirected to 0x483f670 (strncmp)
--61519-- REDIR: 0x4a1dc10 (libc.so.6:__strcpy_avx2) redirected to 0x483f090 (strcpy)
--61519-- REDIR: 0x494f3f0 (libc.so.6:__strstr_sse2_unaligned) redirected to 0x4843c20 (strstr)
--61519-- REDIR: 0x4933fa0 (libc.so.6:__GI_strstr) redirected to 0x4843ca0 (__strstr_sse2)
--61519-- REDIR: 0x4a18530 (libc.so.6:__memchr_avx2) redirected to 0x4840050 (memchr)
--61519-- REDIR: 0x4a17bd0 (libc.so.6:__strcmp_avx2) redirected to 0x483fed0 (strcmp)
--61519-- REDIR: 0x4a1dfa0 (libc.so.6:__strncpy_avx2) redirected to 0x483f230 (strncpy)
==61519== 
==61519== HEAP SUMMARY:
==61519==     in use at exit: 0 bytes in 0 blocks
==61519==   total heap usage: 16,848 allocs, 16,848 frees, 3,418,037 bytes allocated
==61519== 
==61519== All heap blocks were freed -- no leaks are possible
==61519== 
==61519== ERROR SUMMARY: 0 errors from 0 contexts (suppressed: 0 from 0)
