==1309== Memcheck, a memory error detector
==1309== Copyright (C) 2002-2017, and GNU GPL'd, by Julian Seward et al.
==1309== Using Valgrind-3.16.1-36d6727e1d-20200622X and LibVEX; rerun with -h for copyright info
==1309== Command: ./fastF filter -R ../data/test_R1.fastq.gz -r ../data/test_R2.fastq.gz -o ../data/test -w ../data/whitelist.txt
==1309== Parent PID: 27750
==1309== 
--1309-- 
--1309-- Valgrind options:
--1309--    --trace-children=yes
--1309--    --show-leak-kinds=all
--1309--    --leak-check=full
--1309--    -v
--1309--    --track-origins=yes
--1309--    --dsymutil=yes
--1309--    --log-file=vg_logfile_%p.out
--1309-- Contents of /proc/version:
--1309--   Linux version 3.10.0-1127.el7.x86_64 (mockbuild@kbuilder.bsys.centos.org) (gcc version 4.8.5 20150623 (Red Hat 4.8.5-39) (GCC) ) #1 SMP Tue Mar 31 23:36:51 UTC 2020
--1309-- 
--1309-- Arch and hwcaps: AMD64, LittleEndian, amd64-cx16-lzcnt-rdtscp-sse3-ssse3-avx-avx2-bmi-f16c-rdrand
--1309-- Page sizes: currently 4096, max supported 4096
--1309-- Valgrind library directory: /hpc/apps/valgrind/3.16.1/lib/valgrind
--1309-- Reading syms from /scratch/u/yu89975/fastF/build/fastF
--1309-- Reading syms from /usr/lib64/ld-2.17.so
--1309-- Reading syms from /hpc/apps/valgrind/3.16.1/lib/valgrind/memcheck-amd64-linux
--1309--    object doesn't have a dynamic symbol table
--1309-- Scheduler: using generic scheduler lock implementation.
--1309-- Reading suppressions file: /hpc/apps/valgrind/3.16.1/lib/valgrind/default.supp
==1309== embedded gdbserver: reading from /tmp/vgdb-pipe-from-vgdb-to-1309-by-yu89975-on-ln01
==1309== embedded gdbserver: writing to   /tmp/vgdb-pipe-to-vgdb-from-1309-by-yu89975-on-ln01
==1309== embedded gdbserver: shared mem   /tmp/vgdb-pipe-shared-mem-vgdb-1309-by-yu89975-on-ln01
==1309== 
==1309== TO CONTROL THIS PROCESS USING vgdb (which you probably
==1309== don't want to do, unless you know exactly what you're doing,
==1309== or are doing some strange experiment):
==1309==   /hpc/apps/valgrind/3.16.1/lib/valgrind/../../bin/vgdb --pid=1309 ...command...
==1309== 
==1309== TO DEBUG THIS PROCESS USING GDB: start GDB like this
==1309==   /path/to/gdb ./fastF
==1309== and then give GDB the following command
==1309==   target remote | /hpc/apps/valgrind/3.16.1/lib/valgrind/../../bin/vgdb --pid=1309
==1309== --pid is optional if only one valgrind process is running
==1309== 
--1309-- REDIR: 0x4019e30 (ld-linux-x86-64.so.2:strlen) redirected to 0x580cb245 (vgPlain_amd64_linux_REDIR_FOR_strlen)
--1309-- REDIR: 0x4019c00 (ld-linux-x86-64.so.2:index) redirected to 0x580cb25f (vgPlain_amd64_linux_REDIR_FOR_index)
--1309-- Reading syms from /hpc/apps/valgrind/3.16.1/lib/valgrind/vgpreload_core-amd64-linux.so
--1309-- Reading syms from /hpc/apps/valgrind/3.16.1/lib/valgrind/vgpreload_memcheck-amd64-linux.so
==1309== WARNING: new redirection conflicts with existing -- ignoring it
--1309--     old: 0x04019e30 (strlen              ) R-> (0000.0) 0x580cb245 vgPlain_amd64_linux_REDIR_FOR_strlen
--1309--     new: 0x04019e30 (strlen              ) R-> (2007.0) 0x04c2d1b0 strlen
--1309-- REDIR: 0x4019db0 (ld-linux-x86-64.so.2:strcmp) redirected to 0x4c2e300 (strcmp)
--1309-- REDIR: 0x401aa70 (ld-linux-x86-64.so.2:mempcpy) redirected to 0x4c31f90 (mempcpy)
--1309-- Reading syms from /usr/lib64/libz.so.1.2.7
--1309--    object doesn't have a symbol table
--1309-- Reading syms from /usr/lib64/libpthread-2.17.so
--1309-- Reading syms from /usr/lib64/libc-2.17.so
--1309-- REDIR: 0x52f9130 (libc.so.6:strcasecmp) redirected to 0x4a247a0 (_vgnU_ifunc_wrapper)
--1309-- REDIR: 0x52f5eb0 (libc.so.6:strnlen) redirected to 0x4a247a0 (_vgnU_ifunc_wrapper)
--1309-- REDIR: 0x52fb400 (libc.so.6:strncasecmp) redirected to 0x4a247a0 (_vgnU_ifunc_wrapper)
--1309-- REDIR: 0x52f8910 (libc.so.6:memset) redirected to 0x4a247a0 (_vgnU_ifunc_wrapper)
--1309-- REDIR: 0x52f88c0 (libc.so.6:memcpy@GLIBC_2.2.5) redirected to 0x4a247a0 (_vgnU_ifunc_wrapper)
--1309-- REDIR: 0x52f5d80 (libc.so.6:strlen) redirected to 0x4a247a0 (_vgnU_ifunc_wrapper)
--1309-- REDIR: 0x52f4330 (libc.so.6:strcmp) redirected to 0x4a247a0 (_vgnU_ifunc_wrapper)
--1309-- REDIR: 0x52fdad0 (libc.so.6:memcpy@@GLIBC_2.14) redirected to 0x4a247a0 (_vgnU_ifunc_wrapper)
--1309-- REDIR: 0x52f8a70 (libc.so.6:mempcpy) redirected to 0x4a247a0 (_vgnU_ifunc_wrapper)
--1309-- REDIR: 0x52f57c0 (libc.so.6:strcpy) redirected to 0x4a247a0 (_vgnU_ifunc_wrapper)
--1309-- REDIR: 0x52f4070 (libc.so.6:strcat) redirected to 0x4a247a0 (_vgnU_ifunc_wrapper)
--1309-- REDIR: 0x52f5dd0 (libc.so.6:__GI_strlen) redirected to 0x4c2d110 (__GI_strlen)
--1309-- REDIR: 0x52f78a0 (libc.so.6:__GI_strrchr) redirected to 0x4c2cb70 (__GI_strrchr)
--1309-- REDIR: 0x52f8970 (libc.so.6:__GI_memset) redirected to 0x4c30ee0 (memset)
--1309-- REDIR: 0x53c2fe0 (libc.so.6:__memmove_ssse3_back) redirected to 0x4c2e460 (memcpy@GLIBC_2.2.5)
--1309-- REDIR: 0x53a7d90 (libc.so.6:__strcmp_sse42) redirected to 0x4c2e2b0 (__strcmp_sse42)
--1309-- REDIR: 0x52ff3c0 (libc.so.6:strchrnul) redirected to 0x4c31ab0 (strchrnul)
--1309-- REDIR: 0x52f8ae0 (libc.so.6:__GI_mempcpy) redirected to 0x4c31cc0 (__GI_mempcpy)
--1309-- REDIR: 0x52eead0 (libc.so.6:free) redirected to 0x4c2afe6 (free)
--1309-- REDIR: 0x52ee6b0 (libc.so.6:malloc) redirected to 0x4c29eec (malloc)
--1309-- REDIR: 0x53d8680 (libc.so.6:__strlen_sse2_pminub) redirected to 0x4c2d0f0 (strlen)
--1309-- REDIR: 0x53036e0 (libc.so.6:__strcpy_sse2_unaligned) redirected to 0x4c2d1d0 (strcpy)
--1309-- REDIR: 0x530e920 (libc.so.6:__GI_strstr) redirected to 0x4c32220 (__strstr_sse2)
--1309-- REDIR: 0x52f7fa0 (libc.so.6:memchr) redirected to 0x4c2e3a0 (memchr)
--1309-- REDIR: 0x52fdb40 (libc.so.6:__GI_memcpy) redirected to 0x4c2efb0 (__GI_memcpy)
--1309-- REDIR: 0x53bda40 (libc.so.6:__memcpy_ssse3_back) redirected to 0x4c2e7b0 (memcpy@@GLIBC_2.14)
--1309-- REDIR: 0x52f7820 (libc.so.6:strncpy) redirected to 0x4a247a0 (_vgnU_ifunc_wrapper)
--1309-- REDIR: 0x5303d10 (libc.so.6:__strncpy_sse2_unaligned) redirected to 0x4c2d780 (__strncpy_sse2_unaligned)
==1309== Conditional jump or move depends on uninitialised value(s)
==1309==    at 0x4E3B54C: deflate (in /usr/lib64/libz.so.1.2.7)
==1309==    by 0x4E44DE5: ??? (in /usr/lib64/libz.so.1.2.7)
==1309==    by 0x4E455F1: gzclose_w (in /usr/lib64/libz.so.1.2.7)
==1309==    by 0x401F06: cmd_filter (main.c:224)
==1309==    by 0x4020B1: main (main.c:265)
==1309==  Uninitialised value was created by a heap allocation
==1309==    at 0x4C29F73: malloc (vg_replace_malloc.c:307)
==1309==    by 0x4E43A09: ??? (in /usr/lib64/libz.so.1.2.7)
==1309==    by 0x401CCA: cmd_filter (main.c:171)
==1309==    by 0x4020B1: main (main.c:265)
==1309== 
==1309== 
==1309== HEAP SUMMARY:
==1309==     in use at exit: 0 bytes in 0 blocks
==1309==   total heap usage: 25,544 allocs, 25,544 frees, 16,388,856 bytes allocated
==1309== 
==1309== All heap blocks were freed -- no leaks are possible
==1309== 
==1309== ERROR SUMMARY: 4 errors from 1 contexts (suppressed: 0 from 0)
==1309== 
==1309== 4 errors in context 1 of 1:
==1309== Conditional jump or move depends on uninitialised value(s)
==1309==    at 0x4E3B54C: deflate (in /usr/lib64/libz.so.1.2.7)
==1309==    by 0x4E44DE5: ??? (in /usr/lib64/libz.so.1.2.7)
==1309==    by 0x4E455F1: gzclose_w (in /usr/lib64/libz.so.1.2.7)
==1309==    by 0x401F06: cmd_filter (main.c:224)
==1309==    by 0x4020B1: main (main.c:265)
==1309==  Uninitialised value was created by a heap allocation
==1309==    at 0x4C29F73: malloc (vg_replace_malloc.c:307)
==1309==    by 0x4E43A09: ??? (in /usr/lib64/libz.so.1.2.7)
==1309==    by 0x401CCA: cmd_filter (main.c:171)
==1309==    by 0x4020B1: main (main.c:265)
==1309== 
==1309== ERROR SUMMARY: 4 errors from 1 contexts (suppressed: 0 from 0)
