==14817== Memcheck, a memory error detector
==14817== Copyright (C) 2002-2017, and GNU GPL'd, by Julian Seward et al.
==14817== Using Valgrind-3.16.1-36d6727e1d-20200622X and LibVEX; rerun with -h for copyright info
==14817== Command: ./fastF whitelist -R ../data/test_R1.fastq.gz -o . -u 0
==14817== Parent PID: 4669
==14817== 
--14817-- 
--14817-- Valgrind options:
--14817--    --trace-children=yes
--14817--    --show-leak-kinds=all
--14817--    --leak-check=full
--14817--    -v
--14817--    --track-origins=yes
--14817--    --dsymutil=yes
--14817--    --log-file=vg_logfile_%p.out
--14817-- Contents of /proc/version:
--14817--   Linux version 3.10.0-1127.el7.x86_64 (mockbuild@kbuilder.bsys.centos.org) (gcc version 4.8.5 20150623 (Red Hat 4.8.5-39) (GCC) ) #1 SMP Tue Mar 31 23:36:51 UTC 2020
--14817-- 
--14817-- Arch and hwcaps: AMD64, LittleEndian, amd64-cx16-lzcnt-rdtscp-sse3-ssse3-avx-avx2-bmi-f16c-rdrand
--14817-- Page sizes: currently 4096, max supported 4096
--14817-- Valgrind library directory: /hpc/apps/valgrind/3.16.1/lib/valgrind
--14817-- Reading syms from /scratch/u/yu89975/fastF/build/fastF
--14817-- Reading syms from /usr/lib64/ld-2.17.so
--14817-- Reading syms from /hpc/apps/valgrind/3.16.1/lib/valgrind/memcheck-amd64-linux
--14817--    object doesn't have a dynamic symbol table
--14817-- Scheduler: using generic scheduler lock implementation.
--14817-- Reading suppressions file: /hpc/apps/valgrind/3.16.1/lib/valgrind/default.supp
==14817== embedded gdbserver: reading from /tmp/vgdb-pipe-from-vgdb-to-14817-by-yu89975-on-ln02
==14817== embedded gdbserver: writing to   /tmp/vgdb-pipe-to-vgdb-from-14817-by-yu89975-on-ln02
==14817== embedded gdbserver: shared mem   /tmp/vgdb-pipe-shared-mem-vgdb-14817-by-yu89975-on-ln02
==14817== 
==14817== TO CONTROL THIS PROCESS USING vgdb (which you probably
==14817== don't want to do, unless you know exactly what you're doing,
==14817== or are doing some strange experiment):
==14817==   /hpc/apps/valgrind/3.16.1/lib/valgrind/../../bin/vgdb --pid=14817 ...command...
==14817== 
==14817== TO DEBUG THIS PROCESS USING GDB: start GDB like this
==14817==   /path/to/gdb ./fastF
==14817== and then give GDB the following command
==14817==   target remote | /hpc/apps/valgrind/3.16.1/lib/valgrind/../../bin/vgdb --pid=14817
==14817== --pid is optional if only one valgrind process is running
==14817== 
--14817-- REDIR: 0x4019e30 (ld-linux-x86-64.so.2:strlen) redirected to 0x580cb245 (vgPlain_amd64_linux_REDIR_FOR_strlen)
--14817-- REDIR: 0x4019c00 (ld-linux-x86-64.so.2:index) redirected to 0x580cb25f (vgPlain_amd64_linux_REDIR_FOR_index)
--14817-- Reading syms from /hpc/apps/valgrind/3.16.1/lib/valgrind/vgpreload_core-amd64-linux.so
--14817-- Reading syms from /hpc/apps/valgrind/3.16.1/lib/valgrind/vgpreload_memcheck-amd64-linux.so
==14817== WARNING: new redirection conflicts with existing -- ignoring it
--14817--     old: 0x04019e30 (strlen              ) R-> (0000.0) 0x580cb245 vgPlain_amd64_linux_REDIR_FOR_strlen
--14817--     new: 0x04019e30 (strlen              ) R-> (2007.0) 0x04c2d1b0 strlen
--14817-- REDIR: 0x4019db0 (ld-linux-x86-64.so.2:strcmp) redirected to 0x4c2e300 (strcmp)
--14817-- REDIR: 0x401aa70 (ld-linux-x86-64.so.2:mempcpy) redirected to 0x4c31f90 (mempcpy)
--14817-- Reading syms from /usr/lib64/libz.so.1.2.7
--14817--    object doesn't have a symbol table
--14817-- Reading syms from /usr/lib64/libpthread-2.17.so
--14817-- Reading syms from /usr/lib64/libc-2.17.so
--14817-- REDIR: 0x52f9130 (libc.so.6:strcasecmp) redirected to 0x4a247a0 (_vgnU_ifunc_wrapper)
--14817-- REDIR: 0x52f5eb0 (libc.so.6:strnlen) redirected to 0x4a247a0 (_vgnU_ifunc_wrapper)
--14817-- REDIR: 0x52fb400 (libc.so.6:strncasecmp) redirected to 0x4a247a0 (_vgnU_ifunc_wrapper)
--14817-- REDIR: 0x52f8910 (libc.so.6:memset) redirected to 0x4a247a0 (_vgnU_ifunc_wrapper)
--14817-- REDIR: 0x52f88c0 (libc.so.6:memcpy@GLIBC_2.2.5) redirected to 0x4a247a0 (_vgnU_ifunc_wrapper)
--14817-- REDIR: 0x52f5d80 (libc.so.6:strlen) redirected to 0x4a247a0 (_vgnU_ifunc_wrapper)
--14817-- REDIR: 0x52f4330 (libc.so.6:strcmp) redirected to 0x4a247a0 (_vgnU_ifunc_wrapper)
--14817-- REDIR: 0x52fdad0 (libc.so.6:memcpy@@GLIBC_2.14) redirected to 0x4a247a0 (_vgnU_ifunc_wrapper)
--14817-- REDIR: 0x52f8a70 (libc.so.6:mempcpy) redirected to 0x4a247a0 (_vgnU_ifunc_wrapper)
--14817-- REDIR: 0x52f57c0 (libc.so.6:strcpy) redirected to 0x4a247a0 (_vgnU_ifunc_wrapper)
--14817-- REDIR: 0x52f4070 (libc.so.6:strcat) redirected to 0x4a247a0 (_vgnU_ifunc_wrapper)
--14817-- REDIR: 0x52f5dd0 (libc.so.6:__GI_strlen) redirected to 0x4c2d110 (__GI_strlen)
--14817-- REDIR: 0x52f78a0 (libc.so.6:__GI_strrchr) redirected to 0x4c2cb70 (__GI_strrchr)
--14817-- REDIR: 0x52f8970 (libc.so.6:__GI_memset) redirected to 0x4c30ee0 (memset)
--14817-- REDIR: 0x53c2fe0 (libc.so.6:__memmove_ssse3_back) redirected to 0x4c2e460 (memcpy@GLIBC_2.2.5)
--14817-- REDIR: 0x53a7d90 (libc.so.6:__strcmp_sse42) redirected to 0x4c2e2b0 (__strcmp_sse42)
--14817-- REDIR: 0x52ee6b0 (libc.so.6:malloc) redirected to 0x4c29eec (malloc)
--14817-- REDIR: 0x53d8680 (libc.so.6:__strlen_sse2_pminub) redirected to 0x4c2d0f0 (strlen)
--14817-- REDIR: 0x53036e0 (libc.so.6:__strcpy_sse2_unaligned) redirected to 0x4c2d1d0 (strcpy)
--14817-- REDIR: 0x53bda40 (libc.so.6:__memcpy_ssse3_back) redirected to 0x4c2e7b0 (memcpy@@GLIBC_2.14)
--14817-- REDIR: 0x52f7fa0 (libc.so.6:memchr) redirected to 0x4c2e3a0 (memchr)
--14817-- REDIR: 0x52f7820 (libc.so.6:strncpy) redirected to 0x4a247a0 (_vgnU_ifunc_wrapper)
--14817-- REDIR: 0x5303d10 (libc.so.6:__strncpy_sse2_unaligned) redirected to 0x4c2d780 (__strncpy_sse2_unaligned)
--14817-- REDIR: 0x52fdb40 (libc.so.6:__GI_memcpy) redirected to 0x4c2efb0 (__GI_memcpy)
--14817-- REDIR: 0x52eead0 (libc.so.6:free) redirected to 0x4c2afe6 (free)
--14817-- REDIR: 0x52ff3c0 (libc.so.6:strchrnul) redirected to 0x4c31ab0 (strchrnul)
--14817-- REDIR: 0x530e920 (libc.so.6:__GI_strstr) redirected to 0x4c32220 (__strstr_sse2)
--14817-- REDIR: 0x52f8ae0 (libc.so.6:__GI_mempcpy) redirected to 0x4c31cc0 (__GI_mempcpy)
==14817== 
==14817== HEAP SUMMARY:
==14817==     in use at exit: 0 bytes in 0 blocks
==14817==   total heap usage: 15,629 allocs, 15,629 frees, 1,204,620 bytes allocated
==14817== 
==14817== All heap blocks were freed -- no leaks are possible
==14817== 
==14817== ERROR SUMMARY: 0 errors from 0 contexts (suppressed: 0 from 0)
