==3157== Memcheck, a memory error detector
==3157== Copyright (C) 2002-2017, and GNU GPL'd, by Julian Seward et al.
==3157== Using Valgrind-3.16.1-36d6727e1d-20200622X and LibVEX; rerun with -h for copyright info
==3157== Command: ./fastF filter -R ../data/test_R1.fastq.gz -r ../data/test_R2.fastq.gz -o ../data/test -w ../data/temp.txt
==3157== Parent PID: 27750
==3157== 
--3157-- 
--3157-- Valgrind options:
--3157--    --trace-children=yes
--3157--    --show-leak-kinds=all
--3157--    --leak-check=full
--3157--    -v
--3157--    --track-origins=yes
--3157--    --dsymutil=yes
--3157--    --log-file=vg_logfile_%p.out
--3157-- Contents of /proc/version:
--3157--   Linux version 3.10.0-1127.el7.x86_64 (mockbuild@kbuilder.bsys.centos.org) (gcc version 4.8.5 20150623 (Red Hat 4.8.5-39) (GCC) ) #1 SMP Tue Mar 31 23:36:51 UTC 2020
--3157-- 
--3157-- Arch and hwcaps: AMD64, LittleEndian, amd64-cx16-lzcnt-rdtscp-sse3-ssse3-avx-avx2-bmi-f16c-rdrand
--3157-- Page sizes: currently 4096, max supported 4096
--3157-- Valgrind library directory: /hpc/apps/valgrind/3.16.1/lib/valgrind
--3157-- Reading syms from /scratch/u/yu89975/fastF/build/fastF
--3157-- Reading syms from /usr/lib64/ld-2.17.so
--3157-- Reading syms from /hpc/apps/valgrind/3.16.1/lib/valgrind/memcheck-amd64-linux
--3157--    object doesn't have a dynamic symbol table
--3157-- Scheduler: using generic scheduler lock implementation.
--3157-- Reading suppressions file: /hpc/apps/valgrind/3.16.1/lib/valgrind/default.supp
==3157== embedded gdbserver: reading from /tmp/vgdb-pipe-from-vgdb-to-3157-by-yu89975-on-ln01
==3157== embedded gdbserver: writing to   /tmp/vgdb-pipe-to-vgdb-from-3157-by-yu89975-on-ln01
==3157== embedded gdbserver: shared mem   /tmp/vgdb-pipe-shared-mem-vgdb-3157-by-yu89975-on-ln01
==3157== 
==3157== TO CONTROL THIS PROCESS USING vgdb (which you probably
==3157== don't want to do, unless you know exactly what you're doing,
==3157== or are doing some strange experiment):
==3157==   /hpc/apps/valgrind/3.16.1/lib/valgrind/../../bin/vgdb --pid=3157 ...command...
==3157== 
==3157== TO DEBUG THIS PROCESS USING GDB: start GDB like this
==3157==   /path/to/gdb ./fastF
==3157== and then give GDB the following command
==3157==   target remote | /hpc/apps/valgrind/3.16.1/lib/valgrind/../../bin/vgdb --pid=3157
==3157== --pid is optional if only one valgrind process is running
==3157== 
--3157-- REDIR: 0x4019e30 (ld-linux-x86-64.so.2:strlen) redirected to 0x580cb245 (vgPlain_amd64_linux_REDIR_FOR_strlen)
--3157-- REDIR: 0x4019c00 (ld-linux-x86-64.so.2:index) redirected to 0x580cb25f (vgPlain_amd64_linux_REDIR_FOR_index)
--3157-- Reading syms from /hpc/apps/valgrind/3.16.1/lib/valgrind/vgpreload_core-amd64-linux.so
--3157-- Reading syms from /hpc/apps/valgrind/3.16.1/lib/valgrind/vgpreload_memcheck-amd64-linux.so
==3157== WARNING: new redirection conflicts with existing -- ignoring it
--3157--     old: 0x04019e30 (strlen              ) R-> (0000.0) 0x580cb245 vgPlain_amd64_linux_REDIR_FOR_strlen
--3157--     new: 0x04019e30 (strlen              ) R-> (2007.0) 0x04c2d1b0 strlen
--3157-- REDIR: 0x4019db0 (ld-linux-x86-64.so.2:strcmp) redirected to 0x4c2e300 (strcmp)
--3157-- REDIR: 0x401aa70 (ld-linux-x86-64.so.2:mempcpy) redirected to 0x4c31f90 (mempcpy)
--3157-- Reading syms from /usr/lib64/libz.so.1.2.7
--3157--    object doesn't have a symbol table
--3157-- Reading syms from /usr/lib64/libpthread-2.17.so
--3157-- Reading syms from /usr/lib64/libc-2.17.so
--3157-- REDIR: 0x52f9130 (libc.so.6:strcasecmp) redirected to 0x4a247a0 (_vgnU_ifunc_wrapper)
--3157-- REDIR: 0x52f5eb0 (libc.so.6:strnlen) redirected to 0x4a247a0 (_vgnU_ifunc_wrapper)
--3157-- REDIR: 0x52fb400 (libc.so.6:strncasecmp) redirected to 0x4a247a0 (_vgnU_ifunc_wrapper)
--3157-- REDIR: 0x52f8910 (libc.so.6:memset) redirected to 0x4a247a0 (_vgnU_ifunc_wrapper)
--3157-- REDIR: 0x52f88c0 (libc.so.6:memcpy@GLIBC_2.2.5) redirected to 0x4a247a0 (_vgnU_ifunc_wrapper)
--3157-- REDIR: 0x52f5d80 (libc.so.6:strlen) redirected to 0x4a247a0 (_vgnU_ifunc_wrapper)
--3157-- REDIR: 0x52f4330 (libc.so.6:strcmp) redirected to 0x4a247a0 (_vgnU_ifunc_wrapper)
--3157-- REDIR: 0x52fdad0 (libc.so.6:memcpy@@GLIBC_2.14) redirected to 0x4a247a0 (_vgnU_ifunc_wrapper)
--3157-- REDIR: 0x52f8a70 (libc.so.6:mempcpy) redirected to 0x4a247a0 (_vgnU_ifunc_wrapper)
--3157-- REDIR: 0x52f57c0 (libc.so.6:strcpy) redirected to 0x4a247a0 (_vgnU_ifunc_wrapper)
--3157-- REDIR: 0x52f4070 (libc.so.6:strcat) redirected to 0x4a247a0 (_vgnU_ifunc_wrapper)
--3157-- REDIR: 0x52f5dd0 (libc.so.6:__GI_strlen) redirected to 0x4c2d110 (__GI_strlen)
--3157-- REDIR: 0x52f78a0 (libc.so.6:__GI_strrchr) redirected to 0x4c2cb70 (__GI_strrchr)
--3157-- REDIR: 0x52f8970 (libc.so.6:__GI_memset) redirected to 0x4c30ee0 (memset)
--3157-- REDIR: 0x53c2fe0 (libc.so.6:__memmove_ssse3_back) redirected to 0x4c2e460 (memcpy@GLIBC_2.2.5)
--3157-- REDIR: 0x53a7d90 (libc.so.6:__strcmp_sse42) redirected to 0x4c2e2b0 (__strcmp_sse42)
--3157-- REDIR: 0x52ff3c0 (libc.so.6:strchrnul) redirected to 0x4c31ab0 (strchrnul)
--3157-- REDIR: 0x52f8ae0 (libc.so.6:__GI_mempcpy) redirected to 0x4c31cc0 (__GI_mempcpy)
--3157-- REDIR: 0x52eead0 (libc.so.6:free) redirected to 0x4c2afe6 (free)
--3157-- REDIR: 0x52ee6b0 (libc.so.6:malloc) redirected to 0x4c29eec (malloc)
--3157-- REDIR: 0x53d8680 (libc.so.6:__strlen_sse2_pminub) redirected to 0x4c2d0f0 (strlen)
--3157-- REDIR: 0x53036e0 (libc.so.6:__strcpy_sse2_unaligned) redirected to 0x4c2d1d0 (strcpy)
--3157-- REDIR: 0x530e920 (libc.so.6:__GI_strstr) redirected to 0x4c32220 (__strstr_sse2)
--3157-- REDIR: 0x52f7fa0 (libc.so.6:memchr) redirected to 0x4c2e3a0 (memchr)
--3157-- REDIR: 0x52fdb40 (libc.so.6:__GI_memcpy) redirected to 0x4c2efb0 (__GI_memcpy)
--3157-- REDIR: 0x53bda40 (libc.so.6:__memcpy_ssse3_back) redirected to 0x4c2e7b0 (memcpy@@GLIBC_2.14)
--3157-- REDIR: 0x52f7820 (libc.so.6:strncpy) redirected to 0x4a247a0 (_vgnU_ifunc_wrapper)
--3157-- REDIR: 0x5303d10 (libc.so.6:__strncpy_sse2_unaligned) redirected to 0x4c2d780 (__strncpy_sse2_unaligned)
==3157== Invalid read of size 8
==3157==    at 0x40224B: get_comb_fastq (fastq_filter.c:46)
==3157==    by 0x402A59: fastF (fastq_filter.c:262)
==3157==    by 0x401E21: cmd_filter (main.c:199)
==3157==    by 0x4020B1: main (main.c:265)
==3157==  Address 0x8 is not stack'd, malloc'd or (recently) free'd
==3157== 
==3157== 
==3157== Process terminating with default action of signal 11 (SIGSEGV)
==3157==  Access not within mapped region at address 0x8
==3157==    at 0x40224B: get_comb_fastq (fastq_filter.c:46)
==3157==    by 0x402A59: fastF (fastq_filter.c:262)
==3157==    by 0x401E21: cmd_filter (main.c:199)
==3157==    by 0x4020B1: main (main.c:265)
==3157==  If you believe this happened as a result of a stack
==3157==  overflow in your program's main thread (unlikely but
==3157==  possible), you can try to increase the size of the
==3157==  main thread stack using the --main-stacksize= flag.
==3157==  The main thread stack size used in this run was 8388608.
==3157== 
==3157== HEAP SUMMARY:
==3157==     in use at exit: 130,210 bytes in 21 blocks
==3157==   total heap usage: 22,529 allocs, 22,508 frees, 15,658,990 bytes allocated
==3157== 
==3157== Searching for pointers to 21 not-freed blocks
==3157== Checked 241,576 bytes
==3157== 
==3157== 8 bytes in 1 blocks are still reachable in loss record 1 of 21
==3157==    at 0x4C29F73: malloc (vg_replace_malloc.c:307)
==3157==    by 0x402676: read_txt (fastq_filter.c:180)
==3157==    by 0x401DBB: cmd_filter (main.c:194)
==3157==    by 0x4020B1: main (main.c:265)
==3157== 
==3157== 18 bytes in 1 blocks are still reachable in loss record 2 of 21
==3157==    at 0x4C29F73: malloc (vg_replace_malloc.c:307)
==3157==    by 0x52F5AF9: strdup (in /usr/lib64/libc-2.17.so)
==3157==    by 0x402390: new_node (fastq_filter.c:79)
==3157==    by 0x4023E7: insert_tree (fastq_filter.c:90)
==3157==    by 0x4024B1: construct_tree (fastq_filter.c:113)
==3157==    by 0x401DD4: cmd_filter (main.c:196)
==3157==    by 0x4020B1: main (main.c:265)
==3157== 
==3157== 25 bytes in 1 blocks are still reachable in loss record 3 of 21
==3157==    at 0x4C29F73: malloc (vg_replace_malloc.c:307)
==3157==    by 0x4E43AF0: ??? (in /usr/lib64/libz.so.1.2.7)
==3157==    by 0x401C8A: cmd_filter (main.c:168)
==3157==    by 0x4020B1: main (main.c:265)
==3157== 
==3157== 25 bytes in 1 blocks are still reachable in loss record 4 of 21
==3157==    at 0x4C29F73: malloc (vg_replace_malloc.c:307)
==3157==    by 0x4E43AF0: ??? (in /usr/lib64/libz.so.1.2.7)
==3157==    by 0x401CCA: cmd_filter (main.c:171)
==3157==    by 0x4020B1: main (main.c:265)
==3157== 
==3157== 25 bytes in 1 blocks are still reachable in loss record 5 of 21
==3157==    at 0x4C29F73: malloc (vg_replace_malloc.c:307)
==3157==    by 0x4E43AF0: ??? (in /usr/lib64/libz.so.1.2.7)
==3157==    by 0x401D19: cmd_filter (main.c:182)
==3157==    by 0x4020B1: main (main.c:265)
==3157== 
==3157== 25 bytes in 1 blocks are still reachable in loss record 6 of 21
==3157==    at 0x4C29F73: malloc (vg_replace_malloc.c:307)
==3157==    by 0x4E43AF0: ??? (in /usr/lib64/libz.so.1.2.7)
==3157==    by 0x401D59: cmd_filter (main.c:185)
==3157==    by 0x4020B1: main (main.c:265)
==3157== 
==3157== 32 bytes in 1 blocks are still reachable in loss record 7 of 21
==3157==    at 0x4C29F73: malloc (vg_replace_malloc.c:307)
==3157==    by 0x402380: new_node (fastq_filter.c:78)
==3157==    by 0x4023E7: insert_tree (fastq_filter.c:90)
==3157==    by 0x4024B1: construct_tree (fastq_filter.c:113)
==3157==    by 0x401DD4: cmd_filter (main.c:196)
==3157==    by 0x4020B1: main (main.c:265)
==3157== 
==3157== 32 bytes in 1 blocks are still reachable in loss record 8 of 21
==3157==    at 0x4C29F73: malloc (vg_replace_malloc.c:307)
==3157==    by 0x4028A8: fastF (fastq_filter.c:253)
==3157==    by 0x401E21: cmd_filter (main.c:199)
==3157==    by 0x4020B1: main (main.c:265)
==3157== 
==3157== 100 bytes in 1 blocks are still reachable in loss record 9 of 21
==3157==    at 0x4C29F73: malloc (vg_replace_malloc.c:307)
==3157==    by 0x4026A9: read_txt (fastq_filter.c:185)
==3157==    by 0x401DBB: cmd_filter (main.c:194)
==3157==    by 0x4020B1: main (main.c:265)
==3157== 
==3157== 232 bytes in 1 blocks are still reachable in loss record 10 of 21
==3157==    at 0x4C29F73: malloc (vg_replace_malloc.c:307)
==3157==    by 0x4E43A09: ??? (in /usr/lib64/libz.so.1.2.7)
==3157==    by 0x401C8A: cmd_filter (main.c:168)
==3157==    by 0x4020B1: main (main.c:265)
==3157== 
==3157== 232 bytes in 1 blocks are still reachable in loss record 11 of 21
==3157==    at 0x4C29F73: malloc (vg_replace_malloc.c:307)
==3157==    by 0x4E43A09: ??? (in /usr/lib64/libz.so.1.2.7)
==3157==    by 0x401CCA: cmd_filter (main.c:171)
==3157==    by 0x4020B1: main (main.c:265)
==3157== 
==3157== 232 bytes in 1 blocks are still reachable in loss record 12 of 21
==3157==    at 0x4C29F73: malloc (vg_replace_malloc.c:307)
==3157==    by 0x4E43A09: ??? (in /usr/lib64/libz.so.1.2.7)
==3157==    by 0x401D19: cmd_filter (main.c:182)
==3157==    by 0x4020B1: main (main.c:265)
==3157== 
==3157== 232 bytes in 1 blocks are still reachable in loss record 13 of 21
==3157==    at 0x4C29F73: malloc (vg_replace_malloc.c:307)
==3157==    by 0x4E43A09: ??? (in /usr/lib64/libz.so.1.2.7)
==3157==    by 0x401D59: cmd_filter (main.c:185)
==3157==    by 0x4020B1: main (main.c:265)
==3157== 
==3157== 7,152 bytes in 1 blocks are still reachable in loss record 14 of 21
==3157==    at 0x4C29F73: malloc (vg_replace_malloc.c:307)
==3157==    by 0x4E3ECE2: inflateInit2_ (in /usr/lib64/libz.so.1.2.7)
==3157==    by 0x4E442A9: ??? (in /usr/lib64/libz.so.1.2.7)
==3157==    by 0x4E4455F: ??? (in /usr/lib64/libz.so.1.2.7)
==3157==    by 0x4E44B12: gzgets (in /usr/lib64/libz.so.1.2.7)
==3157==    by 0x402167: get_fastq (fastq_filter.c:22)
==3157==    by 0x40223B: get_comb_fastq (fastq_filter.c:45)
==3157==    by 0x402A59: fastF (fastq_filter.c:262)
==3157==    by 0x401E21: cmd_filter (main.c:199)
==3157==    by 0x4020B1: main (main.c:265)
==3157== 
==3157== 7,152 bytes in 1 blocks are still reachable in loss record 15 of 21
==3157==    at 0x4C29F73: malloc (vg_replace_malloc.c:307)
==3157==    by 0x4E3ECE2: inflateInit2_ (in /usr/lib64/libz.so.1.2.7)
==3157==    by 0x4E442A9: ??? (in /usr/lib64/libz.so.1.2.7)
==3157==    by 0x4E4455F: ??? (in /usr/lib64/libz.so.1.2.7)
==3157==    by 0x4E44B12: gzgets (in /usr/lib64/libz.so.1.2.7)
==3157==    by 0x402167: get_fastq (fastq_filter.c:22)
==3157==    by 0x40228A: get_comb_fastq (fastq_filter.c:50)
==3157==    by 0x402A59: fastF (fastq_filter.c:262)
==3157==    by 0x401E21: cmd_filter (main.c:199)
==3157==    by 0x4020B1: main (main.c:265)
==3157== 
==3157== 8,192 bytes in 1 blocks are still reachable in loss record 16 of 21
==3157==    at 0x4C29F73: malloc (vg_replace_malloc.c:307)
==3157==    by 0x4E44233: ??? (in /usr/lib64/libz.so.1.2.7)
==3157==    by 0x4E4455F: ??? (in /usr/lib64/libz.so.1.2.7)
==3157==    by 0x4E44B12: gzgets (in /usr/lib64/libz.so.1.2.7)
==3157==    by 0x402167: get_fastq (fastq_filter.c:22)
==3157==    by 0x40223B: get_comb_fastq (fastq_filter.c:45)
==3157==    by 0x402A59: fastF (fastq_filter.c:262)
==3157==    by 0x401E21: cmd_filter (main.c:199)
==3157==    by 0x4020B1: main (main.c:265)
==3157== 
==3157== 8,192 bytes in 1 blocks are still reachable in loss record 17 of 21
==3157==    at 0x4C29F73: malloc (vg_replace_malloc.c:307)
==3157==    by 0x4E44233: ??? (in /usr/lib64/libz.so.1.2.7)
==3157==    by 0x4E4455F: ??? (in /usr/lib64/libz.so.1.2.7)
==3157==    by 0x4E44B12: gzgets (in /usr/lib64/libz.so.1.2.7)
==3157==    by 0x402167: get_fastq (fastq_filter.c:22)
==3157==    by 0x40228A: get_comb_fastq (fastq_filter.c:50)
==3157==    by 0x402A59: fastF (fastq_filter.c:262)
==3157==    by 0x401E21: cmd_filter (main.c:199)
==3157==    by 0x4020B1: main (main.c:265)
==3157== 
==3157== 16,384 bytes in 1 blocks are still reachable in loss record 18 of 21
==3157==    at 0x4C29F73: malloc (vg_replace_malloc.c:307)
==3157==    by 0x4E44243: ??? (in /usr/lib64/libz.so.1.2.7)
==3157==    by 0x4E4455F: ??? (in /usr/lib64/libz.so.1.2.7)
==3157==    by 0x4E44B12: gzgets (in /usr/lib64/libz.so.1.2.7)
==3157==    by 0x402167: get_fastq (fastq_filter.c:22)
==3157==    by 0x40223B: get_comb_fastq (fastq_filter.c:45)
==3157==    by 0x402A59: fastF (fastq_filter.c:262)
==3157==    by 0x401E21: cmd_filter (main.c:199)
==3157==    by 0x4020B1: main (main.c:265)
==3157== 
==3157== 16,384 bytes in 1 blocks are still reachable in loss record 19 of 21
==3157==    at 0x4C29F73: malloc (vg_replace_malloc.c:307)
==3157==    by 0x4E44243: ??? (in /usr/lib64/libz.so.1.2.7)
==3157==    by 0x4E4455F: ??? (in /usr/lib64/libz.so.1.2.7)
==3157==    by 0x4E44B12: gzgets (in /usr/lib64/libz.so.1.2.7)
==3157==    by 0x402167: get_fastq (fastq_filter.c:22)
==3157==    by 0x40228A: get_comb_fastq (fastq_filter.c:50)
==3157==    by 0x402A59: fastF (fastq_filter.c:262)
==3157==    by 0x401E21: cmd_filter (main.c:199)
==3157==    by 0x4020B1: main (main.c:265)
==3157== 
==3157== 32,768 bytes in 1 blocks are still reachable in loss record 20 of 21
==3157==    at 0x4C29F73: malloc (vg_replace_malloc.c:307)
==3157==    by 0x4E3EAD0: ??? (in /usr/lib64/libz.so.1.2.7)
==3157==    by 0x4E3F48F: inflate (in /usr/lib64/libz.so.1.2.7)
==3157==    by 0x4E443B9: ??? (in /usr/lib64/libz.so.1.2.7)
==3157==    by 0x4E4458D: ??? (in /usr/lib64/libz.so.1.2.7)
==3157==    by 0x4E44B12: gzgets (in /usr/lib64/libz.so.1.2.7)
==3157==    by 0x402167: get_fastq (fastq_filter.c:22)
==3157==    by 0x40223B: get_comb_fastq (fastq_filter.c:45)
==3157==    by 0x402A59: fastF (fastq_filter.c:262)
==3157==    by 0x401E21: cmd_filter (main.c:199)
==3157==    by 0x4020B1: main (main.c:265)
==3157== 
==3157== 32,768 bytes in 1 blocks are still reachable in loss record 21 of 21
==3157==    at 0x4C29F73: malloc (vg_replace_malloc.c:307)
==3157==    by 0x4E3EAD0: ??? (in /usr/lib64/libz.so.1.2.7)
==3157==    by 0x4E3F48F: inflate (in /usr/lib64/libz.so.1.2.7)
==3157==    by 0x4E443B9: ??? (in /usr/lib64/libz.so.1.2.7)
==3157==    by 0x4E4458D: ??? (in /usr/lib64/libz.so.1.2.7)
==3157==    by 0x4E44B12: gzgets (in /usr/lib64/libz.so.1.2.7)
==3157==    by 0x402167: get_fastq (fastq_filter.c:22)
==3157==    by 0x40228A: get_comb_fastq (fastq_filter.c:50)
==3157==    by 0x402A59: fastF (fastq_filter.c:262)
==3157==    by 0x401E21: cmd_filter (main.c:199)
==3157==    by 0x4020B1: main (main.c:265)
==3157== 
==3157== LEAK SUMMARY:
==3157==    definitely lost: 0 bytes in 0 blocks
==3157==    indirectly lost: 0 bytes in 0 blocks
==3157==      possibly lost: 0 bytes in 0 blocks
==3157==    still reachable: 130,210 bytes in 21 blocks
==3157==         suppressed: 0 bytes in 0 blocks
==3157== 
==3157== ERROR SUMMARY: 1 errors from 1 contexts (suppressed: 0 from 0)
==3157== 
==3157== 1 errors in context 1 of 1:
==3157== Invalid read of size 8
==3157==    at 0x40224B: get_comb_fastq (fastq_filter.c:46)
==3157==    by 0x402A59: fastF (fastq_filter.c:262)
==3157==    by 0x401E21: cmd_filter (main.c:199)
==3157==    by 0x4020B1: main (main.c:265)
==3157==  Address 0x8 is not stack'd, malloc'd or (recently) free'd
==3157== 
==3157== ERROR SUMMARY: 1 errors from 1 contexts (suppressed: 0 from 0)
