The system is: Linux - 3.10.0-1127.el7.x86_64 - x86_64
Compiling the C compiler identification source file "CMakeCCompilerId.c" succeeded.
Compiler: /hpc/apps/gcc/9.3.0/bin/gcc 
Build flags: 
Id flags:  

The output was:
0


Compilation of the C compiler identification source "CMakeCCompilerId.c" produced "a.out"

The C compiler identification is GNU, found in "/scratch/u/yu89975/fastF/build/CMakeFiles/3.22.2/CompilerIdC/a.out"

Compiling the CXX compiler identification source file "CMakeCXXCompilerId.cpp" succeeded.
Compiler: /hpc/apps/gcc/9.3.0/bin/c++ 
Build flags: 
Id flags:  

The output was:
0


Compilation of the CXX compiler identification source "CMakeCXXCompilerId.cpp" produced "a.out"

The CXX compiler identification is GNU, found in "/scratch/u/yu89975/fastF/build/CMakeFiles/3.22.2/CompilerIdCXX/a.out"

Detecting C compiler ABI info compiled with the following output:
Change Dir: /scratch/u/yu89975/fastF/build/CMakeFiles/CMakeTmp

Run Build Command(s):/usr/bin/gmake -f Makefile cmTC_59532/fast && /usr/bin/gmake  -f CMakeFiles/cmTC_59532.dir/build.make CMakeFiles/cmTC_59532.dir/build
gmake[1]: Entering directory `/scratch/u/yu89975/fastF/build/CMakeFiles/CMakeTmp'
Building C object CMakeFiles/cmTC_59532.dir/CMakeCCompilerABI.c.o
/hpc/apps/gcc/9.3.0/bin/gcc   -v -o CMakeFiles/cmTC_59532.dir/CMakeCCompilerABI.c.o -c /hpc/apps/cmake/3.22.2/share/cmake-3.22/Modules/CMakeCCompilerABI.c
Using built-in specs.
COLLECT_GCC=/hpc/apps/gcc/9.3.0/bin/gcc
Target: x86_64-pc-linux-gnu
Configured with: ../gcc-9.3.0/configure --prefix=/hpc/apps/gcc/9.3.0 --enable-ld=default --enable-lto --enable-plugins --with-tune-generic --enable-languages=c,c++,fortran --disable-multilib
Thread model: posix
gcc version 9.3.0 (GCC) 
COLLECT_GCC_OPTIONS='-v' '-o' 'CMakeFiles/cmTC_59532.dir/CMakeCCompilerABI.c.o' '-c' '-mtune=generic' '-march=x86-64'
 /hpc/apps/gcc/9.3.0/libexec/gcc/x86_64-pc-linux-gnu/9.3.0/cc1 -quiet -v /hpc/apps/cmake/3.22.2/share/cmake-3.22/Modules/CMakeCCompilerABI.c -quiet -dumpbase CMakeCCompilerABI.c -mtune=generic -march=x86-64 -auxbase-strip CMakeFiles/cmTC_59532.dir/CMakeCCompilerABI.c.o -version -o /tmp/cc9TUDjM.s
GNU C17 (GCC) version 9.3.0 (x86_64-pc-linux-gnu)
	compiled by GNU C version 9.3.0, GMP version 6.1.0, MPFR version 3.1.4, MPC version 1.0.3, isl version isl-0.18-GMP

GGC heuristics: --param ggc-min-expand=100 --param ggc-min-heapsize=131072
ignoring nonexistent directory "/hpc/apps/gcc/9.3.0/lib/gcc/x86_64-pc-linux-gnu/9.3.0/../../../../x86_64-pc-linux-gnu/include"
#include "..." search starts here:
#include <...> search starts here:
 /hpc/apps/netcdf/gcc/64/4.7.4/include
 /hpc/apps/hdf5/openmpi/gcc/64/1.12.0/include
 /hpc/apps/boost/openmpi/gcc/1.75.0/include
 /hpc/apps/geos/3.9.1/include
 /hpc/apps/openmpi/4.1.0/include
 /hpc/apps/gcc/9.3.0/lib/gcc/x86_64-pc-linux-gnu/9.3.0/include
 /usr/local/include
 /hpc/apps/gcc/9.3.0/include
 /hpc/apps/gcc/9.3.0/lib/gcc/x86_64-pc-linux-gnu/9.3.0/include-fixed
 /usr/include
End of search list.
GNU C17 (GCC) version 9.3.0 (x86_64-pc-linux-gnu)
	compiled by GNU C version 9.3.0, GMP version 6.1.0, MPFR version 3.1.4, MPC version 1.0.3, isl version isl-0.18-GMP

GGC heuristics: --param ggc-min-expand=100 --param ggc-min-heapsize=131072
Compiler executable checksum: a41d425c26e007cc9c85350db0570bca
COLLECT_GCC_OPTIONS='-v' '-o' 'CMakeFiles/cmTC_59532.dir/CMakeCCompilerABI.c.o' '-c' '-mtune=generic' '-march=x86-64'
 /hpc/apps/gcc/9.3.0/lib/gcc/x86_64-pc-linux-gnu/9.3.0/../../../../x86_64-pc-linux-gnu/bin/as -v --64 -o CMakeFiles/cmTC_59532.dir/CMakeCCompilerABI.c.o /tmp/cc9TUDjM.s
GNU assembler version 2.34 (x86_64-pc-linux-gnu) using BFD version (GNU Binutils) 2.34
COMPILER_PATH=/hpc/apps/gcc/9.3.0/libexec/gcc/x86_64-pc-linux-gnu/9.3.0/:/hpc/apps/gcc/9.3.0/libexec/gcc/x86_64-pc-linux-gnu/9.3.0/:/hpc/apps/gcc/9.3.0/libexec/gcc/x86_64-pc-linux-gnu/:/hpc/apps/gcc/9.3.0/lib/gcc/x86_64-pc-linux-gnu/9.3.0/:/hpc/apps/gcc/9.3.0/lib/gcc/x86_64-pc-linux-gnu/:/hpc/apps/gcc/9.3.0/lib/gcc/x86_64-pc-linux-gnu/9.3.0/../../../../x86_64-pc-linux-gnu/bin/
LIBRARY_PATH=/hpc/apps/gcc/9.3.0/lib/gcc/x86_64-pc-linux-gnu/9.3.0/:/hpc/apps/gcc/9.3.0/lib/gcc/x86_64-pc-linux-gnu/9.3.0/../../../../lib64/:/lib/../lib64/:/usr/lib/../lib64/:/hpc/apps/gcc/9.3.0/lib/gcc/x86_64-pc-linux-gnu/9.3.0/../../../../x86_64-pc-linux-gnu/lib/:/hpc/apps/gcc/9.3.0/lib/gcc/x86_64-pc-linux-gnu/9.3.0/../../../:/lib/:/usr/lib/
COLLECT_GCC_OPTIONS='-v' '-o' 'CMakeFiles/cmTC_59532.dir/CMakeCCompilerABI.c.o' '-c' '-mtune=generic' '-march=x86-64'
Linking C executable cmTC_59532
/hpc/apps/cmake/3.22.2/bin/cmake -E cmake_link_script CMakeFiles/cmTC_59532.dir/link.txt --verbose=1
/hpc/apps/gcc/9.3.0/bin/gcc  -v CMakeFiles/cmTC_59532.dir/CMakeCCompilerABI.c.o -o cmTC_59532 
Using built-in specs.
COLLECT_GCC=/hpc/apps/gcc/9.3.0/bin/gcc
COLLECT_LTO_WRAPPER=/hpc/apps/gcc/9.3.0/libexec/gcc/x86_64-pc-linux-gnu/9.3.0/lto-wrapper
Target: x86_64-pc-linux-gnu
Configured with: ../gcc-9.3.0/configure --prefix=/hpc/apps/gcc/9.3.0 --enable-ld=default --enable-lto --enable-plugins --with-tune-generic --enable-languages=c,c++,fortran --disable-multilib
Thread model: posix
gcc version 9.3.0 (GCC) 
COMPILER_PATH=/hpc/apps/gcc/9.3.0/libexec/gcc/x86_64-pc-linux-gnu/9.3.0/:/hpc/apps/gcc/9.3.0/libexec/gcc/x86_64-pc-linux-gnu/9.3.0/:/hpc/apps/gcc/9.3.0/libexec/gcc/x86_64-pc-linux-gnu/:/hpc/apps/gcc/9.3.0/lib/gcc/x86_64-pc-linux-gnu/9.3.0/:/hpc/apps/gcc/9.3.0/lib/gcc/x86_64-pc-linux-gnu/:/hpc/apps/gcc/9.3.0/lib/gcc/x86_64-pc-linux-gnu/9.3.0/../../../../x86_64-pc-linux-gnu/bin/
LIBRARY_PATH=/hpc/apps/gcc/9.3.0/lib/gcc/x86_64-pc-linux-gnu/9.3.0/:/hpc/apps/gcc/9.3.0/lib/gcc/x86_64-pc-linux-gnu/9.3.0/../../../../lib64/:/lib/../lib64/:/usr/lib/../lib64/:/hpc/apps/gcc/9.3.0/lib/gcc/x86_64-pc-linux-gnu/9.3.0/../../../../x86_64-pc-linux-gnu/lib/:/hpc/apps/gcc/9.3.0/lib/gcc/x86_64-pc-linux-gnu/9.3.0/../../../:/lib/:/usr/lib/
COLLECT_GCC_OPTIONS='-v' '-o' 'cmTC_59532' '-mtune=generic' '-march=x86-64'
 /hpc/apps/gcc/9.3.0/libexec/gcc/x86_64-pc-linux-gnu/9.3.0/collect2 -plugin /hpc/apps/gcc/9.3.0/libexec/gcc/x86_64-pc-linux-gnu/9.3.0/liblto_plugin.so -plugin-opt=/hpc/apps/gcc/9.3.0/libexec/gcc/x86_64-pc-linux-gnu/9.3.0/lto-wrapper -plugin-opt=-fresolution=/tmp/ccK7InDR.res -plugin-opt=-pass-through=-lgcc -plugin-opt=-pass-through=-lgcc_s -plugin-opt=-pass-through=-lc -plugin-opt=-pass-through=-lgcc -plugin-opt=-pass-through=-lgcc_s --eh-frame-hdr -m elf_x86_64 -dynamic-linker /lib64/ld-linux-x86-64.so.2 -o cmTC_59532 /lib/../lib64/crt1.o /lib/../lib64/crti.o /hpc/apps/gcc/9.3.0/lib/gcc/x86_64-pc-linux-gnu/9.3.0/crtbegin.o -L/hpc/apps/gcc/9.3.0/lib/gcc/x86_64-pc-linux-gnu/9.3.0 -L/hpc/apps/gcc/9.3.0/lib/gcc/x86_64-pc-linux-gnu/9.3.0/../../../../lib64 -L/lib/../lib64 -L/usr/lib/../lib64 -L/hpc/apps/gcc/9.3.0/lib/gcc/x86_64-pc-linux-gnu/9.3.0/../../../../x86_64-pc-linux-gnu/lib -L/hpc/apps/gcc/9.3.0/lib/gcc/x86_64-pc-linux-gnu/9.3.0/../../.. CMakeFiles/cmTC_59532.dir/CMakeCCompilerABI.c.o -lgcc --push-state --as-needed -lgcc_s --pop-state -lc -lgcc --push-state --as-needed -lgcc_s --pop-state /hpc/apps/gcc/9.3.0/lib/gcc/x86_64-pc-linux-gnu/9.3.0/crtend.o /lib/../lib64/crtn.o
COLLECT_GCC_OPTIONS='-v' '-o' 'cmTC_59532' '-mtune=generic' '-march=x86-64'
gmake[1]: Leaving directory `/scratch/u/yu89975/fastF/build/CMakeFiles/CMakeTmp'



Parsed C implicit include dir info from above output: rv=done
  found start of include info
  found start of implicit include info
    add: [/hpc/apps/netcdf/gcc/64/4.7.4/include]
    add: [/hpc/apps/hdf5/openmpi/gcc/64/1.12.0/include]
    add: [/hpc/apps/boost/openmpi/gcc/1.75.0/include]
    add: [/hpc/apps/geos/3.9.1/include]
    add: [/hpc/apps/openmpi/4.1.0/include]
    add: [/hpc/apps/gcc/9.3.0/lib/gcc/x86_64-pc-linux-gnu/9.3.0/include]
    add: [/usr/local/include]
    add: [/hpc/apps/gcc/9.3.0/include]
    add: [/hpc/apps/gcc/9.3.0/lib/gcc/x86_64-pc-linux-gnu/9.3.0/include-fixed]
    add: [/usr/include]
  end of search list found
  collapse include dir [/hpc/apps/netcdf/gcc/64/4.7.4/include] ==> [/hpc/apps/netcdf/gcc/64/4.7.4/include]
  collapse include dir [/hpc/apps/hdf5/openmpi/gcc/64/1.12.0/include] ==> [/hpc/apps/hdf5/openmpi/gcc/64/1.12.0/include]
  collapse include dir [/hpc/apps/boost/openmpi/gcc/1.75.0/include] ==> [/hpc/apps/boost/openmpi/gcc/1.75.0/include]
  collapse include dir [/hpc/apps/geos/3.9.1/include] ==> [/hpc/apps/geos/3.9.1/include]
  collapse include dir [/hpc/apps/openmpi/4.1.0/include] ==> [/hpc/apps/openmpi/4.1.0/include]
  collapse include dir [/hpc/apps/gcc/9.3.0/lib/gcc/x86_64-pc-linux-gnu/9.3.0/include] ==> [/hpc/apps/gcc/9.3.0/lib/gcc/x86_64-pc-linux-gnu/9.3.0/include]
  collapse include dir [/usr/local/include] ==> [/usr/local/include]
  collapse include dir [/hpc/apps/gcc/9.3.0/include] ==> [/hpc/apps/gcc/9.3.0/include]
  collapse include dir [/hpc/apps/gcc/9.3.0/lib/gcc/x86_64-pc-linux-gnu/9.3.0/include-fixed] ==> [/hpc/apps/gcc/9.3.0/lib/gcc/x86_64-pc-linux-gnu/9.3.0/include-fixed]
  collapse include dir [/usr/include] ==> [/usr/include]
  implicit include dirs: [/hpc/apps/netcdf/gcc/64/4.7.4/include;/hpc/apps/hdf5/openmpi/gcc/64/1.12.0/include;/hpc/apps/boost/openmpi/gcc/1.75.0/include;/hpc/apps/geos/3.9.1/include;/hpc/apps/openmpi/4.1.0/include;/hpc/apps/gcc/9.3.0/lib/gcc/x86_64-pc-linux-gnu/9.3.0/include;/usr/local/include;/hpc/apps/gcc/9.3.0/include;/hpc/apps/gcc/9.3.0/lib/gcc/x86_64-pc-linux-gnu/9.3.0/include-fixed;/usr/include]


Parsed C implicit link information from above output:
  link line regex: [^( *|.*[/\])(ld|CMAKE_LINK_STARTFILE-NOTFOUND|([^/\]+-)?ld|collect2)[^/\]*( |$)]
  ignore line: [Change Dir: /scratch/u/yu89975/fastF/build/CMakeFiles/CMakeTmp]
  ignore line: []
  ignore line: [Run Build Command(s):/usr/bin/gmake -f Makefile cmTC_59532/fast && /usr/bin/gmake  -f CMakeFiles/cmTC_59532.dir/build.make CMakeFiles/cmTC_59532.dir/build]
  ignore line: [gmake[1]: Entering directory `/scratch/u/yu89975/fastF/build/CMakeFiles/CMakeTmp']
  ignore line: [Building C object CMakeFiles/cmTC_59532.dir/CMakeCCompilerABI.c.o]
  ignore line: [/hpc/apps/gcc/9.3.0/bin/gcc   -v -o CMakeFiles/cmTC_59532.dir/CMakeCCompilerABI.c.o -c /hpc/apps/cmake/3.22.2/share/cmake-3.22/Modules/CMakeCCompilerABI.c]
  ignore line: [Using built-in specs.]
  ignore line: [COLLECT_GCC=/hpc/apps/gcc/9.3.0/bin/gcc]
  ignore line: [Target: x86_64-pc-linux-gnu]
  ignore line: [Configured with: ../gcc-9.3.0/configure --prefix=/hpc/apps/gcc/9.3.0 --enable-ld=default --enable-lto --enable-plugins --with-tune-generic --enable-languages=c,c++,fortran --disable-multilib]
  ignore line: [Thread model: posix]
  ignore line: [gcc version 9.3.0 (GCC) ]
  ignore line: [COLLECT_GCC_OPTIONS='-v' '-o' 'CMakeFiles/cmTC_59532.dir/CMakeCCompilerABI.c.o' '-c' '-mtune=generic' '-march=x86-64']
  ignore line: [ /hpc/apps/gcc/9.3.0/libexec/gcc/x86_64-pc-linux-gnu/9.3.0/cc1 -quiet -v /hpc/apps/cmake/3.22.2/share/cmake-3.22/Modules/CMakeCCompilerABI.c -quiet -dumpbase CMakeCCompilerABI.c -mtune=generic -march=x86-64 -auxbase-strip CMakeFiles/cmTC_59532.dir/CMakeCCompilerABI.c.o -version -o /tmp/cc9TUDjM.s]
  ignore line: [GNU C17 (GCC) version 9.3.0 (x86_64-pc-linux-gnu)]
  ignore line: [	compiled by GNU C version 9.3.0  GMP version 6.1.0  MPFR version 3.1.4  MPC version 1.0.3  isl version isl-0.18-GMP]
  ignore line: []
  ignore line: [GGC heuristics: --param ggc-min-expand=100 --param ggc-min-heapsize=131072]
  ignore line: [ignoring nonexistent directory "/hpc/apps/gcc/9.3.0/lib/gcc/x86_64-pc-linux-gnu/9.3.0/../../../../x86_64-pc-linux-gnu/include"]
  ignore line: [#include "..." search starts here:]
  ignore line: [#include <...> search starts here:]
  ignore line: [ /hpc/apps/netcdf/gcc/64/4.7.4/include]
  ignore line: [ /hpc/apps/hdf5/openmpi/gcc/64/1.12.0/include]
  ignore line: [ /hpc/apps/boost/openmpi/gcc/1.75.0/include]
  ignore line: [ /hpc/apps/geos/3.9.1/include]
  ignore line: [ /hpc/apps/openmpi/4.1.0/include]
  ignore line: [ /hpc/apps/gcc/9.3.0/lib/gcc/x86_64-pc-linux-gnu/9.3.0/include]
  ignore line: [ /usr/local/include]
  ignore line: [ /hpc/apps/gcc/9.3.0/include]
  ignore line: [ /hpc/apps/gcc/9.3.0/lib/gcc/x86_64-pc-linux-gnu/9.3.0/include-fixed]
  ignore line: [ /usr/include]
  ignore line: [End of search list.]
  ignore line: [GNU C17 (GCC) version 9.3.0 (x86_64-pc-linux-gnu)]
  ignore line: [	compiled by GNU C version 9.3.0  GMP version 6.1.0  MPFR version 3.1.4  MPC version 1.0.3  isl version isl-0.18-GMP]
  ignore line: []
  ignore line: [GGC heuristics: --param ggc-min-expand=100 --param ggc-min-heapsize=131072]
  ignore line: [Compiler executable checksum: a41d425c26e007cc9c85350db0570bca]
  ignore line: [COLLECT_GCC_OPTIONS='-v' '-o' 'CMakeFiles/cmTC_59532.dir/CMakeCCompilerABI.c.o' '-c' '-mtune=generic' '-march=x86-64']
  ignore line: [ /hpc/apps/gcc/9.3.0/lib/gcc/x86_64-pc-linux-gnu/9.3.0/../../../../x86_64-pc-linux-gnu/bin/as -v --64 -o CMakeFiles/cmTC_59532.dir/CMakeCCompilerABI.c.o /tmp/cc9TUDjM.s]
  ignore line: [GNU assembler version 2.34 (x86_64-pc-linux-gnu) using BFD version (GNU Binutils) 2.34]
  ignore line: [COMPILER_PATH=/hpc/apps/gcc/9.3.0/libexec/gcc/x86_64-pc-linux-gnu/9.3.0/:/hpc/apps/gcc/9.3.0/libexec/gcc/x86_64-pc-linux-gnu/9.3.0/:/hpc/apps/gcc/9.3.0/libexec/gcc/x86_64-pc-linux-gnu/:/hpc/apps/gcc/9.3.0/lib/gcc/x86_64-pc-linux-gnu/9.3.0/:/hpc/apps/gcc/9.3.0/lib/gcc/x86_64-pc-linux-gnu/:/hpc/apps/gcc/9.3.0/lib/gcc/x86_64-pc-linux-gnu/9.3.0/../../../../x86_64-pc-linux-gnu/bin/]
  ignore line: [LIBRARY_PATH=/hpc/apps/gcc/9.3.0/lib/gcc/x86_64-pc-linux-gnu/9.3.0/:/hpc/apps/gcc/9.3.0/lib/gcc/x86_64-pc-linux-gnu/9.3.0/../../../../lib64/:/lib/../lib64/:/usr/lib/../lib64/:/hpc/apps/gcc/9.3.0/lib/gcc/x86_64-pc-linux-gnu/9.3.0/../../../../x86_64-pc-linux-gnu/lib/:/hpc/apps/gcc/9.3.0/lib/gcc/x86_64-pc-linux-gnu/9.3.0/../../../:/lib/:/usr/lib/]
  ignore line: [COLLECT_GCC_OPTIONS='-v' '-o' 'CMakeFiles/cmTC_59532.dir/CMakeCCompilerABI.c.o' '-c' '-mtune=generic' '-march=x86-64']
  ignore line: [Linking C executable cmTC_59532]
  ignore line: [/hpc/apps/cmake/3.22.2/bin/cmake -E cmake_link_script CMakeFiles/cmTC_59532.dir/link.txt --verbose=1]
  ignore line: [/hpc/apps/gcc/9.3.0/bin/gcc  -v CMakeFiles/cmTC_59532.dir/CMakeCCompilerABI.c.o -o cmTC_59532 ]
  ignore line: [Using built-in specs.]
  ignore line: [COLLECT_GCC=/hpc/apps/gcc/9.3.0/bin/gcc]
  ignore line: [COLLECT_LTO_WRAPPER=/hpc/apps/gcc/9.3.0/libexec/gcc/x86_64-pc-linux-gnu/9.3.0/lto-wrapper]
  ignore line: [Target: x86_64-pc-linux-gnu]
  ignore line: [Configured with: ../gcc-9.3.0/configure --prefix=/hpc/apps/gcc/9.3.0 --enable-ld=default --enable-lto --enable-plugins --with-tune-generic --enable-languages=c,c++,fortran --disable-multilib]
  ignore line: [Thread model: posix]
  ignore line: [gcc version 9.3.0 (GCC) ]
  ignore line: [COMPILER_PATH=/hpc/apps/gcc/9.3.0/libexec/gcc/x86_64-pc-linux-gnu/9.3.0/:/hpc/apps/gcc/9.3.0/libexec/gcc/x86_64-pc-linux-gnu/9.3.0/:/hpc/apps/gcc/9.3.0/libexec/gcc/x86_64-pc-linux-gnu/:/hpc/apps/gcc/9.3.0/lib/gcc/x86_64-pc-linux-gnu/9.3.0/:/hpc/apps/gcc/9.3.0/lib/gcc/x86_64-pc-linux-gnu/:/hpc/apps/gcc/9.3.0/lib/gcc/x86_64-pc-linux-gnu/9.3.0/../../../../x86_64-pc-linux-gnu/bin/]
  ignore line: [LIBRARY_PATH=/hpc/apps/gcc/9.3.0/lib/gcc/x86_64-pc-linux-gnu/9.3.0/:/hpc/apps/gcc/9.3.0/lib/gcc/x86_64-pc-linux-gnu/9.3.0/../../../../lib64/:/lib/../lib64/:/usr/lib/../lib64/:/hpc/apps/gcc/9.3.0/lib/gcc/x86_64-pc-linux-gnu/9.3.0/../../../../x86_64-pc-linux-gnu/lib/:/hpc/apps/gcc/9.3.0/lib/gcc/x86_64-pc-linux-gnu/9.3.0/../../../:/lib/:/usr/lib/]
  ignore line: [COLLECT_GCC_OPTIONS='-v' '-o' 'cmTC_59532' '-mtune=generic' '-march=x86-64']
  link line: [ /hpc/apps/gcc/9.3.0/libexec/gcc/x86_64-pc-linux-gnu/9.3.0/collect2 -plugin /hpc/apps/gcc/9.3.0/libexec/gcc/x86_64-pc-linux-gnu/9.3.0/liblto_plugin.so -plugin-opt=/hpc/apps/gcc/9.3.0/libexec/gcc/x86_64-pc-linux-gnu/9.3.0/lto-wrapper -plugin-opt=-fresolution=/tmp/ccK7InDR.res -plugin-opt=-pass-through=-lgcc -plugin-opt=-pass-through=-lgcc_s -plugin-opt=-pass-through=-lc -plugin-opt=-pass-through=-lgcc -plugin-opt=-pass-through=-lgcc_s --eh-frame-hdr -m elf_x86_64 -dynamic-linker /lib64/ld-linux-x86-64.so.2 -o cmTC_59532 /lib/../lib64/crt1.o /lib/../lib64/crti.o /hpc/apps/gcc/9.3.0/lib/gcc/x86_64-pc-linux-gnu/9.3.0/crtbegin.o -L/hpc/apps/gcc/9.3.0/lib/gcc/x86_64-pc-linux-gnu/9.3.0 -L/hpc/apps/gcc/9.3.0/lib/gcc/x86_64-pc-linux-gnu/9.3.0/../../../../lib64 -L/lib/../lib64 -L/usr/lib/../lib64 -L/hpc/apps/gcc/9.3.0/lib/gcc/x86_64-pc-linux-gnu/9.3.0/../../../../x86_64-pc-linux-gnu/lib -L/hpc/apps/gcc/9.3.0/lib/gcc/x86_64-pc-linux-gnu/9.3.0/../../.. CMakeFiles/cmTC_59532.dir/CMakeCCompilerABI.c.o -lgcc --push-state --as-needed -lgcc_s --pop-state -lc -lgcc --push-state --as-needed -lgcc_s --pop-state /hpc/apps/gcc/9.3.0/lib/gcc/x86_64-pc-linux-gnu/9.3.0/crtend.o /lib/../lib64/crtn.o]
    arg [/hpc/apps/gcc/9.3.0/libexec/gcc/x86_64-pc-linux-gnu/9.3.0/collect2] ==> ignore
    arg [-plugin] ==> ignore
    arg [/hpc/apps/gcc/9.3.0/libexec/gcc/x86_64-pc-linux-gnu/9.3.0/liblto_plugin.so] ==> ignore
    arg [-plugin-opt=/hpc/apps/gcc/9.3.0/libexec/gcc/x86_64-pc-linux-gnu/9.3.0/lto-wrapper] ==> ignore
    arg [-plugin-opt=-fresolution=/tmp/ccK7InDR.res] ==> ignore
    arg [-plugin-opt=-pass-through=-lgcc] ==> ignore
    arg [-plugin-opt=-pass-through=-lgcc_s] ==> ignore
    arg [-plugin-opt=-pass-through=-lc] ==> ignore
    arg [-plugin-opt=-pass-through=-lgcc] ==> ignore
    arg [-plugin-opt=-pass-through=-lgcc_s] ==> ignore
    arg [--eh-frame-hdr] ==> ignore
    arg [-m] ==> ignore
    arg [elf_x86_64] ==> ignore
    arg [-dynamic-linker] ==> ignore
    arg [/lib64/ld-linux-x86-64.so.2] ==> ignore
    arg [-o] ==> ignore
    arg [cmTC_59532] ==> ignore
    arg [/lib/../lib64/crt1.o] ==> obj [/lib/../lib64/crt1.o]
    arg [/lib/../lib64/crti.o] ==> obj [/lib/../lib64/crti.o]
    arg [/hpc/apps/gcc/9.3.0/lib/gcc/x86_64-pc-linux-gnu/9.3.0/crtbegin.o] ==> obj [/hpc/apps/gcc/9.3.0/lib/gcc/x86_64-pc-linux-gnu/9.3.0/crtbegin.o]
    arg [-L/hpc/apps/gcc/9.3.0/lib/gcc/x86_64-pc-linux-gnu/9.3.0] ==> dir [/hpc/apps/gcc/9.3.0/lib/gcc/x86_64-pc-linux-gnu/9.3.0]
    arg [-L/hpc/apps/gcc/9.3.0/lib/gcc/x86_64-pc-linux-gnu/9.3.0/../../../../lib64] ==> dir [/hpc/apps/gcc/9.3.0/lib/gcc/x86_64-pc-linux-gnu/9.3.0/../../../../lib64]
    arg [-L/lib/../lib64] ==> dir [/lib/../lib64]
    arg [-L/usr/lib/../lib64] ==> dir [/usr/lib/../lib64]
    arg [-L/hpc/apps/gcc/9.3.0/lib/gcc/x86_64-pc-linux-gnu/9.3.0/../../../../x86_64-pc-linux-gnu/lib] ==> dir [/hpc/apps/gcc/9.3.0/lib/gcc/x86_64-pc-linux-gnu/9.3.0/../../../../x86_64-pc-linux-gnu/lib]
    arg [-L/hpc/apps/gcc/9.3.0/lib/gcc/x86_64-pc-linux-gnu/9.3.0/../../..] ==> dir [/hpc/apps/gcc/9.3.0/lib/gcc/x86_64-pc-linux-gnu/9.3.0/../../..]
    arg [CMakeFiles/cmTC_59532.dir/CMakeCCompilerABI.c.o] ==> ignore
    arg [-lgcc] ==> lib [gcc]
    arg [--push-state] ==> ignore
    arg [--as-needed] ==> ignore
    arg [-lgcc_s] ==> lib [gcc_s]
    arg [--pop-state] ==> ignore
    arg [-lc] ==> lib [c]
    arg [-lgcc] ==> lib [gcc]
    arg [--push-state] ==> ignore
    arg [--as-needed] ==> ignore
    arg [-lgcc_s] ==> lib [gcc_s]
    arg [--pop-state] ==> ignore
    arg [/hpc/apps/gcc/9.3.0/lib/gcc/x86_64-pc-linux-gnu/9.3.0/crtend.o] ==> obj [/hpc/apps/gcc/9.3.0/lib/gcc/x86_64-pc-linux-gnu/9.3.0/crtend.o]
    arg [/lib/../lib64/crtn.o] ==> obj [/lib/../lib64/crtn.o]
  collapse obj [/lib/../lib64/crt1.o] ==> [/lib64/crt1.o]
  collapse obj [/lib/../lib64/crti.o] ==> [/lib64/crti.o]
  collapse obj [/lib/../lib64/crtn.o] ==> [/lib64/crtn.o]
  collapse library dir [/hpc/apps/gcc/9.3.0/lib/gcc/x86_64-pc-linux-gnu/9.3.0] ==> [/hpc/apps/gcc/9.3.0/lib/gcc/x86_64-pc-linux-gnu/9.3.0]
  collapse library dir [/hpc/apps/gcc/9.3.0/lib/gcc/x86_64-pc-linux-gnu/9.3.0/../../../../lib64] ==> [/hpc/apps/gcc/9.3.0/lib64]
  collapse library dir [/lib/../lib64] ==> [/lib64]
  collapse library dir [/usr/lib/../lib64] ==> [/usr/lib64]
  collapse library dir [/hpc/apps/gcc/9.3.0/lib/gcc/x86_64-pc-linux-gnu/9.3.0/../../../../x86_64-pc-linux-gnu/lib] ==> [/hpc/apps/gcc/9.3.0/x86_64-pc-linux-gnu/lib]
  collapse library dir [/hpc/apps/gcc/9.3.0/lib/gcc/x86_64-pc-linux-gnu/9.3.0/../../..] ==> [/hpc/apps/gcc/9.3.0/lib]
  implicit libs: [gcc;gcc_s;c;gcc;gcc_s]
  implicit objs: [/lib64/crt1.o;/lib64/crti.o;/hpc/apps/gcc/9.3.0/lib/gcc/x86_64-pc-linux-gnu/9.3.0/crtbegin.o;/hpc/apps/gcc/9.3.0/lib/gcc/x86_64-pc-linux-gnu/9.3.0/crtend.o;/lib64/crtn.o]
  implicit dirs: [/hpc/apps/gcc/9.3.0/lib/gcc/x86_64-pc-linux-gnu/9.3.0;/hpc/apps/gcc/9.3.0/lib64;/lib64;/usr/lib64;/hpc/apps/gcc/9.3.0/x86_64-pc-linux-gnu/lib;/hpc/apps/gcc/9.3.0/lib]
  implicit fwks: []


Detecting CXX compiler ABI info compiled with the following output:
Change Dir: /scratch/u/yu89975/fastF/build/CMakeFiles/CMakeTmp

Run Build Command(s):/usr/bin/gmake -f Makefile cmTC_f48a6/fast && /usr/bin/gmake  -f CMakeFiles/cmTC_f48a6.dir/build.make CMakeFiles/cmTC_f48a6.dir/build
gmake[1]: Entering directory `/scratch/u/yu89975/fastF/build/CMakeFiles/CMakeTmp'
Building CXX object CMakeFiles/cmTC_f48a6.dir/CMakeCXXCompilerABI.cpp.o
/hpc/apps/gcc/9.3.0/bin/c++   -v -o CMakeFiles/cmTC_f48a6.dir/CMakeCXXCompilerABI.cpp.o -c /hpc/apps/cmake/3.22.2/share/cmake-3.22/Modules/CMakeCXXCompilerABI.cpp
Using built-in specs.
COLLECT_GCC=/hpc/apps/gcc/9.3.0/bin/c++
Target: x86_64-pc-linux-gnu
Configured with: ../gcc-9.3.0/configure --prefix=/hpc/apps/gcc/9.3.0 --enable-ld=default --enable-lto --enable-plugins --with-tune-generic --enable-languages=c,c++,fortran --disable-multilib
Thread model: posix
gcc version 9.3.0 (GCC) 
COLLECT_GCC_OPTIONS='-v' '-o' 'CMakeFiles/cmTC_f48a6.dir/CMakeCXXCompilerABI.cpp.o' '-c' '-shared-libgcc' '-mtune=generic' '-march=x86-64'
 /hpc/apps/gcc/9.3.0/libexec/gcc/x86_64-pc-linux-gnu/9.3.0/cc1plus -quiet -v -D_GNU_SOURCE /hpc/apps/cmake/3.22.2/share/cmake-3.22/Modules/CMakeCXXCompilerABI.cpp -quiet -dumpbase CMakeCXXCompilerABI.cpp -mtune=generic -march=x86-64 -auxbase-strip CMakeFiles/cmTC_f48a6.dir/CMakeCXXCompilerABI.cpp.o -version -o /tmp/ccG5zaUi.s
GNU C++14 (GCC) version 9.3.0 (x86_64-pc-linux-gnu)
	compiled by GNU C version 9.3.0, GMP version 6.1.0, MPFR version 3.1.4, MPC version 1.0.3, isl version isl-0.18-GMP

GGC heuristics: --param ggc-min-expand=100 --param ggc-min-heapsize=131072
ignoring nonexistent directory "/hpc/apps/gcc/9.3.0/lib/gcc/x86_64-pc-linux-gnu/9.3.0/../../../../x86_64-pc-linux-gnu/include"
#include "..." search starts here:
#include <...> search starts here:
 /hpc/apps/netcdf/gcc/64/4.7.4/include
 /hpc/apps/hdf5/openmpi/gcc/64/1.12.0/include
 /hpc/apps/boost/openmpi/gcc/1.75.0/include
 /hpc/apps/geos/3.9.1/include
 /hpc/apps/openmpi/4.1.0/include
 /hpc/apps/gcc/9.3.0/lib/gcc/x86_64-pc-linux-gnu/9.3.0/../../../../include/c++/9.3.0
 /hpc/apps/gcc/9.3.0/lib/gcc/x86_64-pc-linux-gnu/9.3.0/../../../../include/c++/9.3.0/x86_64-pc-linux-gnu
 /hpc/apps/gcc/9.3.0/lib/gcc/x86_64-pc-linux-gnu/9.3.0/../../../../include/c++/9.3.0/backward
 /hpc/apps/gcc/9.3.0/lib/gcc/x86_64-pc-linux-gnu/9.3.0/include
 /usr/local/include
 /hpc/apps/gcc/9.3.0/include
 /hpc/apps/gcc/9.3.0/lib/gcc/x86_64-pc-linux-gnu/9.3.0/include-fixed
 /usr/include
End of search list.
GNU C++14 (GCC) version 9.3.0 (x86_64-pc-linux-gnu)
	compiled by GNU C version 9.3.0, GMP version 6.1.0, MPFR version 3.1.4, MPC version 1.0.3, isl version isl-0.18-GMP

GGC heuristics: --param ggc-min-expand=100 --param ggc-min-heapsize=131072
Compiler executable checksum: 32e6f857b2a5d9fe4a51c59395c55321
COLLECT_GCC_OPTIONS='-v' '-o' 'CMakeFiles/cmTC_f48a6.dir/CMakeCXXCompilerABI.cpp.o' '-c' '-shared-libgcc' '-mtune=generic' '-march=x86-64'
 /hpc/apps/gcc/9.3.0/lib/gcc/x86_64-pc-linux-gnu/9.3.0/../../../../x86_64-pc-linux-gnu/bin/as -v --64 -o CMakeFiles/cmTC_f48a6.dir/CMakeCXXCompilerABI.cpp.o /tmp/ccG5zaUi.s
GNU assembler version 2.34 (x86_64-pc-linux-gnu) using BFD version (GNU Binutils) 2.34
COMPILER_PATH=/hpc/apps/gcc/9.3.0/libexec/gcc/x86_64-pc-linux-gnu/9.3.0/:/hpc/apps/gcc/9.3.0/libexec/gcc/x86_64-pc-linux-gnu/9.3.0/:/hpc/apps/gcc/9.3.0/libexec/gcc/x86_64-pc-linux-gnu/:/hpc/apps/gcc/9.3.0/lib/gcc/x86_64-pc-linux-gnu/9.3.0/:/hpc/apps/gcc/9.3.0/lib/gcc/x86_64-pc-linux-gnu/:/hpc/apps/gcc/9.3.0/lib/gcc/x86_64-pc-linux-gnu/9.3.0/../../../../x86_64-pc-linux-gnu/bin/
LIBRARY_PATH=/hpc/apps/gcc/9.3.0/lib/gcc/x86_64-pc-linux-gnu/9.3.0/:/hpc/apps/gcc/9.3.0/lib/gcc/x86_64-pc-linux-gnu/9.3.0/../../../../lib64/:/lib/../lib64/:/usr/lib/../lib64/:/hpc/apps/gcc/9.3.0/lib/gcc/x86_64-pc-linux-gnu/9.3.0/../../../../x86_64-pc-linux-gnu/lib/:/hpc/apps/gcc/9.3.0/lib/gcc/x86_64-pc-linux-gnu/9.3.0/../../../:/lib/:/usr/lib/
COLLECT_GCC_OPTIONS='-v' '-o' 'CMakeFiles/cmTC_f48a6.dir/CMakeCXXCompilerABI.cpp.o' '-c' '-shared-libgcc' '-mtune=generic' '-march=x86-64'
Linking CXX executable cmTC_f48a6
/hpc/apps/cmake/3.22.2/bin/cmake -E cmake_link_script CMakeFiles/cmTC_f48a6.dir/link.txt --verbose=1
/hpc/apps/gcc/9.3.0/bin/c++  -v CMakeFiles/cmTC_f48a6.dir/CMakeCXXCompilerABI.cpp.o -o cmTC_f48a6 
Using built-in specs.
COLLECT_GCC=/hpc/apps/gcc/9.3.0/bin/c++
COLLECT_LTO_WRAPPER=/hpc/apps/gcc/9.3.0/libexec/gcc/x86_64-pc-linux-gnu/9.3.0/lto-wrapper
Target: x86_64-pc-linux-gnu
Configured with: ../gcc-9.3.0/configure --prefix=/hpc/apps/gcc/9.3.0 --enable-ld=default --enable-lto --enable-plugins --with-tune-generic --enable-languages=c,c++,fortran --disable-multilib
Thread model: posix
gcc version 9.3.0 (GCC) 
COMPILER_PATH=/hpc/apps/gcc/9.3.0/libexec/gcc/x86_64-pc-linux-gnu/9.3.0/:/hpc/apps/gcc/9.3.0/libexec/gcc/x86_64-pc-linux-gnu/9.3.0/:/hpc/apps/gcc/9.3.0/libexec/gcc/x86_64-pc-linux-gnu/:/hpc/apps/gcc/9.3.0/lib/gcc/x86_64-pc-linux-gnu/9.3.0/:/hpc/apps/gcc/9.3.0/lib/gcc/x86_64-pc-linux-gnu/:/hpc/apps/gcc/9.3.0/lib/gcc/x86_64-pc-linux-gnu/9.3.0/../../../../x86_64-pc-linux-gnu/bin/
LIBRARY_PATH=/hpc/apps/gcc/9.3.0/lib/gcc/x86_64-pc-linux-gnu/9.3.0/:/hpc/apps/gcc/9.3.0/lib/gcc/x86_64-pc-linux-gnu/9.3.0/../../../../lib64/:/lib/../lib64/:/usr/lib/../lib64/:/hpc/apps/gcc/9.3.0/lib/gcc/x86_64-pc-linux-gnu/9.3.0/../../../../x86_64-pc-linux-gnu/lib/:/hpc/apps/gcc/9.3.0/lib/gcc/x86_64-pc-linux-gnu/9.3.0/../../../:/lib/:/usr/lib/
COLLECT_GCC_OPTIONS='-v' '-o' 'cmTC_f48a6' '-shared-libgcc' '-mtune=generic' '-march=x86-64'
 /hpc/apps/gcc/9.3.0/libexec/gcc/x86_64-pc-linux-gnu/9.3.0/collect2 -plugin /hpc/apps/gcc/9.3.0/libexec/gcc/x86_64-pc-linux-gnu/9.3.0/liblto_plugin.so -plugin-opt=/hpc/apps/gcc/9.3.0/libexec/gcc/x86_64-pc-linux-gnu/9.3.0/lto-wrapper -plugin-opt=-fresolution=/tmp/ccE9CXDq.res -plugin-opt=-pass-through=-lgcc_s -plugin-opt=-pass-through=-lgcc -plugin-opt=-pass-through=-lc -plugin-opt=-pass-through=-lgcc_s -plugin-opt=-pass-through=-lgcc --eh-frame-hdr -m elf_x86_64 -dynamic-linker /lib64/ld-linux-x86-64.so.2 -o cmTC_f48a6 /lib/../lib64/crt1.o /lib/../lib64/crti.o /hpc/apps/gcc/9.3.0/lib/gcc/x86_64-pc-linux-gnu/9.3.0/crtbegin.o -L/hpc/apps/gcc/9.3.0/lib/gcc/x86_64-pc-linux-gnu/9.3.0 -L/hpc/apps/gcc/9.3.0/lib/gcc/x86_64-pc-linux-gnu/9.3.0/../../../../lib64 -L/lib/../lib64 -L/usr/lib/../lib64 -L/hpc/apps/gcc/9.3.0/lib/gcc/x86_64-pc-linux-gnu/9.3.0/../../../../x86_64-pc-linux-gnu/lib -L/hpc/apps/gcc/9.3.0/lib/gcc/x86_64-pc-linux-gnu/9.3.0/../../.. CMakeFiles/cmTC_f48a6.dir/CMakeCXXCompilerABI.cpp.o -lstdc++ -lm -lgcc_s -lgcc -lc -lgcc_s -lgcc /hpc/apps/gcc/9.3.0/lib/gcc/x86_64-pc-linux-gnu/9.3.0/crtend.o /lib/../lib64/crtn.o
COLLECT_GCC_OPTIONS='-v' '-o' 'cmTC_f48a6' '-shared-libgcc' '-mtune=generic' '-march=x86-64'
gmake[1]: Leaving directory `/scratch/u/yu89975/fastF/build/CMakeFiles/CMakeTmp'



Parsed CXX implicit include dir info from above output: rv=done
  found start of include info
  found start of implicit include info
    add: [/hpc/apps/netcdf/gcc/64/4.7.4/include]
    add: [/hpc/apps/hdf5/openmpi/gcc/64/1.12.0/include]
    add: [/hpc/apps/boost/openmpi/gcc/1.75.0/include]
    add: [/hpc/apps/geos/3.9.1/include]
    add: [/hpc/apps/openmpi/4.1.0/include]
    add: [/hpc/apps/gcc/9.3.0/lib/gcc/x86_64-pc-linux-gnu/9.3.0/../../../../include/c++/9.3.0]
    add: [/hpc/apps/gcc/9.3.0/lib/gcc/x86_64-pc-linux-gnu/9.3.0/../../../../include/c++/9.3.0/x86_64-pc-linux-gnu]
    add: [/hpc/apps/gcc/9.3.0/lib/gcc/x86_64-pc-linux-gnu/9.3.0/../../../../include/c++/9.3.0/backward]
    add: [/hpc/apps/gcc/9.3.0/lib/gcc/x86_64-pc-linux-gnu/9.3.0/include]
    add: [/usr/local/include]
    add: [/hpc/apps/gcc/9.3.0/include]
    add: [/hpc/apps/gcc/9.3.0/lib/gcc/x86_64-pc-linux-gnu/9.3.0/include-fixed]
    add: [/usr/include]
  end of search list found
  collapse include dir [/hpc/apps/netcdf/gcc/64/4.7.4/include] ==> [/hpc/apps/netcdf/gcc/64/4.7.4/include]
  collapse include dir [/hpc/apps/hdf5/openmpi/gcc/64/1.12.0/include] ==> [/hpc/apps/hdf5/openmpi/gcc/64/1.12.0/include]
  collapse include dir [/hpc/apps/boost/openmpi/gcc/1.75.0/include] ==> [/hpc/apps/boost/openmpi/gcc/1.75.0/include]
  collapse include dir [/hpc/apps/geos/3.9.1/include] ==> [/hpc/apps/geos/3.9.1/include]
  collapse include dir [/hpc/apps/openmpi/4.1.0/include] ==> [/hpc/apps/openmpi/4.1.0/include]
  collapse include dir [/hpc/apps/gcc/9.3.0/lib/gcc/x86_64-pc-linux-gnu/9.3.0/../../../../include/c++/9.3.0] ==> [/hpc/apps/gcc/9.3.0/include/c++/9.3.0]
  collapse include dir [/hpc/apps/gcc/9.3.0/lib/gcc/x86_64-pc-linux-gnu/9.3.0/../../../../include/c++/9.3.0/x86_64-pc-linux-gnu] ==> [/hpc/apps/gcc/9.3.0/include/c++/9.3.0/x86_64-pc-linux-gnu]
  collapse include dir [/hpc/apps/gcc/9.3.0/lib/gcc/x86_64-pc-linux-gnu/9.3.0/../../../../include/c++/9.3.0/backward] ==> [/hpc/apps/gcc/9.3.0/include/c++/9.3.0/backward]
  collapse include dir [/hpc/apps/gcc/9.3.0/lib/gcc/x86_64-pc-linux-gnu/9.3.0/include] ==> [/hpc/apps/gcc/9.3.0/lib/gcc/x86_64-pc-linux-gnu/9.3.0/include]
  collapse include dir [/usr/local/include] ==> [/usr/local/include]
  collapse include dir [/hpc/apps/gcc/9.3.0/include] ==> [/hpc/apps/gcc/9.3.0/include]
  collapse include dir [/hpc/apps/gcc/9.3.0/lib/gcc/x86_64-pc-linux-gnu/9.3.0/include-fixed] ==> [/hpc/apps/gcc/9.3.0/lib/gcc/x86_64-pc-linux-gnu/9.3.0/include-fixed]
  collapse include dir [/usr/include] ==> [/usr/include]
  implicit include dirs: [/hpc/apps/netcdf/gcc/64/4.7.4/include;/hpc/apps/hdf5/openmpi/gcc/64/1.12.0/include;/hpc/apps/boost/openmpi/gcc/1.75.0/include;/hpc/apps/geos/3.9.1/include;/hpc/apps/openmpi/4.1.0/include;/hpc/apps/gcc/9.3.0/include/c++/9.3.0;/hpc/apps/gcc/9.3.0/include/c++/9.3.0/x86_64-pc-linux-gnu;/hpc/apps/gcc/9.3.0/include/c++/9.3.0/backward;/hpc/apps/gcc/9.3.0/lib/gcc/x86_64-pc-linux-gnu/9.3.0/include;/usr/local/include;/hpc/apps/gcc/9.3.0/include;/hpc/apps/gcc/9.3.0/lib/gcc/x86_64-pc-linux-gnu/9.3.0/include-fixed;/usr/include]


Parsed CXX implicit link information from above output:
  link line regex: [^( *|.*[/\])(ld|CMAKE_LINK_STARTFILE-NOTFOUND|([^/\]+-)?ld|collect2)[^/\]*( |$)]
  ignore line: [Change Dir: /scratch/u/yu89975/fastF/build/CMakeFiles/CMakeTmp]
  ignore line: []
  ignore line: [Run Build Command(s):/usr/bin/gmake -f Makefile cmTC_f48a6/fast && /usr/bin/gmake  -f CMakeFiles/cmTC_f48a6.dir/build.make CMakeFiles/cmTC_f48a6.dir/build]
  ignore line: [gmake[1]: Entering directory `/scratch/u/yu89975/fastF/build/CMakeFiles/CMakeTmp']
  ignore line: [Building CXX object CMakeFiles/cmTC_f48a6.dir/CMakeCXXCompilerABI.cpp.o]
  ignore line: [/hpc/apps/gcc/9.3.0/bin/c++   -v -o CMakeFiles/cmTC_f48a6.dir/CMakeCXXCompilerABI.cpp.o -c /hpc/apps/cmake/3.22.2/share/cmake-3.22/Modules/CMakeCXXCompilerABI.cpp]
  ignore line: [Using built-in specs.]
  ignore line: [COLLECT_GCC=/hpc/apps/gcc/9.3.0/bin/c++]
  ignore line: [Target: x86_64-pc-linux-gnu]
  ignore line: [Configured with: ../gcc-9.3.0/configure --prefix=/hpc/apps/gcc/9.3.0 --enable-ld=default --enable-lto --enable-plugins --with-tune-generic --enable-languages=c,c++,fortran --disable-multilib]
  ignore line: [Thread model: posix]
  ignore line: [gcc version 9.3.0 (GCC) ]
  ignore line: [COLLECT_GCC_OPTIONS='-v' '-o' 'CMakeFiles/cmTC_f48a6.dir/CMakeCXXCompilerABI.cpp.o' '-c' '-shared-libgcc' '-mtune=generic' '-march=x86-64']
  ignore line: [ /hpc/apps/gcc/9.3.0/libexec/gcc/x86_64-pc-linux-gnu/9.3.0/cc1plus -quiet -v -D_GNU_SOURCE /hpc/apps/cmake/3.22.2/share/cmake-3.22/Modules/CMakeCXXCompilerABI.cpp -quiet -dumpbase CMakeCXXCompilerABI.cpp -mtune=generic -march=x86-64 -auxbase-strip CMakeFiles/cmTC_f48a6.dir/CMakeCXXCompilerABI.cpp.o -version -o /tmp/ccG5zaUi.s]
  ignore line: [GNU C++14 (GCC) version 9.3.0 (x86_64-pc-linux-gnu)]
  ignore line: [	compiled by GNU C version 9.3.0  GMP version 6.1.0  MPFR version 3.1.4  MPC version 1.0.3  isl version isl-0.18-GMP]
  ignore line: []
  ignore line: [GGC heuristics: --param ggc-min-expand=100 --param ggc-min-heapsize=131072]
  ignore line: [ignoring nonexistent directory "/hpc/apps/gcc/9.3.0/lib/gcc/x86_64-pc-linux-gnu/9.3.0/../../../../x86_64-pc-linux-gnu/include"]
  ignore line: [#include "..." search starts here:]
  ignore line: [#include <...> search starts here:]
  ignore line: [ /hpc/apps/netcdf/gcc/64/4.7.4/include]
  ignore line: [ /hpc/apps/hdf5/openmpi/gcc/64/1.12.0/include]
  ignore line: [ /hpc/apps/boost/openmpi/gcc/1.75.0/include]
  ignore line: [ /hpc/apps/geos/3.9.1/include]
  ignore line: [ /hpc/apps/openmpi/4.1.0/include]
  ignore line: [ /hpc/apps/gcc/9.3.0/lib/gcc/x86_64-pc-linux-gnu/9.3.0/../../../../include/c++/9.3.0]
  ignore line: [ /hpc/apps/gcc/9.3.0/lib/gcc/x86_64-pc-linux-gnu/9.3.0/../../../../include/c++/9.3.0/x86_64-pc-linux-gnu]
  ignore line: [ /hpc/apps/gcc/9.3.0/lib/gcc/x86_64-pc-linux-gnu/9.3.0/../../../../include/c++/9.3.0/backward]
  ignore line: [ /hpc/apps/gcc/9.3.0/lib/gcc/x86_64-pc-linux-gnu/9.3.0/include]
  ignore line: [ /usr/local/include]
  ignore line: [ /hpc/apps/gcc/9.3.0/include]
  ignore line: [ /hpc/apps/gcc/9.3.0/lib/gcc/x86_64-pc-linux-gnu/9.3.0/include-fixed]
  ignore line: [ /usr/include]
  ignore line: [End of search list.]
  ignore line: [GNU C++14 (GCC) version 9.3.0 (x86_64-pc-linux-gnu)]
  ignore line: [	compiled by GNU C version 9.3.0  GMP version 6.1.0  MPFR version 3.1.4  MPC version 1.0.3  isl version isl-0.18-GMP]
  ignore line: []
  ignore line: [GGC heuristics: --param ggc-min-expand=100 --param ggc-min-heapsize=131072]
  ignore line: [Compiler executable checksum: 32e6f857b2a5d9fe4a51c59395c55321]
  ignore line: [COLLECT_GCC_OPTIONS='-v' '-o' 'CMakeFiles/cmTC_f48a6.dir/CMakeCXXCompilerABI.cpp.o' '-c' '-shared-libgcc' '-mtune=generic' '-march=x86-64']
  ignore line: [ /hpc/apps/gcc/9.3.0/lib/gcc/x86_64-pc-linux-gnu/9.3.0/../../../../x86_64-pc-linux-gnu/bin/as -v --64 -o CMakeFiles/cmTC_f48a6.dir/CMakeCXXCompilerABI.cpp.o /tmp/ccG5zaUi.s]
  ignore line: [GNU assembler version 2.34 (x86_64-pc-linux-gnu) using BFD version (GNU Binutils) 2.34]
  ignore line: [COMPILER_PATH=/hpc/apps/gcc/9.3.0/libexec/gcc/x86_64-pc-linux-gnu/9.3.0/:/hpc/apps/gcc/9.3.0/libexec/gcc/x86_64-pc-linux-gnu/9.3.0/:/hpc/apps/gcc/9.3.0/libexec/gcc/x86_64-pc-linux-gnu/:/hpc/apps/gcc/9.3.0/lib/gcc/x86_64-pc-linux-gnu/9.3.0/:/hpc/apps/gcc/9.3.0/lib/gcc/x86_64-pc-linux-gnu/:/hpc/apps/gcc/9.3.0/lib/gcc/x86_64-pc-linux-gnu/9.3.0/../../../../x86_64-pc-linux-gnu/bin/]
  ignore line: [LIBRARY_PATH=/hpc/apps/gcc/9.3.0/lib/gcc/x86_64-pc-linux-gnu/9.3.0/:/hpc/apps/gcc/9.3.0/lib/gcc/x86_64-pc-linux-gnu/9.3.0/../../../../lib64/:/lib/../lib64/:/usr/lib/../lib64/:/hpc/apps/gcc/9.3.0/lib/gcc/x86_64-pc-linux-gnu/9.3.0/../../../../x86_64-pc-linux-gnu/lib/:/hpc/apps/gcc/9.3.0/lib/gcc/x86_64-pc-linux-gnu/9.3.0/../../../:/lib/:/usr/lib/]
  ignore line: [COLLECT_GCC_OPTIONS='-v' '-o' 'CMakeFiles/cmTC_f48a6.dir/CMakeCXXCompilerABI.cpp.o' '-c' '-shared-libgcc' '-mtune=generic' '-march=x86-64']
  ignore line: [Linking CXX executable cmTC_f48a6]
  ignore line: [/hpc/apps/cmake/3.22.2/bin/cmake -E cmake_link_script CMakeFiles/cmTC_f48a6.dir/link.txt --verbose=1]
  ignore line: [/hpc/apps/gcc/9.3.0/bin/c++  -v CMakeFiles/cmTC_f48a6.dir/CMakeCXXCompilerABI.cpp.o -o cmTC_f48a6 ]
  ignore line: [Using built-in specs.]
  ignore line: [COLLECT_GCC=/hpc/apps/gcc/9.3.0/bin/c++]
  ignore line: [COLLECT_LTO_WRAPPER=/hpc/apps/gcc/9.3.0/libexec/gcc/x86_64-pc-linux-gnu/9.3.0/lto-wrapper]
  ignore line: [Target: x86_64-pc-linux-gnu]
  ignore line: [Configured with: ../gcc-9.3.0/configure --prefix=/hpc/apps/gcc/9.3.0 --enable-ld=default --enable-lto --enable-plugins --with-tune-generic --enable-languages=c,c++,fortran --disable-multilib]
  ignore line: [Thread model: posix]
  ignore line: [gcc version 9.3.0 (GCC) ]
  ignore line: [COMPILER_PATH=/hpc/apps/gcc/9.3.0/libexec/gcc/x86_64-pc-linux-gnu/9.3.0/:/hpc/apps/gcc/9.3.0/libexec/gcc/x86_64-pc-linux-gnu/9.3.0/:/hpc/apps/gcc/9.3.0/libexec/gcc/x86_64-pc-linux-gnu/:/hpc/apps/gcc/9.3.0/lib/gcc/x86_64-pc-linux-gnu/9.3.0/:/hpc/apps/gcc/9.3.0/lib/gcc/x86_64-pc-linux-gnu/:/hpc/apps/gcc/9.3.0/lib/gcc/x86_64-pc-linux-gnu/9.3.0/../../../../x86_64-pc-linux-gnu/bin/]
  ignore line: [LIBRARY_PATH=/hpc/apps/gcc/9.3.0/lib/gcc/x86_64-pc-linux-gnu/9.3.0/:/hpc/apps/gcc/9.3.0/lib/gcc/x86_64-pc-linux-gnu/9.3.0/../../../../lib64/:/lib/../lib64/:/usr/lib/../lib64/:/hpc/apps/gcc/9.3.0/lib/gcc/x86_64-pc-linux-gnu/9.3.0/../../../../x86_64-pc-linux-gnu/lib/:/hpc/apps/gcc/9.3.0/lib/gcc/x86_64-pc-linux-gnu/9.3.0/../../../:/lib/:/usr/lib/]
  ignore line: [COLLECT_GCC_OPTIONS='-v' '-o' 'cmTC_f48a6' '-shared-libgcc' '-mtune=generic' '-march=x86-64']
  link line: [ /hpc/apps/gcc/9.3.0/libexec/gcc/x86_64-pc-linux-gnu/9.3.0/collect2 -plugin /hpc/apps/gcc/9.3.0/libexec/gcc/x86_64-pc-linux-gnu/9.3.0/liblto_plugin.so -plugin-opt=/hpc/apps/gcc/9.3.0/libexec/gcc/x86_64-pc-linux-gnu/9.3.0/lto-wrapper -plugin-opt=-fresolution=/tmp/ccE9CXDq.res -plugin-opt=-pass-through=-lgcc_s -plugin-opt=-pass-through=-lgcc -plugin-opt=-pass-through=-lc -plugin-opt=-pass-through=-lgcc_s -plugin-opt=-pass-through=-lgcc --eh-frame-hdr -m elf_x86_64 -dynamic-linker /lib64/ld-linux-x86-64.so.2 -o cmTC_f48a6 /lib/../lib64/crt1.o /lib/../lib64/crti.o /hpc/apps/gcc/9.3.0/lib/gcc/x86_64-pc-linux-gnu/9.3.0/crtbegin.o -L/hpc/apps/gcc/9.3.0/lib/gcc/x86_64-pc-linux-gnu/9.3.0 -L/hpc/apps/gcc/9.3.0/lib/gcc/x86_64-pc-linux-gnu/9.3.0/../../../../lib64 -L/lib/../lib64 -L/usr/lib/../lib64 -L/hpc/apps/gcc/9.3.0/lib/gcc/x86_64-pc-linux-gnu/9.3.0/../../../../x86_64-pc-linux-gnu/lib -L/hpc/apps/gcc/9.3.0/lib/gcc/x86_64-pc-linux-gnu/9.3.0/../../.. CMakeFiles/cmTC_f48a6.dir/CMakeCXXCompilerABI.cpp.o -lstdc++ -lm -lgcc_s -lgcc -lc -lgcc_s -lgcc /hpc/apps/gcc/9.3.0/lib/gcc/x86_64-pc-linux-gnu/9.3.0/crtend.o /lib/../lib64/crtn.o]
    arg [/hpc/apps/gcc/9.3.0/libexec/gcc/x86_64-pc-linux-gnu/9.3.0/collect2] ==> ignore
    arg [-plugin] ==> ignore
    arg [/hpc/apps/gcc/9.3.0/libexec/gcc/x86_64-pc-linux-gnu/9.3.0/liblto_plugin.so] ==> ignore
    arg [-plugin-opt=/hpc/apps/gcc/9.3.0/libexec/gcc/x86_64-pc-linux-gnu/9.3.0/lto-wrapper] ==> ignore
    arg [-plugin-opt=-fresolution=/tmp/ccE9CXDq.res] ==> ignore
    arg [-plugin-opt=-pass-through=-lgcc_s] ==> ignore
    arg [-plugin-opt=-pass-through=-lgcc] ==> ignore
    arg [-plugin-opt=-pass-through=-lc] ==> ignore
    arg [-plugin-opt=-pass-through=-lgcc_s] ==> ignore
    arg [-plugin-opt=-pass-through=-lgcc] ==> ignore
    arg [--eh-frame-hdr] ==> ignore
    arg [-m] ==> ignore
    arg [elf_x86_64] ==> ignore
    arg [-dynamic-linker] ==> ignore
    arg [/lib64/ld-linux-x86-64.so.2] ==> ignore
    arg [-o] ==> ignore
    arg [cmTC_f48a6] ==> ignore
    arg [/lib/../lib64/crt1.o] ==> obj [/lib/../lib64/crt1.o]
    arg [/lib/../lib64/crti.o] ==> obj [/lib/../lib64/crti.o]
    arg [/hpc/apps/gcc/9.3.0/lib/gcc/x86_64-pc-linux-gnu/9.3.0/crtbegin.o] ==> obj [/hpc/apps/gcc/9.3.0/lib/gcc/x86_64-pc-linux-gnu/9.3.0/crtbegin.o]
    arg [-L/hpc/apps/gcc/9.3.0/lib/gcc/x86_64-pc-linux-gnu/9.3.0] ==> dir [/hpc/apps/gcc/9.3.0/lib/gcc/x86_64-pc-linux-gnu/9.3.0]
    arg [-L/hpc/apps/gcc/9.3.0/lib/gcc/x86_64-pc-linux-gnu/9.3.0/../../../../lib64] ==> dir [/hpc/apps/gcc/9.3.0/lib/gcc/x86_64-pc-linux-gnu/9.3.0/../../../../lib64]
    arg [-L/lib/../lib64] ==> dir [/lib/../lib64]
    arg [-L/usr/lib/../lib64] ==> dir [/usr/lib/../lib64]
    arg [-L/hpc/apps/gcc/9.3.0/lib/gcc/x86_64-pc-linux-gnu/9.3.0/../../../../x86_64-pc-linux-gnu/lib] ==> dir [/hpc/apps/gcc/9.3.0/lib/gcc/x86_64-pc-linux-gnu/9.3.0/../../../../x86_64-pc-linux-gnu/lib]
    arg [-L/hpc/apps/gcc/9.3.0/lib/gcc/x86_64-pc-linux-gnu/9.3.0/../../..] ==> dir [/hpc/apps/gcc/9.3.0/lib/gcc/x86_64-pc-linux-gnu/9.3.0/../../..]
    arg [CMakeFiles/cmTC_f48a6.dir/CMakeCXXCompilerABI.cpp.o] ==> ignore
    arg [-lstdc++] ==> lib [stdc++]
    arg [-lm] ==> lib [m]
    arg [-lgcc_s] ==> lib [gcc_s]
    arg [-lgcc] ==> lib [gcc]
    arg [-lc] ==> lib [c]
    arg [-lgcc_s] ==> lib [gcc_s]
    arg [-lgcc] ==> lib [gcc]
    arg [/hpc/apps/gcc/9.3.0/lib/gcc/x86_64-pc-linux-gnu/9.3.0/crtend.o] ==> obj [/hpc/apps/gcc/9.3.0/lib/gcc/x86_64-pc-linux-gnu/9.3.0/crtend.o]
    arg [/lib/../lib64/crtn.o] ==> obj [/lib/../lib64/crtn.o]
  collapse obj [/lib/../lib64/crt1.o] ==> [/lib64/crt1.o]
  collapse obj [/lib/../lib64/crti.o] ==> [/lib64/crti.o]
  collapse obj [/lib/../lib64/crtn.o] ==> [/lib64/crtn.o]
  collapse library dir [/hpc/apps/gcc/9.3.0/lib/gcc/x86_64-pc-linux-gnu/9.3.0] ==> [/hpc/apps/gcc/9.3.0/lib/gcc/x86_64-pc-linux-gnu/9.3.0]
  collapse library dir [/hpc/apps/gcc/9.3.0/lib/gcc/x86_64-pc-linux-gnu/9.3.0/../../../../lib64] ==> [/hpc/apps/gcc/9.3.0/lib64]
  collapse library dir [/lib/../lib64] ==> [/lib64]
  collapse library dir [/usr/lib/../lib64] ==> [/usr/lib64]
  collapse library dir [/hpc/apps/gcc/9.3.0/lib/gcc/x86_64-pc-linux-gnu/9.3.0/../../../../x86_64-pc-linux-gnu/lib] ==> [/hpc/apps/gcc/9.3.0/x86_64-pc-linux-gnu/lib]
  collapse library dir [/hpc/apps/gcc/9.3.0/lib/gcc/x86_64-pc-linux-gnu/9.3.0/../../..] ==> [/hpc/apps/gcc/9.3.0/lib]
  implicit libs: [stdc++;m;gcc_s;gcc;c;gcc_s;gcc]
  implicit objs: [/lib64/crt1.o;/lib64/crti.o;/hpc/apps/gcc/9.3.0/lib/gcc/x86_64-pc-linux-gnu/9.3.0/crtbegin.o;/hpc/apps/gcc/9.3.0/lib/gcc/x86_64-pc-linux-gnu/9.3.0/crtend.o;/lib64/crtn.o]
  implicit dirs: [/hpc/apps/gcc/9.3.0/lib/gcc/x86_64-pc-linux-gnu/9.3.0;/hpc/apps/gcc/9.3.0/lib64;/lib64;/usr/lib64;/hpc/apps/gcc/9.3.0/x86_64-pc-linux-gnu/lib;/hpc/apps/gcc/9.3.0/lib]
  implicit fwks: []


Detecting C OpenMP compiler ABI info compiled with the following output:
Change Dir: /scratch/u/yu89975/fastF/build/CMakeFiles/CMakeTmp

Run Build Command(s):/usr/bin/gmake -f Makefile cmTC_ed60a/fast && /usr/bin/gmake  -f CMakeFiles/cmTC_ed60a.dir/build.make CMakeFiles/cmTC_ed60a.dir/build
gmake[1]: Entering directory `/scratch/u/yu89975/fastF/build/CMakeFiles/CMakeTmp'
Building C object CMakeFiles/cmTC_ed60a.dir/OpenMPTryFlag.c.o
/hpc/apps/gcc/9.3.0/bin/gcc   -fopenmp -v -std=gnu99 -o CMakeFiles/cmTC_ed60a.dir/OpenMPTryFlag.c.o -c /scratch/u/yu89975/fastF/build/CMakeFiles/FindOpenMP/OpenMPTryFlag.c
Using built-in specs.
COLLECT_GCC=/hpc/apps/gcc/9.3.0/bin/gcc
Target: x86_64-pc-linux-gnu
Configured with: ../gcc-9.3.0/configure --prefix=/hpc/apps/gcc/9.3.0 --enable-ld=default --enable-lto --enable-plugins --with-tune-generic --enable-languages=c,c++,fortran --disable-multilib
Thread model: posix
gcc version 9.3.0 (GCC) 
COLLECT_GCC_OPTIONS='-fopenmp' '-v' '-std=gnu99' '-o' 'CMakeFiles/cmTC_ed60a.dir/OpenMPTryFlag.c.o' '-c' '-mtune=generic' '-march=x86-64' '-pthread'
 /hpc/apps/gcc/9.3.0/libexec/gcc/x86_64-pc-linux-gnu/9.3.0/cc1 -quiet -v -D_REENTRANT /scratch/u/yu89975/fastF/build/CMakeFiles/FindOpenMP/OpenMPTryFlag.c -quiet -dumpbase OpenMPTryFlag.c -mtune=generic -march=x86-64 -auxbase-strip CMakeFiles/cmTC_ed60a.dir/OpenMPTryFlag.c.o -std=gnu99 -version -fopenmp -o /tmp/cc9wJoEX.s
GNU C99 (GCC) version 9.3.0 (x86_64-pc-linux-gnu)
	compiled by GNU C version 9.3.0, GMP version 6.1.0, MPFR version 3.1.4, MPC version 1.0.3, isl version isl-0.18-GMP

GGC heuristics: --param ggc-min-expand=100 --param ggc-min-heapsize=131072
ignoring nonexistent directory "/hpc/apps/gcc/9.3.0/lib/gcc/x86_64-pc-linux-gnu/9.3.0/../../../../x86_64-pc-linux-gnu/include"
#include "..." search starts here:
#include <...> search starts here:
 /hpc/apps/netcdf/gcc/64/4.7.4/include
 /hpc/apps/hdf5/openmpi/gcc/64/1.12.0/include
 /hpc/apps/boost/openmpi/gcc/1.75.0/include
 /hpc/apps/geos/3.9.1/include
 /hpc/apps/openmpi/4.1.0/include
 /hpc/apps/gcc/9.3.0/lib/gcc/x86_64-pc-linux-gnu/9.3.0/include
 /usr/local/include
 /hpc/apps/gcc/9.3.0/include
 /hpc/apps/gcc/9.3.0/lib/gcc/x86_64-pc-linux-gnu/9.3.0/include-fixed
 /usr/include
End of search list.
GNU C99 (GCC) version 9.3.0 (x86_64-pc-linux-gnu)
	compiled by GNU C version 9.3.0, GMP version 6.1.0, MPFR version 3.1.4, MPC version 1.0.3, isl version isl-0.18-GMP

GGC heuristics: --param ggc-min-expand=100 --param ggc-min-heapsize=131072
Compiler executable checksum: a41d425c26e007cc9c85350db0570bca
COLLECT_GCC_OPTIONS='-fopenmp' '-v' '-std=gnu99' '-o' 'CMakeFiles/cmTC_ed60a.dir/OpenMPTryFlag.c.o' '-c' '-mtune=generic' '-march=x86-64' '-pthread'
 /hpc/apps/gcc/9.3.0/lib/gcc/x86_64-pc-linux-gnu/9.3.0/../../../../x86_64-pc-linux-gnu/bin/as -v --64 -o CMakeFiles/cmTC_ed60a.dir/OpenMPTryFlag.c.o /tmp/cc9wJoEX.s
GNU assembler version 2.34 (x86_64-pc-linux-gnu) using BFD version (GNU Binutils) 2.34
COMPILER_PATH=/hpc/apps/gcc/9.3.0/libexec/gcc/x86_64-pc-linux-gnu/9.3.0/:/hpc/apps/gcc/9.3.0/libexec/gcc/x86_64-pc-linux-gnu/9.3.0/:/hpc/apps/gcc/9.3.0/libexec/gcc/x86_64-pc-linux-gnu/:/hpc/apps/gcc/9.3.0/lib/gcc/x86_64-pc-linux-gnu/9.3.0/:/hpc/apps/gcc/9.3.0/lib/gcc/x86_64-pc-linux-gnu/:/hpc/apps/gcc/9.3.0/lib/gcc/x86_64-pc-linux-gnu/9.3.0/../../../../x86_64-pc-linux-gnu/bin/
LIBRARY_PATH=/hpc/apps/gcc/9.3.0/lib/gcc/x86_64-pc-linux-gnu/9.3.0/:/hpc/apps/gcc/9.3.0/lib/gcc/x86_64-pc-linux-gnu/9.3.0/../../../../lib64/:/lib/../lib64/:/usr/lib/../lib64/:/hpc/apps/gcc/9.3.0/lib/gcc/x86_64-pc-linux-gnu/9.3.0/../../../../x86_64-pc-linux-gnu/lib/:/hpc/apps/gcc/9.3.0/lib/gcc/x86_64-pc-linux-gnu/9.3.0/../../../:/lib/:/usr/lib/
COLLECT_GCC_OPTIONS='-fopenmp' '-v' '-std=gnu99' '-o' 'CMakeFiles/cmTC_ed60a.dir/OpenMPTryFlag.c.o' '-c' '-mtune=generic' '-march=x86-64' '-pthread'
Linking C executable cmTC_ed60a
/hpc/apps/cmake/3.22.2/bin/cmake -E cmake_link_script CMakeFiles/cmTC_ed60a.dir/link.txt --verbose=1
/hpc/apps/gcc/9.3.0/bin/gcc  -fopenmp -v CMakeFiles/cmTC_ed60a.dir/OpenMPTryFlag.c.o -o cmTC_ed60a  -v 
Using built-in specs.
COLLECT_GCC=/hpc/apps/gcc/9.3.0/bin/gcc
COLLECT_LTO_WRAPPER=/hpc/apps/gcc/9.3.0/libexec/gcc/x86_64-pc-linux-gnu/9.3.0/lto-wrapper
Target: x86_64-pc-linux-gnu
Configured with: ../gcc-9.3.0/configure --prefix=/hpc/apps/gcc/9.3.0 --enable-ld=default --enable-lto --enable-plugins --with-tune-generic --enable-languages=c,c++,fortran --disable-multilib
Thread model: posix
gcc version 9.3.0 (GCC) 
COMPILER_PATH=/hpc/apps/gcc/9.3.0/libexec/gcc/x86_64-pc-linux-gnu/9.3.0/:/hpc/apps/gcc/9.3.0/libexec/gcc/x86_64-pc-linux-gnu/9.3.0/:/hpc/apps/gcc/9.3.0/libexec/gcc/x86_64-pc-linux-gnu/:/hpc/apps/gcc/9.3.0/lib/gcc/x86_64-pc-linux-gnu/9.3.0/:/hpc/apps/gcc/9.3.0/lib/gcc/x86_64-pc-linux-gnu/:/hpc/apps/gcc/9.3.0/lib/gcc/x86_64-pc-linux-gnu/9.3.0/../../../../x86_64-pc-linux-gnu/bin/
LIBRARY_PATH=/hpc/apps/gcc/9.3.0/lib/gcc/x86_64-pc-linux-gnu/9.3.0/:/hpc/apps/gcc/9.3.0/lib/gcc/x86_64-pc-linux-gnu/9.3.0/../../../../lib64/:/lib/../lib64/:/usr/lib/../lib64/:/hpc/apps/gcc/9.3.0/lib/gcc/x86_64-pc-linux-gnu/9.3.0/../../../../x86_64-pc-linux-gnu/lib/:/hpc/apps/gcc/9.3.0/lib/gcc/x86_64-pc-linux-gnu/9.3.0/../../../:/lib/:/usr/lib/
Reading specs from /hpc/apps/gcc/9.3.0/lib/gcc/x86_64-pc-linux-gnu/9.3.0/../../../../lib64/libgomp.spec
COLLECT_GCC_OPTIONS='-fopenmp' '-v' '-o' 'cmTC_ed60a' '-v' '-mtune=generic' '-march=x86-64' '-pthread'
 /hpc/apps/gcc/9.3.0/libexec/gcc/x86_64-pc-linux-gnu/9.3.0/collect2 -plugin /hpc/apps/gcc/9.3.0/libexec/gcc/x86_64-pc-linux-gnu/9.3.0/liblto_plugin.so -plugin-opt=/hpc/apps/gcc/9.3.0/libexec/gcc/x86_64-pc-linux-gnu/9.3.0/lto-wrapper -plugin-opt=-fresolution=/tmp/ccqJ0mJ4.res -plugin-opt=-pass-through=-lgcc -plugin-opt=-pass-through=-lgcc_s -plugin-opt=-pass-through=-lpthread -plugin-opt=-pass-through=-lc -plugin-opt=-pass-through=-lgcc -plugin-opt=-pass-through=-lgcc_s --eh-frame-hdr -m elf_x86_64 -dynamic-linker /lib64/ld-linux-x86-64.so.2 -o cmTC_ed60a /lib/../lib64/crt1.o /lib/../lib64/crti.o /hpc/apps/gcc/9.3.0/lib/gcc/x86_64-pc-linux-gnu/9.3.0/crtbegin.o -L/hpc/apps/gcc/9.3.0/lib/gcc/x86_64-pc-linux-gnu/9.3.0 -L/hpc/apps/gcc/9.3.0/lib/gcc/x86_64-pc-linux-gnu/9.3.0/../../../../lib64 -L/lib/../lib64 -L/usr/lib/../lib64 -L/hpc/apps/gcc/9.3.0/lib/gcc/x86_64-pc-linux-gnu/9.3.0/../../../../x86_64-pc-linux-gnu/lib -L/hpc/apps/gcc/9.3.0/lib/gcc/x86_64-pc-linux-gnu/9.3.0/../../.. CMakeFiles/cmTC_ed60a.dir/OpenMPTryFlag.c.o -lgomp -lgcc --push-state --as-needed -lgcc_s --pop-state -lpthread -lc -lgcc --push-state --as-needed -lgcc_s --pop-state /hpc/apps/gcc/9.3.0/lib/gcc/x86_64-pc-linux-gnu/9.3.0/crtend.o /lib/../lib64/crtn.o
COLLECT_GCC_OPTIONS='-fopenmp' '-v' '-o' 'cmTC_ed60a' '-v' '-mtune=generic' '-march=x86-64' '-pthread'
gmake[1]: Leaving directory `/scratch/u/yu89975/fastF/build/CMakeFiles/CMakeTmp'



Parsed C OpenMP implicit link information from above output:
  link line regex: [^( *|.*[/\])(ld|CMAKE_LINK_STARTFILE-NOTFOUND|([^/\]+-)?ld|collect2)[^/\]*( |$)]
  ignore line: [Change Dir: /scratch/u/yu89975/fastF/build/CMakeFiles/CMakeTmp]
  ignore line: []
  ignore line: [Run Build Command(s):/usr/bin/gmake -f Makefile cmTC_ed60a/fast && /usr/bin/gmake  -f CMakeFiles/cmTC_ed60a.dir/build.make CMakeFiles/cmTC_ed60a.dir/build]
  ignore line: [gmake[1]: Entering directory `/scratch/u/yu89975/fastF/build/CMakeFiles/CMakeTmp']
  ignore line: [Building C object CMakeFiles/cmTC_ed60a.dir/OpenMPTryFlag.c.o]
  ignore line: [/hpc/apps/gcc/9.3.0/bin/gcc   -fopenmp -v -std=gnu99 -o CMakeFiles/cmTC_ed60a.dir/OpenMPTryFlag.c.o -c /scratch/u/yu89975/fastF/build/CMakeFiles/FindOpenMP/OpenMPTryFlag.c]
  ignore line: [Using built-in specs.]
  ignore line: [COLLECT_GCC=/hpc/apps/gcc/9.3.0/bin/gcc]
  ignore line: [Target: x86_64-pc-linux-gnu]
  ignore line: [Configured with: ../gcc-9.3.0/configure --prefix=/hpc/apps/gcc/9.3.0 --enable-ld=default --enable-lto --enable-plugins --with-tune-generic --enable-languages=c,c++,fortran --disable-multilib]
  ignore line: [Thread model: posix]
  ignore line: [gcc version 9.3.0 (GCC) ]
  ignore line: [COLLECT_GCC_OPTIONS='-fopenmp' '-v' '-std=gnu99' '-o' 'CMakeFiles/cmTC_ed60a.dir/OpenMPTryFlag.c.o' '-c' '-mtune=generic' '-march=x86-64' '-pthread']
  ignore line: [ /hpc/apps/gcc/9.3.0/libexec/gcc/x86_64-pc-linux-gnu/9.3.0/cc1 -quiet -v -D_REENTRANT /scratch/u/yu89975/fastF/build/CMakeFiles/FindOpenMP/OpenMPTryFlag.c -quiet -dumpbase OpenMPTryFlag.c -mtune=generic -march=x86-64 -auxbase-strip CMakeFiles/cmTC_ed60a.dir/OpenMPTryFlag.c.o -std=gnu99 -version -fopenmp -o /tmp/cc9wJoEX.s]
  ignore line: [GNU C99 (GCC) version 9.3.0 (x86_64-pc-linux-gnu)]
  ignore line: [	compiled by GNU C version 9.3.0  GMP version 6.1.0  MPFR version 3.1.4  MPC version 1.0.3  isl version isl-0.18-GMP]
  ignore line: []
  ignore line: [GGC heuristics: --param ggc-min-expand=100 --param ggc-min-heapsize=131072]
  ignore line: [ignoring nonexistent directory "/hpc/apps/gcc/9.3.0/lib/gcc/x86_64-pc-linux-gnu/9.3.0/../../../../x86_64-pc-linux-gnu/include"]
  ignore line: [#include "..." search starts here:]
  ignore line: [#include <...> search starts here:]
  ignore line: [ /hpc/apps/netcdf/gcc/64/4.7.4/include]
  ignore line: [ /hpc/apps/hdf5/openmpi/gcc/64/1.12.0/include]
  ignore line: [ /hpc/apps/boost/openmpi/gcc/1.75.0/include]
  ignore line: [ /hpc/apps/geos/3.9.1/include]
  ignore line: [ /hpc/apps/openmpi/4.1.0/include]
  ignore line: [ /hpc/apps/gcc/9.3.0/lib/gcc/x86_64-pc-linux-gnu/9.3.0/include]
  ignore line: [ /usr/local/include]
  ignore line: [ /hpc/apps/gcc/9.3.0/include]
  ignore line: [ /hpc/apps/gcc/9.3.0/lib/gcc/x86_64-pc-linux-gnu/9.3.0/include-fixed]
  ignore line: [ /usr/include]
  ignore line: [End of search list.]
  ignore line: [GNU C99 (GCC) version 9.3.0 (x86_64-pc-linux-gnu)]
  ignore line: [	compiled by GNU C version 9.3.0  GMP version 6.1.0  MPFR version 3.1.4  MPC version 1.0.3  isl version isl-0.18-GMP]
  ignore line: []
  ignore line: [GGC heuristics: --param ggc-min-expand=100 --param ggc-min-heapsize=131072]
  ignore line: [Compiler executable checksum: a41d425c26e007cc9c85350db0570bca]
  ignore line: [COLLECT_GCC_OPTIONS='-fopenmp' '-v' '-std=gnu99' '-o' 'CMakeFiles/cmTC_ed60a.dir/OpenMPTryFlag.c.o' '-c' '-mtune=generic' '-march=x86-64' '-pthread']
  ignore line: [ /hpc/apps/gcc/9.3.0/lib/gcc/x86_64-pc-linux-gnu/9.3.0/../../../../x86_64-pc-linux-gnu/bin/as -v --64 -o CMakeFiles/cmTC_ed60a.dir/OpenMPTryFlag.c.o /tmp/cc9wJoEX.s]
  ignore line: [GNU assembler version 2.34 (x86_64-pc-linux-gnu) using BFD version (GNU Binutils) 2.34]
  ignore line: [COMPILER_PATH=/hpc/apps/gcc/9.3.0/libexec/gcc/x86_64-pc-linux-gnu/9.3.0/:/hpc/apps/gcc/9.3.0/libexec/gcc/x86_64-pc-linux-gnu/9.3.0/:/hpc/apps/gcc/9.3.0/libexec/gcc/x86_64-pc-linux-gnu/:/hpc/apps/gcc/9.3.0/lib/gcc/x86_64-pc-linux-gnu/9.3.0/:/hpc/apps/gcc/9.3.0/lib/gcc/x86_64-pc-linux-gnu/:/hpc/apps/gcc/9.3.0/lib/gcc/x86_64-pc-linux-gnu/9.3.0/../../../../x86_64-pc-linux-gnu/bin/]
  ignore line: [LIBRARY_PATH=/hpc/apps/gcc/9.3.0/lib/gcc/x86_64-pc-linux-gnu/9.3.0/:/hpc/apps/gcc/9.3.0/lib/gcc/x86_64-pc-linux-gnu/9.3.0/../../../../lib64/:/lib/../lib64/:/usr/lib/../lib64/:/hpc/apps/gcc/9.3.0/lib/gcc/x86_64-pc-linux-gnu/9.3.0/../../../../x86_64-pc-linux-gnu/lib/:/hpc/apps/gcc/9.3.0/lib/gcc/x86_64-pc-linux-gnu/9.3.0/../../../:/lib/:/usr/lib/]
  ignore line: [COLLECT_GCC_OPTIONS='-fopenmp' '-v' '-std=gnu99' '-o' 'CMakeFiles/cmTC_ed60a.dir/OpenMPTryFlag.c.o' '-c' '-mtune=generic' '-march=x86-64' '-pthread']
  ignore line: [Linking C executable cmTC_ed60a]
  ignore line: [/hpc/apps/cmake/3.22.2/bin/cmake -E cmake_link_script CMakeFiles/cmTC_ed60a.dir/link.txt --verbose=1]
  ignore line: [/hpc/apps/gcc/9.3.0/bin/gcc  -fopenmp -v CMakeFiles/cmTC_ed60a.dir/OpenMPTryFlag.c.o -o cmTC_ed60a  -v ]
  ignore line: [Using built-in specs.]
  ignore line: [COLLECT_GCC=/hpc/apps/gcc/9.3.0/bin/gcc]
  ignore line: [COLLECT_LTO_WRAPPER=/hpc/apps/gcc/9.3.0/libexec/gcc/x86_64-pc-linux-gnu/9.3.0/lto-wrapper]
  ignore line: [Target: x86_64-pc-linux-gnu]
  ignore line: [Configured with: ../gcc-9.3.0/configure --prefix=/hpc/apps/gcc/9.3.0 --enable-ld=default --enable-lto --enable-plugins --with-tune-generic --enable-languages=c,c++,fortran --disable-multilib]
  ignore line: [Thread model: posix]
  ignore line: [gcc version 9.3.0 (GCC) ]
  ignore line: [COMPILER_PATH=/hpc/apps/gcc/9.3.0/libexec/gcc/x86_64-pc-linux-gnu/9.3.0/:/hpc/apps/gcc/9.3.0/libexec/gcc/x86_64-pc-linux-gnu/9.3.0/:/hpc/apps/gcc/9.3.0/libexec/gcc/x86_64-pc-linux-gnu/:/hpc/apps/gcc/9.3.0/lib/gcc/x86_64-pc-linux-gnu/9.3.0/:/hpc/apps/gcc/9.3.0/lib/gcc/x86_64-pc-linux-gnu/:/hpc/apps/gcc/9.3.0/lib/gcc/x86_64-pc-linux-gnu/9.3.0/../../../../x86_64-pc-linux-gnu/bin/]
  ignore line: [LIBRARY_PATH=/hpc/apps/gcc/9.3.0/lib/gcc/x86_64-pc-linux-gnu/9.3.0/:/hpc/apps/gcc/9.3.0/lib/gcc/x86_64-pc-linux-gnu/9.3.0/../../../../lib64/:/lib/../lib64/:/usr/lib/../lib64/:/hpc/apps/gcc/9.3.0/lib/gcc/x86_64-pc-linux-gnu/9.3.0/../../../../x86_64-pc-linux-gnu/lib/:/hpc/apps/gcc/9.3.0/lib/gcc/x86_64-pc-linux-gnu/9.3.0/../../../:/lib/:/usr/lib/]
  ignore line: [Reading specs from /hpc/apps/gcc/9.3.0/lib/gcc/x86_64-pc-linux-gnu/9.3.0/../../../../lib64/libgomp.spec]
  ignore line: [COLLECT_GCC_OPTIONS='-fopenmp' '-v' '-o' 'cmTC_ed60a' '-v' '-mtune=generic' '-march=x86-64' '-pthread']
  link line: [ /hpc/apps/gcc/9.3.0/libexec/gcc/x86_64-pc-linux-gnu/9.3.0/collect2 -plugin /hpc/apps/gcc/9.3.0/libexec/gcc/x86_64-pc-linux-gnu/9.3.0/liblto_plugin.so -plugin-opt=/hpc/apps/gcc/9.3.0/libexec/gcc/x86_64-pc-linux-gnu/9.3.0/lto-wrapper -plugin-opt=-fresolution=/tmp/ccqJ0mJ4.res -plugin-opt=-pass-through=-lgcc -plugin-opt=-pass-through=-lgcc_s -plugin-opt=-pass-through=-lpthread -plugin-opt=-pass-through=-lc -plugin-opt=-pass-through=-lgcc -plugin-opt=-pass-through=-lgcc_s --eh-frame-hdr -m elf_x86_64 -dynamic-linker /lib64/ld-linux-x86-64.so.2 -o cmTC_ed60a /lib/../lib64/crt1.o /lib/../lib64/crti.o /hpc/apps/gcc/9.3.0/lib/gcc/x86_64-pc-linux-gnu/9.3.0/crtbegin.o -L/hpc/apps/gcc/9.3.0/lib/gcc/x86_64-pc-linux-gnu/9.3.0 -L/hpc/apps/gcc/9.3.0/lib/gcc/x86_64-pc-linux-gnu/9.3.0/../../../../lib64 -L/lib/../lib64 -L/usr/lib/../lib64 -L/hpc/apps/gcc/9.3.0/lib/gcc/x86_64-pc-linux-gnu/9.3.0/../../../../x86_64-pc-linux-gnu/lib -L/hpc/apps/gcc/9.3.0/lib/gcc/x86_64-pc-linux-gnu/9.3.0/../../.. CMakeFiles/cmTC_ed60a.dir/OpenMPTryFlag.c.o -lgomp -lgcc --push-state --as-needed -lgcc_s --pop-state -lpthread -lc -lgcc --push-state --as-needed -lgcc_s --pop-state /hpc/apps/gcc/9.3.0/lib/gcc/x86_64-pc-linux-gnu/9.3.0/crtend.o /lib/../lib64/crtn.o]
    arg [/hpc/apps/gcc/9.3.0/libexec/gcc/x86_64-pc-linux-gnu/9.3.0/collect2] ==> ignore
    arg [-plugin] ==> ignore
    arg [/hpc/apps/gcc/9.3.0/libexec/gcc/x86_64-pc-linux-gnu/9.3.0/liblto_plugin.so] ==> ignore
    arg [-plugin-opt=/hpc/apps/gcc/9.3.0/libexec/gcc/x86_64-pc-linux-gnu/9.3.0/lto-wrapper] ==> ignore
    arg [-plugin-opt=-fresolution=/tmp/ccqJ0mJ4.res] ==> ignore
    arg [-plugin-opt=-pass-through=-lgcc] ==> ignore
    arg [-plugin-opt=-pass-through=-lgcc_s] ==> ignore
    arg [-plugin-opt=-pass-through=-lpthread] ==> ignore
    arg [-plugin-opt=-pass-through=-lc] ==> ignore
    arg [-plugin-opt=-pass-through=-lgcc] ==> ignore
    arg [-plugin-opt=-pass-through=-lgcc_s] ==> ignore
    arg [--eh-frame-hdr] ==> ignore
    arg [-m] ==> ignore
    arg [elf_x86_64] ==> ignore
    arg [-dynamic-linker] ==> ignore
    arg [/lib64/ld-linux-x86-64.so.2] ==> ignore
    arg [-o] ==> ignore
    arg [cmTC_ed60a] ==> ignore
    arg [-L/hpc/apps/gcc/9.3.0/lib/gcc/x86_64-pc-linux-gnu/9.3.0] ==> dir [/hpc/apps/gcc/9.3.0/lib/gcc/x86_64-pc-linux-gnu/9.3.0]
    arg [-L/hpc/apps/gcc/9.3.0/lib/gcc/x86_64-pc-linux-gnu/9.3.0/../../../../lib64] ==> dir [/hpc/apps/gcc/9.3.0/lib/gcc/x86_64-pc-linux-gnu/9.3.0/../../../../lib64]
    arg [-L/lib/../lib64] ==> dir [/lib/../lib64]
    arg [-L/usr/lib/../lib64] ==> dir [/usr/lib/../lib64]
    arg [-L/hpc/apps/gcc/9.3.0/lib/gcc/x86_64-pc-linux-gnu/9.3.0/../../../../x86_64-pc-linux-gnu/lib] ==> dir [/hpc/apps/gcc/9.3.0/lib/gcc/x86_64-pc-linux-gnu/9.3.0/../../../../x86_64-pc-linux-gnu/lib]
    arg [-L/hpc/apps/gcc/9.3.0/lib/gcc/x86_64-pc-linux-gnu/9.3.0/../../..] ==> dir [/hpc/apps/gcc/9.3.0/lib/gcc/x86_64-pc-linux-gnu/9.3.0/../../..]
    arg [CMakeFiles/cmTC_ed60a.dir/OpenMPTryFlag.c.o] ==> ignore
    arg [-lgomp] ==> lib [gomp]
    arg [-lgcc] ==> lib [gcc]
    arg [--push-state] ==> ignore
    arg [--as-needed] ==> ignore
    arg [-lgcc_s] ==> lib [gcc_s]
    arg [--pop-state] ==> ignore
    arg [-lpthread] ==> lib [pthread]
    arg [-lc] ==> lib [c]
    arg [-lgcc] ==> lib [gcc]
    arg [--push-state] ==> ignore
    arg [--as-needed] ==> ignore
    arg [-lgcc_s] ==> lib [gcc_s]
    arg [--pop-state] ==> ignore
  collapse library dir [/hpc/apps/gcc/9.3.0/lib/gcc/x86_64-pc-linux-gnu/9.3.0] ==> [/hpc/apps/gcc/9.3.0/lib/gcc/x86_64-pc-linux-gnu/9.3.0]
  collapse library dir [/hpc/apps/gcc/9.3.0/lib/gcc/x86_64-pc-linux-gnu/9.3.0/../../../../lib64] ==> [/hpc/apps/gcc/9.3.0/lib64]
  collapse library dir [/lib/../lib64] ==> [/lib64]
  collapse library dir [/usr/lib/../lib64] ==> [/usr/lib64]
  collapse library dir [/hpc/apps/gcc/9.3.0/lib/gcc/x86_64-pc-linux-gnu/9.3.0/../../../../x86_64-pc-linux-gnu/lib] ==> [/hpc/apps/gcc/9.3.0/x86_64-pc-linux-gnu/lib]
  collapse library dir [/hpc/apps/gcc/9.3.0/lib/gcc/x86_64-pc-linux-gnu/9.3.0/../../..] ==> [/hpc/apps/gcc/9.3.0/lib]
  implicit libs: [gomp;gcc;gcc_s;pthread;c;gcc;gcc_s]
  implicit objs: []
  implicit dirs: [/hpc/apps/gcc/9.3.0/lib/gcc/x86_64-pc-linux-gnu/9.3.0;/hpc/apps/gcc/9.3.0/lib64;/lib64;/usr/lib64;/hpc/apps/gcc/9.3.0/x86_64-pc-linux-gnu/lib;/hpc/apps/gcc/9.3.0/lib]
  implicit fwks: []


Detecting CXX OpenMP compiler ABI info compiled with the following output:
Change Dir: /scratch/u/yu89975/fastF/build/CMakeFiles/CMakeTmp

Run Build Command(s):/usr/bin/gmake -f Makefile cmTC_5de06/fast && /usr/bin/gmake  -f CMakeFiles/cmTC_5de06.dir/build.make CMakeFiles/cmTC_5de06.dir/build
gmake[1]: Entering directory `/scratch/u/yu89975/fastF/build/CMakeFiles/CMakeTmp'
Building CXX object CMakeFiles/cmTC_5de06.dir/OpenMPTryFlag.cpp.o
/hpc/apps/gcc/9.3.0/bin/c++   -fopenmp -v -std=gnu++11 -o CMakeFiles/cmTC_5de06.dir/OpenMPTryFlag.cpp.o -c /scratch/u/yu89975/fastF/build/CMakeFiles/FindOpenMP/OpenMPTryFlag.cpp
Using built-in specs.
COLLECT_GCC=/hpc/apps/gcc/9.3.0/bin/c++
Target: x86_64-pc-linux-gnu
Configured with: ../gcc-9.3.0/configure --prefix=/hpc/apps/gcc/9.3.0 --enable-ld=default --enable-lto --enable-plugins --with-tune-generic --enable-languages=c,c++,fortran --disable-multilib
Thread model: posix
gcc version 9.3.0 (GCC) 
COLLECT_GCC_OPTIONS='-fopenmp' '-v' '-std=gnu++11' '-o' 'CMakeFiles/cmTC_5de06.dir/OpenMPTryFlag.cpp.o' '-c' '-shared-libgcc' '-mtune=generic' '-march=x86-64' '-pthread'
 /hpc/apps/gcc/9.3.0/libexec/gcc/x86_64-pc-linux-gnu/9.3.0/cc1plus -quiet -v -D_GNU_SOURCE -D_REENTRANT /scratch/u/yu89975/fastF/build/CMakeFiles/FindOpenMP/OpenMPTryFlag.cpp -quiet -dumpbase OpenMPTryFlag.cpp -mtune=generic -march=x86-64 -auxbase-strip CMakeFiles/cmTC_5de06.dir/OpenMPTryFlag.cpp.o -std=gnu++11 -version -fopenmp -o /tmp/ccyZFQus.s
GNU C++11 (GCC) version 9.3.0 (x86_64-pc-linux-gnu)
	compiled by GNU C version 9.3.0, GMP version 6.1.0, MPFR version 3.1.4, MPC version 1.0.3, isl version isl-0.18-GMP

GGC heuristics: --param ggc-min-expand=100 --param ggc-min-heapsize=131072
ignoring nonexistent directory "/hpc/apps/gcc/9.3.0/lib/gcc/x86_64-pc-linux-gnu/9.3.0/../../../../x86_64-pc-linux-gnu/include"
#include "..." search starts here:
#include <...> search starts here:
 /hpc/apps/netcdf/gcc/64/4.7.4/include
 /hpc/apps/hdf5/openmpi/gcc/64/1.12.0/include
 /hpc/apps/boost/openmpi/gcc/1.75.0/include
 /hpc/apps/geos/3.9.1/include
 /hpc/apps/openmpi/4.1.0/include
 /hpc/apps/gcc/9.3.0/lib/gcc/x86_64-pc-linux-gnu/9.3.0/../../../../include/c++/9.3.0
 /hpc/apps/gcc/9.3.0/lib/gcc/x86_64-pc-linux-gnu/9.3.0/../../../../include/c++/9.3.0/x86_64-pc-linux-gnu
 /hpc/apps/gcc/9.3.0/lib/gcc/x86_64-pc-linux-gnu/9.3.0/../../../../include/c++/9.3.0/backward
 /hpc/apps/gcc/9.3.0/lib/gcc/x86_64-pc-linux-gnu/9.3.0/include
 /usr/local/include
 /hpc/apps/gcc/9.3.0/include
 /hpc/apps/gcc/9.3.0/lib/gcc/x86_64-pc-linux-gnu/9.3.0/include-fixed
 /usr/include
End of search list.
GNU C++11 (GCC) version 9.3.0 (x86_64-pc-linux-gnu)
	compiled by GNU C version 9.3.0, GMP version 6.1.0, MPFR version 3.1.4, MPC version 1.0.3, isl version isl-0.18-GMP

GGC heuristics: --param ggc-min-expand=100 --param ggc-min-heapsize=131072
Compiler executable checksum: 32e6f857b2a5d9fe4a51c59395c55321
COLLECT_GCC_OPTIONS='-fopenmp' '-v' '-std=gnu++11' '-o' 'CMakeFiles/cmTC_5de06.dir/OpenMPTryFlag.cpp.o' '-c' '-shared-libgcc' '-mtune=generic' '-march=x86-64' '-pthread'
 /hpc/apps/gcc/9.3.0/lib/gcc/x86_64-pc-linux-gnu/9.3.0/../../../../x86_64-pc-linux-gnu/bin/as -v --64 -o CMakeFiles/cmTC_5de06.dir/OpenMPTryFlag.cpp.o /tmp/ccyZFQus.s
GNU assembler version 2.34 (x86_64-pc-linux-gnu) using BFD version (GNU Binutils) 2.34
COMPILER_PATH=/hpc/apps/gcc/9.3.0/libexec/gcc/x86_64-pc-linux-gnu/9.3.0/:/hpc/apps/gcc/9.3.0/libexec/gcc/x86_64-pc-linux-gnu/9.3.0/:/hpc/apps/gcc/9.3.0/libexec/gcc/x86_64-pc-linux-gnu/:/hpc/apps/gcc/9.3.0/lib/gcc/x86_64-pc-linux-gnu/9.3.0/:/hpc/apps/gcc/9.3.0/lib/gcc/x86_64-pc-linux-gnu/:/hpc/apps/gcc/9.3.0/lib/gcc/x86_64-pc-linux-gnu/9.3.0/../../../../x86_64-pc-linux-gnu/bin/
LIBRARY_PATH=/hpc/apps/gcc/9.3.0/lib/gcc/x86_64-pc-linux-gnu/9.3.0/:/hpc/apps/gcc/9.3.0/lib/gcc/x86_64-pc-linux-gnu/9.3.0/../../../../lib64/:/lib/../lib64/:/usr/lib/../lib64/:/hpc/apps/gcc/9.3.0/lib/gcc/x86_64-pc-linux-gnu/9.3.0/../../../../x86_64-pc-linux-gnu/lib/:/hpc/apps/gcc/9.3.0/lib/gcc/x86_64-pc-linux-gnu/9.3.0/../../../:/lib/:/usr/lib/
COLLECT_GCC_OPTIONS='-fopenmp' '-v' '-std=gnu++11' '-o' 'CMakeFiles/cmTC_5de06.dir/OpenMPTryFlag.cpp.o' '-c' '-shared-libgcc' '-mtune=generic' '-march=x86-64' '-pthread'
Linking CXX executable cmTC_5de06
/hpc/apps/cmake/3.22.2/bin/cmake -E cmake_link_script CMakeFiles/cmTC_5de06.dir/link.txt --verbose=1
/hpc/apps/gcc/9.3.0/bin/c++  -fopenmp -v CMakeFiles/cmTC_5de06.dir/OpenMPTryFlag.cpp.o -o cmTC_5de06  -v 
Using built-in specs.
COLLECT_GCC=/hpc/apps/gcc/9.3.0/bin/c++
COLLECT_LTO_WRAPPER=/hpc/apps/gcc/9.3.0/libexec/gcc/x86_64-pc-linux-gnu/9.3.0/lto-wrapper
Target: x86_64-pc-linux-gnu
Configured with: ../gcc-9.3.0/configure --prefix=/hpc/apps/gcc/9.3.0 --enable-ld=default --enable-lto --enable-plugins --with-tune-generic --enable-languages=c,c++,fortran --disable-multilib
Thread model: posix
gcc version 9.3.0 (GCC) 
COMPILER_PATH=/hpc/apps/gcc/9.3.0/libexec/gcc/x86_64-pc-linux-gnu/9.3.0/:/hpc/apps/gcc/9.3.0/libexec/gcc/x86_64-pc-linux-gnu/9.3.0/:/hpc/apps/gcc/9.3.0/libexec/gcc/x86_64-pc-linux-gnu/:/hpc/apps/gcc/9.3.0/lib/gcc/x86_64-pc-linux-gnu/9.3.0/:/hpc/apps/gcc/9.3.0/lib/gcc/x86_64-pc-linux-gnu/:/hpc/apps/gcc/9.3.0/lib/gcc/x86_64-pc-linux-gnu/9.3.0/../../../../x86_64-pc-linux-gnu/bin/
LIBRARY_PATH=/hpc/apps/gcc/9.3.0/lib/gcc/x86_64-pc-linux-gnu/9.3.0/:/hpc/apps/gcc/9.3.0/lib/gcc/x86_64-pc-linux-gnu/9.3.0/../../../../lib64/:/lib/../lib64/:/usr/lib/../lib64/:/hpc/apps/gcc/9.3.0/lib/gcc/x86_64-pc-linux-gnu/9.3.0/../../../../x86_64-pc-linux-gnu/lib/:/hpc/apps/gcc/9.3.0/lib/gcc/x86_64-pc-linux-gnu/9.3.0/../../../:/lib/:/usr/lib/
Reading specs from /hpc/apps/gcc/9.3.0/lib/gcc/x86_64-pc-linux-gnu/9.3.0/../../../../lib64/libgomp.spec
COLLECT_GCC_OPTIONS='-fopenmp' '-v' '-o' 'cmTC_5de06' '-v' '-shared-libgcc' '-mtune=generic' '-march=x86-64' '-pthread'
 /hpc/apps/gcc/9.3.0/libexec/gcc/x86_64-pc-linux-gnu/9.3.0/collect2 -plugin /hpc/apps/gcc/9.3.0/libexec/gcc/x86_64-pc-linux-gnu/9.3.0/liblto_plugin.so -plugin-opt=/hpc/apps/gcc/9.3.0/libexec/gcc/x86_64-pc-linux-gnu/9.3.0/lto-wrapper -plugin-opt=-fresolution=/tmp/ccEntQaz.res -plugin-opt=-pass-through=-lgcc_s -plugin-opt=-pass-through=-lgcc -plugin-opt=-pass-through=-lpthread -plugin-opt=-pass-through=-lc -plugin-opt=-pass-through=-lgcc_s -plugin-opt=-pass-through=-lgcc --eh-frame-hdr -m elf_x86_64 -dynamic-linker /lib64/ld-linux-x86-64.so.2 -o cmTC_5de06 /lib/../lib64/crt1.o /lib/../lib64/crti.o /hpc/apps/gcc/9.3.0/lib/gcc/x86_64-pc-linux-gnu/9.3.0/crtbegin.o -L/hpc/apps/gcc/9.3.0/lib/gcc/x86_64-pc-linux-gnu/9.3.0 -L/hpc/apps/gcc/9.3.0/lib/gcc/x86_64-pc-linux-gnu/9.3.0/../../../../lib64 -L/lib/../lib64 -L/usr/lib/../lib64 -L/hpc/apps/gcc/9.3.0/lib/gcc/x86_64-pc-linux-gnu/9.3.0/../../../../x86_64-pc-linux-gnu/lib -L/hpc/apps/gcc/9.3.0/lib/gcc/x86_64-pc-linux-gnu/9.3.0/../../.. CMakeFiles/cmTC_5de06.dir/OpenMPTryFlag.cpp.o -lstdc++ -lm -lgomp -lgcc_s -lgcc -lpthread -lc -lgcc_s -lgcc /hpc/apps/gcc/9.3.0/lib/gcc/x86_64-pc-linux-gnu/9.3.0/crtend.o /lib/../lib64/crtn.o
COLLECT_GCC_OPTIONS='-fopenmp' '-v' '-o' 'cmTC_5de06' '-v' '-shared-libgcc' '-mtune=generic' '-march=x86-64' '-pthread'
gmake[1]: Leaving directory `/scratch/u/yu89975/fastF/build/CMakeFiles/CMakeTmp'



Parsed CXX OpenMP implicit link information from above output:
  link line regex: [^( *|.*[/\])(ld|CMAKE_LINK_STARTFILE-NOTFOUND|([^/\]+-)?ld|collect2)[^/\]*( |$)]
  ignore line: [Change Dir: /scratch/u/yu89975/fastF/build/CMakeFiles/CMakeTmp]
  ignore line: []
  ignore line: [Run Build Command(s):/usr/bin/gmake -f Makefile cmTC_5de06/fast && /usr/bin/gmake  -f CMakeFiles/cmTC_5de06.dir/build.make CMakeFiles/cmTC_5de06.dir/build]
  ignore line: [gmake[1]: Entering directory `/scratch/u/yu89975/fastF/build/CMakeFiles/CMakeTmp']
  ignore line: [Building CXX object CMakeFiles/cmTC_5de06.dir/OpenMPTryFlag.cpp.o]
  ignore line: [/hpc/apps/gcc/9.3.0/bin/c++   -fopenmp -v -std=gnu++11 -o CMakeFiles/cmTC_5de06.dir/OpenMPTryFlag.cpp.o -c /scratch/u/yu89975/fastF/build/CMakeFiles/FindOpenMP/OpenMPTryFlag.cpp]
  ignore line: [Using built-in specs.]
  ignore line: [COLLECT_GCC=/hpc/apps/gcc/9.3.0/bin/c++]
  ignore line: [Target: x86_64-pc-linux-gnu]
  ignore line: [Configured with: ../gcc-9.3.0/configure --prefix=/hpc/apps/gcc/9.3.0 --enable-ld=default --enable-lto --enable-plugins --with-tune-generic --enable-languages=c,c++,fortran --disable-multilib]
  ignore line: [Thread model: posix]
  ignore line: [gcc version 9.3.0 (GCC) ]
  ignore line: [COLLECT_GCC_OPTIONS='-fopenmp' '-v' '-std=gnu++11' '-o' 'CMakeFiles/cmTC_5de06.dir/OpenMPTryFlag.cpp.o' '-c' '-shared-libgcc' '-mtune=generic' '-march=x86-64' '-pthread']
  ignore line: [ /hpc/apps/gcc/9.3.0/libexec/gcc/x86_64-pc-linux-gnu/9.3.0/cc1plus -quiet -v -D_GNU_SOURCE -D_REENTRANT /scratch/u/yu89975/fastF/build/CMakeFiles/FindOpenMP/OpenMPTryFlag.cpp -quiet -dumpbase OpenMPTryFlag.cpp -mtune=generic -march=x86-64 -auxbase-strip CMakeFiles/cmTC_5de06.dir/OpenMPTryFlag.cpp.o -std=gnu++11 -version -fopenmp -o /tmp/ccyZFQus.s]
  ignore line: [GNU C++11 (GCC) version 9.3.0 (x86_64-pc-linux-gnu)]
  ignore line: [	compiled by GNU C version 9.3.0  GMP version 6.1.0  MPFR version 3.1.4  MPC version 1.0.3  isl version isl-0.18-GMP]
  ignore line: []
  ignore line: [GGC heuristics: --param ggc-min-expand=100 --param ggc-min-heapsize=131072]
  ignore line: [ignoring nonexistent directory "/hpc/apps/gcc/9.3.0/lib/gcc/x86_64-pc-linux-gnu/9.3.0/../../../../x86_64-pc-linux-gnu/include"]
  ignore line: [#include "..." search starts here:]
  ignore line: [#include <...> search starts here:]
  ignore line: [ /hpc/apps/netcdf/gcc/64/4.7.4/include]
  ignore line: [ /hpc/apps/hdf5/openmpi/gcc/64/1.12.0/include]
  ignore line: [ /hpc/apps/boost/openmpi/gcc/1.75.0/include]
  ignore line: [ /hpc/apps/geos/3.9.1/include]
  ignore line: [ /hpc/apps/openmpi/4.1.0/include]
  ignore line: [ /hpc/apps/gcc/9.3.0/lib/gcc/x86_64-pc-linux-gnu/9.3.0/../../../../include/c++/9.3.0]
  ignore line: [ /hpc/apps/gcc/9.3.0/lib/gcc/x86_64-pc-linux-gnu/9.3.0/../../../../include/c++/9.3.0/x86_64-pc-linux-gnu]
  ignore line: [ /hpc/apps/gcc/9.3.0/lib/gcc/x86_64-pc-linux-gnu/9.3.0/../../../../include/c++/9.3.0/backward]
  ignore line: [ /hpc/apps/gcc/9.3.0/lib/gcc/x86_64-pc-linux-gnu/9.3.0/include]
  ignore line: [ /usr/local/include]
  ignore line: [ /hpc/apps/gcc/9.3.0/include]
  ignore line: [ /hpc/apps/gcc/9.3.0/lib/gcc/x86_64-pc-linux-gnu/9.3.0/include-fixed]
  ignore line: [ /usr/include]
  ignore line: [End of search list.]
  ignore line: [GNU C++11 (GCC) version 9.3.0 (x86_64-pc-linux-gnu)]
  ignore line: [	compiled by GNU C version 9.3.0  GMP version 6.1.0  MPFR version 3.1.4  MPC version 1.0.3  isl version isl-0.18-GMP]
  ignore line: []
  ignore line: [GGC heuristics: --param ggc-min-expand=100 --param ggc-min-heapsize=131072]
  ignore line: [Compiler executable checksum: 32e6f857b2a5d9fe4a51c59395c55321]
  ignore line: [COLLECT_GCC_OPTIONS='-fopenmp' '-v' '-std=gnu++11' '-o' 'CMakeFiles/cmTC_5de06.dir/OpenMPTryFlag.cpp.o' '-c' '-shared-libgcc' '-mtune=generic' '-march=x86-64' '-pthread']
  ignore line: [ /hpc/apps/gcc/9.3.0/lib/gcc/x86_64-pc-linux-gnu/9.3.0/../../../../x86_64-pc-linux-gnu/bin/as -v --64 -o CMakeFiles/cmTC_5de06.dir/OpenMPTryFlag.cpp.o /tmp/ccyZFQus.s]
  ignore line: [GNU assembler version 2.34 (x86_64-pc-linux-gnu) using BFD version (GNU Binutils) 2.34]
  ignore line: [COMPILER_PATH=/hpc/apps/gcc/9.3.0/libexec/gcc/x86_64-pc-linux-gnu/9.3.0/:/hpc/apps/gcc/9.3.0/libexec/gcc/x86_64-pc-linux-gnu/9.3.0/:/hpc/apps/gcc/9.3.0/libexec/gcc/x86_64-pc-linux-gnu/:/hpc/apps/gcc/9.3.0/lib/gcc/x86_64-pc-linux-gnu/9.3.0/:/hpc/apps/gcc/9.3.0/lib/gcc/x86_64-pc-linux-gnu/:/hpc/apps/gcc/9.3.0/lib/gcc/x86_64-pc-linux-gnu/9.3.0/../../../../x86_64-pc-linux-gnu/bin/]
  ignore line: [LIBRARY_PATH=/hpc/apps/gcc/9.3.0/lib/gcc/x86_64-pc-linux-gnu/9.3.0/:/hpc/apps/gcc/9.3.0/lib/gcc/x86_64-pc-linux-gnu/9.3.0/../../../../lib64/:/lib/../lib64/:/usr/lib/../lib64/:/hpc/apps/gcc/9.3.0/lib/gcc/x86_64-pc-linux-gnu/9.3.0/../../../../x86_64-pc-linux-gnu/lib/:/hpc/apps/gcc/9.3.0/lib/gcc/x86_64-pc-linux-gnu/9.3.0/../../../:/lib/:/usr/lib/]
  ignore line: [COLLECT_GCC_OPTIONS='-fopenmp' '-v' '-std=gnu++11' '-o' 'CMakeFiles/cmTC_5de06.dir/OpenMPTryFlag.cpp.o' '-c' '-shared-libgcc' '-mtune=generic' '-march=x86-64' '-pthread']
  ignore line: [Linking CXX executable cmTC_5de06]
  ignore line: [/hpc/apps/cmake/3.22.2/bin/cmake -E cmake_link_script CMakeFiles/cmTC_5de06.dir/link.txt --verbose=1]
  ignore line: [/hpc/apps/gcc/9.3.0/bin/c++  -fopenmp -v CMakeFiles/cmTC_5de06.dir/OpenMPTryFlag.cpp.o -o cmTC_5de06  -v ]
  ignore line: [Using built-in specs.]
  ignore line: [COLLECT_GCC=/hpc/apps/gcc/9.3.0/bin/c++]
  ignore line: [COLLECT_LTO_WRAPPER=/hpc/apps/gcc/9.3.0/libexec/gcc/x86_64-pc-linux-gnu/9.3.0/lto-wrapper]
  ignore line: [Target: x86_64-pc-linux-gnu]
  ignore line: [Configured with: ../gcc-9.3.0/configure --prefix=/hpc/apps/gcc/9.3.0 --enable-ld=default --enable-lto --enable-plugins --with-tune-generic --enable-languages=c,c++,fortran --disable-multilib]
  ignore line: [Thread model: posix]
  ignore line: [gcc version 9.3.0 (GCC) ]
  ignore line: [COMPILER_PATH=/hpc/apps/gcc/9.3.0/libexec/gcc/x86_64-pc-linux-gnu/9.3.0/:/hpc/apps/gcc/9.3.0/libexec/gcc/x86_64-pc-linux-gnu/9.3.0/:/hpc/apps/gcc/9.3.0/libexec/gcc/x86_64-pc-linux-gnu/:/hpc/apps/gcc/9.3.0/lib/gcc/x86_64-pc-linux-gnu/9.3.0/:/hpc/apps/gcc/9.3.0/lib/gcc/x86_64-pc-linux-gnu/:/hpc/apps/gcc/9.3.0/lib/gcc/x86_64-pc-linux-gnu/9.3.0/../../../../x86_64-pc-linux-gnu/bin/]
  ignore line: [LIBRARY_PATH=/hpc/apps/gcc/9.3.0/lib/gcc/x86_64-pc-linux-gnu/9.3.0/:/hpc/apps/gcc/9.3.0/lib/gcc/x86_64-pc-linux-gnu/9.3.0/../../../../lib64/:/lib/../lib64/:/usr/lib/../lib64/:/hpc/apps/gcc/9.3.0/lib/gcc/x86_64-pc-linux-gnu/9.3.0/../../../../x86_64-pc-linux-gnu/lib/:/hpc/apps/gcc/9.3.0/lib/gcc/x86_64-pc-linux-gnu/9.3.0/../../../:/lib/:/usr/lib/]
  ignore line: [Reading specs from /hpc/apps/gcc/9.3.0/lib/gcc/x86_64-pc-linux-gnu/9.3.0/../../../../lib64/libgomp.spec]
  ignore line: [COLLECT_GCC_OPTIONS='-fopenmp' '-v' '-o' 'cmTC_5de06' '-v' '-shared-libgcc' '-mtune=generic' '-march=x86-64' '-pthread']
  link line: [ /hpc/apps/gcc/9.3.0/libexec/gcc/x86_64-pc-linux-gnu/9.3.0/collect2 -plugin /hpc/apps/gcc/9.3.0/libexec/gcc/x86_64-pc-linux-gnu/9.3.0/liblto_plugin.so -plugin-opt=/hpc/apps/gcc/9.3.0/libexec/gcc/x86_64-pc-linux-gnu/9.3.0/lto-wrapper -plugin-opt=-fresolution=/tmp/ccEntQaz.res -plugin-opt=-pass-through=-lgcc_s -plugin-opt=-pass-through=-lgcc -plugin-opt=-pass-through=-lpthread -plugin-opt=-pass-through=-lc -plugin-opt=-pass-through=-lgcc_s -plugin-opt=-pass-through=-lgcc --eh-frame-hdr -m elf_x86_64 -dynamic-linker /lib64/ld-linux-x86-64.so.2 -o cmTC_5de06 /lib/../lib64/crt1.o /lib/../lib64/crti.o /hpc/apps/gcc/9.3.0/lib/gcc/x86_64-pc-linux-gnu/9.3.0/crtbegin.o -L/hpc/apps/gcc/9.3.0/lib/gcc/x86_64-pc-linux-gnu/9.3.0 -L/hpc/apps/gcc/9.3.0/lib/gcc/x86_64-pc-linux-gnu/9.3.0/../../../../lib64 -L/lib/../lib64 -L/usr/lib/../lib64 -L/hpc/apps/gcc/9.3.0/lib/gcc/x86_64-pc-linux-gnu/9.3.0/../../../../x86_64-pc-linux-gnu/lib -L/hpc/apps/gcc/9.3.0/lib/gcc/x86_64-pc-linux-gnu/9.3.0/../../.. CMakeFiles/cmTC_5de06.dir/OpenMPTryFlag.cpp.o -lstdc++ -lm -lgomp -lgcc_s -lgcc -lpthread -lc -lgcc_s -lgcc /hpc/apps/gcc/9.3.0/lib/gcc/x86_64-pc-linux-gnu/9.3.0/crtend.o /lib/../lib64/crtn.o]
    arg [/hpc/apps/gcc/9.3.0/libexec/gcc/x86_64-pc-linux-gnu/9.3.0/collect2] ==> ignore
    arg [-plugin] ==> ignore
    arg [/hpc/apps/gcc/9.3.0/libexec/gcc/x86_64-pc-linux-gnu/9.3.0/liblto_plugin.so] ==> ignore
    arg [-plugin-opt=/hpc/apps/gcc/9.3.0/libexec/gcc/x86_64-pc-linux-gnu/9.3.0/lto-wrapper] ==> ignore
    arg [-plugin-opt=-fresolution=/tmp/ccEntQaz.res] ==> ignore
    arg [-plugin-opt=-pass-through=-lgcc_s] ==> ignore
    arg [-plugin-opt=-pass-through=-lgcc] ==> ignore
    arg [-plugin-opt=-pass-through=-lpthread] ==> ignore
    arg [-plugin-opt=-pass-through=-lc] ==> ignore
    arg [-plugin-opt=-pass-through=-lgcc_s] ==> ignore
    arg [-plugin-opt=-pass-through=-lgcc] ==> ignore
    arg [--eh-frame-hdr] ==> ignore
    arg [-m] ==> ignore
    arg [elf_x86_64] ==> ignore
    arg [-dynamic-linker] ==> ignore
    arg [/lib64/ld-linux-x86-64.so.2] ==> ignore
    arg [-o] ==> ignore
    arg [cmTC_5de06] ==> ignore
    arg [-L/hpc/apps/gcc/9.3.0/lib/gcc/x86_64-pc-linux-gnu/9.3.0] ==> dir [/hpc/apps/gcc/9.3.0/lib/gcc/x86_64-pc-linux-gnu/9.3.0]
    arg [-L/hpc/apps/gcc/9.3.0/lib/gcc/x86_64-pc-linux-gnu/9.3.0/../../../../lib64] ==> dir [/hpc/apps/gcc/9.3.0/lib/gcc/x86_64-pc-linux-gnu/9.3.0/../../../../lib64]
    arg [-L/lib/../lib64] ==> dir [/lib/../lib64]
    arg [-L/usr/lib/../lib64] ==> dir [/usr/lib/../lib64]
    arg [-L/hpc/apps/gcc/9.3.0/lib/gcc/x86_64-pc-linux-gnu/9.3.0/../../../../x86_64-pc-linux-gnu/lib] ==> dir [/hpc/apps/gcc/9.3.0/lib/gcc/x86_64-pc-linux-gnu/9.3.0/../../../../x86_64-pc-linux-gnu/lib]
    arg [-L/hpc/apps/gcc/9.3.0/lib/gcc/x86_64-pc-linux-gnu/9.3.0/../../..] ==> dir [/hpc/apps/gcc/9.3.0/lib/gcc/x86_64-pc-linux-gnu/9.3.0/../../..]
    arg [CMakeFiles/cmTC_5de06.dir/OpenMPTryFlag.cpp.o] ==> ignore
    arg [-lstdc++] ==> lib [stdc++]
    arg [-lm] ==> lib [m]
    arg [-lgomp] ==> lib [gomp]
    arg [-lgcc_s] ==> lib [gcc_s]
    arg [-lgcc] ==> lib [gcc]
    arg [-lpthread] ==> lib [pthread]
    arg [-lc] ==> lib [c]
    arg [-lgcc_s] ==> lib [gcc_s]
    arg [-lgcc] ==> lib [gcc]
  collapse library dir [/hpc/apps/gcc/9.3.0/lib/gcc/x86_64-pc-linux-gnu/9.3.0] ==> [/hpc/apps/gcc/9.3.0/lib/gcc/x86_64-pc-linux-gnu/9.3.0]
  collapse library dir [/hpc/apps/gcc/9.3.0/lib/gcc/x86_64-pc-linux-gnu/9.3.0/../../../../lib64] ==> [/hpc/apps/gcc/9.3.0/lib64]
  collapse library dir [/lib/../lib64] ==> [/lib64]
  collapse library dir [/usr/lib/../lib64] ==> [/usr/lib64]
  collapse library dir [/hpc/apps/gcc/9.3.0/lib/gcc/x86_64-pc-linux-gnu/9.3.0/../../../../x86_64-pc-linux-gnu/lib] ==> [/hpc/apps/gcc/9.3.0/x86_64-pc-linux-gnu/lib]
  collapse library dir [/hpc/apps/gcc/9.3.0/lib/gcc/x86_64-pc-linux-gnu/9.3.0/../../..] ==> [/hpc/apps/gcc/9.3.0/lib]
  implicit libs: [stdc++;m;gomp;gcc_s;gcc;pthread;c;gcc_s;gcc]
  implicit objs: []
  implicit dirs: [/hpc/apps/gcc/9.3.0/lib/gcc/x86_64-pc-linux-gnu/9.3.0;/hpc/apps/gcc/9.3.0/lib64;/lib64;/usr/lib64;/hpc/apps/gcc/9.3.0/x86_64-pc-linux-gnu/lib;/hpc/apps/gcc/9.3.0/lib]
  implicit fwks: []


