==22750== Memcheck, a memory error detector
==22750== Copyright (C) 2002-2017, and GNU GPL'd, by Julian Seward et al.
==22750== Using Valgrind-3.16.1-36d6727e1d-20200622X and LibVEX; rerun with -h for copyright info
==22750== Command: convert test.bam rst.csv
==22750== Parent PID: 2037
==22750== 
--22750-- 
--22750-- Valgrind options:
--22750--    --trace-children=yes
--22750--    --show-leak-kinds=all
--22750--    --leak-check=full
--22750--    -v
--22750--    --track-origins=yes
--22750--    --dsymutil=yes
--22750--    --log-file=vg_logfile_%p.out
--22750-- Contents of /proc/version:
--22750--   Linux version 3.10.0-1127.el7.x86_64 (mockbuild@kbuilder.bsys.centos.org) (gcc version 4.8.5 20150623 (Red Hat 4.8.5-39) (GCC) ) #1 SMP Tue Mar 31 23:36:51 UTC 2020
--22750-- 
--22750-- Arch and hwcaps: AMD64, LittleEndian, amd64-cx16-lzcnt-rdtscp-sse3-ssse3-avx-avx2-bmi-f16c-rdrand
--22750-- Page sizes: currently 4096, max supported 4096
--22750-- Valgrind library directory: /hpc/apps/valgrind/3.16.1/lib/valgrind
--22750-- Reading syms from /hpc/apps/imagemagick/7.0.10/bin/magick
--22750-- Reading syms from /usr/lib64/ld-2.17.so
--22750-- Reading syms from /hpc/apps/valgrind/3.16.1/lib/valgrind/memcheck-amd64-linux
--22750--    object doesn't have a dynamic symbol table
--22750-- Scheduler: using generic scheduler lock implementation.
--22750-- Reading suppressions file: /hpc/apps/valgrind/3.16.1/lib/valgrind/default.supp
==22750== embedded gdbserver: reading from /tmp/vgdb-pipe-from-vgdb-to-22750-by-yu89975-on-ln04
==22750== embedded gdbserver: writing to   /tmp/vgdb-pipe-to-vgdb-from-22750-by-yu89975-on-ln04
==22750== embedded gdbserver: shared mem   /tmp/vgdb-pipe-shared-mem-vgdb-22750-by-yu89975-on-ln04
==22750== 
==22750== TO CONTROL THIS PROCESS USING vgdb (which you probably
==22750== don't want to do, unless you know exactly what you're doing,
==22750== or are doing some strange experiment):
==22750==   /hpc/apps/valgrind/3.16.1/lib/valgrind/../../bin/vgdb --pid=22750 ...command...
==22750== 
==22750== TO DEBUG THIS PROCESS USING GDB: start GDB like this
==22750==   /path/to/gdb convert
==22750== and then give GDB the following command
==22750==   target remote | /hpc/apps/valgrind/3.16.1/lib/valgrind/../../bin/vgdb --pid=22750
==22750== --pid is optional if only one valgrind process is running
==22750== 
--22750-- REDIR: 0x4019e30 (ld-linux-x86-64.so.2:strlen) redirected to 0x580cb245 (vgPlain_amd64_linux_REDIR_FOR_strlen)
--22750-- REDIR: 0x4019c00 (ld-linux-x86-64.so.2:index) redirected to 0x580cb25f (vgPlain_amd64_linux_REDIR_FOR_index)
--22750-- Reading syms from /hpc/apps/valgrind/3.16.1/lib/valgrind/vgpreload_core-amd64-linux.so
--22750-- Reading syms from /hpc/apps/valgrind/3.16.1/lib/valgrind/vgpreload_memcheck-amd64-linux.so
==22750== WARNING: new redirection conflicts with existing -- ignoring it
--22750--     old: 0x04019e30 (strlen              ) R-> (0000.0) 0x580cb245 vgPlain_amd64_linux_REDIR_FOR_strlen
--22750--     new: 0x04019e30 (strlen              ) R-> (2007.0) 0x04c2d1b0 strlen
--22750-- REDIR: 0x4019db0 (ld-linux-x86-64.so.2:strcmp) redirected to 0x4c2e300 (strcmp)
--22750-- REDIR: 0x401aa70 (ld-linux-x86-64.so.2:mempcpy) redirected to 0x4c31f90 (mempcpy)
--22750-- Reading syms from /hpc/apps/imagemagick/7.0.10/lib/libMagickCore-7.Q16HDRI.so.8.0.0
--22750-- Reading syms from /hpc/apps/imagemagick/7.0.10/lib/libMagickWand-7.Q16HDRI.so.8.0.0
--22750-- Reading syms from /usr/lib64/libpng15.so.15.13.0
--22750--    object doesn't have a symbol table
--22750-- Reading syms from /usr/lib64/libfontconfig.so.1.11.1
--22750--    object doesn't have a symbol table
--22750-- Reading syms from /usr/lib64/libfreetype.so.6.14.0
--22750--    object doesn't have a symbol table
--22750-- Reading syms from /usr/lib64/libXext.so.6.4.0
--22750--    object doesn't have a symbol table
--22750-- Reading syms from /usr/lib64/libXt.so.6.0.0
--22750--    object doesn't have a symbol table
--22750-- Reading syms from /usr/lib64/liblzma.so.5.2.2
--22750--    object doesn't have a symbol table
--22750-- Reading syms from /usr/lib64/libbz2.so.1.0.6
--22750--    object doesn't have a symbol table
--22750-- Reading syms from /usr/lib64/libxml2.so.2.9.1
--22750--    object doesn't have a symbol table
--22750-- Reading syms from /usr/lib64/libz.so.1.2.7
--22750--    object doesn't have a symbol table
--22750-- Reading syms from /usr/lib64/libpthread-2.17.so
--22750-- Reading syms from /usr/lib64/libSM.so.6.0.1
--22750--    object doesn't have a symbol table
--22750-- Reading syms from /usr/lib64/libICE.so.6.3.0
--22750--    object doesn't have a symbol table
--22750-- Reading syms from /usr/lib64/libX11.so.6.3.0
--22750--    object doesn't have a symbol table
--22750-- Reading syms from /hpc/apps/gcc/9.3.0/lib64/libgomp.so.1.0.0
--22750-- Reading syms from /usr/lib64/libdl-2.17.so
--22750-- Reading syms from /usr/lib64/libm-2.17.so
==22750== Jump to the invalid address stated on the next line
==22750==    at 0x606: ???
==22750==    by 0x400F6A9: _dl_signal_error (in /usr/lib64/ld-2.17.so)
==22750==    by 0x400DDB0: _dl_map_object_deps (in /usr/lib64/ld-2.17.so)
==22750==    by 0x4003681: dl_main (in /usr/lib64/ld-2.17.so)
==22750==    by 0x4017FFD: _dl_sysdep_start (in /usr/lib64/ld-2.17.so)
==22750==    by 0x4001BD0: _dl_start (in /usr/lib64/ld-2.17.so)
==22750==    by 0x4001147: ??? (in /usr/lib64/ld-2.17.so)
==22750==    by 0x2: ???
==22750==    by 0x1FFEFFC9C2: ???
==22750==    by 0x1FFEFFC9CA: ???
==22750==    by 0x1FFEFFC9D3: ???
==22750==  Address 0x606 is not stack'd, malloc'd or (recently) free'd
==22750== 
==22750== 
==22750== Process terminating with default action of signal 11 (SIGSEGV)
==22750==  Bad permissions for mapped region at address 0x606
==22750==    at 0x606: ???
==22750==    by 0x400F6A9: _dl_signal_error (in /usr/lib64/ld-2.17.so)
==22750==    by 0x400DDB0: _dl_map_object_deps (in /usr/lib64/ld-2.17.so)
==22750==    by 0x4003681: dl_main (in /usr/lib64/ld-2.17.so)
==22750==    by 0x4017FFD: _dl_sysdep_start (in /usr/lib64/ld-2.17.so)
==22750==    by 0x4001BD0: _dl_start (in /usr/lib64/ld-2.17.so)
==22750==    by 0x4001147: ??? (in /usr/lib64/ld-2.17.so)
==22750==    by 0x2: ???
==22750==    by 0x1FFEFFC9C2: ???
==22750==    by 0x1FFEFFC9CA: ???
==22750==    by 0x1FFEFFC9D3: ???
==22750== 
==22750== HEAP SUMMARY:
==22750==     in use at exit: 0 bytes in 0 blocks
==22750==   total heap usage: 0 allocs, 0 frees, 0 bytes allocated
==22750== 
==22750== All heap blocks were freed -- no leaks are possible
==22750== 
==22750== ERROR SUMMARY: 1 errors from 1 contexts (suppressed: 0 from 0)
==22750== 
==22750== 1 errors in context 1 of 1:
==22750== Jump to the invalid address stated on the next line
==22750==    at 0x606: ???
==22750==    by 0x400F6A9: _dl_signal_error (in /usr/lib64/ld-2.17.so)
==22750==    by 0x400DDB0: _dl_map_object_deps (in /usr/lib64/ld-2.17.so)
==22750==    by 0x4003681: dl_main (in /usr/lib64/ld-2.17.so)
==22750==    by 0x4017FFD: _dl_sysdep_start (in /usr/lib64/ld-2.17.so)
==22750==    by 0x4001BD0: _dl_start (in /usr/lib64/ld-2.17.so)
==22750==    by 0x4001147: ??? (in /usr/lib64/ld-2.17.so)
==22750==    by 0x2: ???
==22750==    by 0x1FFEFFC9C2: ???
==22750==    by 0x1FFEFFC9CA: ???
==22750==    by 0x1FFEFFC9D3: ???
==22750==  Address 0x606 is not stack'd, malloc'd or (recently) free'd
==22750== 
==22750== ERROR SUMMARY: 1 errors from 1 contexts (suppressed: 0 from 0)
